<?xml version="1.0" encoding="UTF-8"?>
<testsuite name="realEstate.DefinitionTestSuite" time="0.01" tests="8" errors="4" skipped="4" failures="0">
  <properties>
    <property name="java.runtime.name" value="Java(TM) SE Runtime Environment"/>
    <property name="sun.boot.library.path" value="C:\Program Files\Java\jdk1.8.0_73\jre\bin"/>
    <property name="java.vm.version" value="25.73-b02"/>
    <property name="java.vm.vendor" value="Oracle Corporation"/>
    <property name="maven.multiModuleProjectDirectory" value="C:\Users\durai\workspace\re.statestreet"/>
    <property name="java.vendor.url" value="http://java.oracle.com/"/>
    <property name="path.separator" value=";"/>
    <property name="guice.disable.misplaced.annotation.check" value="true"/>
    <property name="java.vm.name" value="Java HotSpot(TM) 64-Bit Server VM"/>
    <property name="file.encoding.pkg" value="sun.io"/>
    <property name="user.script" value=""/>
    <property name="user.country" value="US"/>
    <property name="sun.java.launcher" value="SUN_STANDARD"/>
    <property name="sun.os.patch.level" value=""/>
    <property name="java.vm.specification.name" value="Java Virtual Machine Specification"/>
    <property name="user.dir" value="C:\Users\durai\workspace\re.statestreet"/>
    <property name="java.runtime.version" value="1.8.0_73-b02"/>
    <property name="java.awt.graphicsenv" value="sun.awt.Win32GraphicsEnvironment"/>
    <property name="java.endorsed.dirs" value="C:\Program Files\Java\jdk1.8.0_73\jre\lib\endorsed"/>
    <property name="os.arch" value="amd64"/>
    <property name="java.io.tmpdir" value="C:\Users\durai\AppData\Local\Temp\"/>
    <property name="line.separator" value="&#10;"/>
    <property name="java.vm.specification.vendor" value="Oracle Corporation"/>
    <property name="user.variant" value=""/>
    <property name="os.name" value="Windows 10"/>
    <property name="classworlds.conf" value="C:\apache-maven-3.5.0\bin\..\bin\m2.conf"/>
    <property name="sun.jnu.encoding" value="Cp1252"/>
    <property name="java.library.path" value="C:\Program Files\Java\jdk1.8.0_73\bin;C:\WINDOWS\Sun\Java\bin;C:\WINDOWS\system32;C:\WINDOWS;C:\ProgramData\Oracle\Java\javapath;\BINC:\ProgramData\Oracle\Java\javapath;C:\Windows\system32;C:\Windows;C:\Windows\System32\Wbem;C:\Windows\System32\WindowsPowerShell\v1.0\;C:\Program Files (x86)\NVIDIA Corporation\PhysX\Common;C:\Program Files\Intel\WiFi\bin\;C:\Program Files\Common Files\Intel\WirelessCommon\;C:\WINDOWS\system32;C:\WINDOWS;C:\WINDOWS\System32\Wbem;C:\WINDOWS\System32\WindowsPowerShell\v1.0\;C:\Program Files\Java\jdk1.8.0_73\bin;C:\Program Files\TortoiseSVN\bin;C:\apache-maven-3.5.0\bin;C:\Users\durai\AppData\Local\Microsoft\WindowsApps;;."/>
    <property name="maven.conf" value="C:\apache-maven-3.5.0\bin\../conf"/>
    <property name="java.specification.name" value="Java Platform API Specification"/>
    <property name="java.class.version" value="52.0"/>
    <property name="sun.management.compiler" value="HotSpot 64-Bit Tiered Compilers"/>
    <property name="os.version" value="10.0"/>
    <property name="library.jansi.path" value="C:\apache-maven-3.5.0\bin\..\lib\jansi-native\windows64"/>
    <property name="user.home" value="C:\Users\durai"/>
    <property name="user.timezone" value="America/Chicago"/>
    <property name="java.awt.printerjob" value="sun.awt.windows.WPrinterJob"/>
    <property name="java.specification.version" value="1.8"/>
    <property name="file.encoding" value="Cp1252"/>
    <property name="user.name" value="durai"/>
    <property name="java.class.path" value="C:\apache-maven-3.5.0\bin\..\boot\plexus-classworlds-2.5.2.jar"/>
    <property name="java.vm.specification.version" value="1.8"/>
    <property name="sun.arch.data.model" value="64"/>
    <property name="java.home" value="C:\Program Files\Java\jdk1.8.0_73\jre"/>
    <property name="sun.java.command" value="org.codehaus.plexus.classworlds.launcher.Launcher clean verify"/>
    <property name="java.specification.vendor" value="Oracle Corporation"/>
    <property name="user.language" value="en"/>
    <property name="awt.toolkit" value="sun.awt.windows.WToolkit"/>
    <property name="java.vm.info" value="mixed mode"/>
    <property name="java.version" value="1.8.0_73"/>
    <property name="java.ext.dirs" value="C:\Program Files\Java\jdk1.8.0_73\jre\lib\ext;C:\WINDOWS\Sun\Java\lib\ext"/>
    <property name="sun.boot.class.path" value="C:\Program Files\Java\jdk1.8.0_73\jre\lib\resources.jar;C:\Program Files\Java\jdk1.8.0_73\jre\lib\rt.jar;C:\Program Files\Java\jdk1.8.0_73\jre\lib\sunrsasign.jar;C:\Program Files\Java\jdk1.8.0_73\jre\lib\jsse.jar;C:\Program Files\Java\jdk1.8.0_73\jre\lib\jce.jar;C:\Program Files\Java\jdk1.8.0_73\jre\lib\charsets.jar;C:\Program Files\Java\jdk1.8.0_73\jre\lib\jfr.jar;C:\Program Files\Java\jdk1.8.0_73\jre\classes"/>
    <property name="sun.stderr.encoding" value="cp437"/>
    <property name="java.vendor" value="Oracle Corporation"/>
    <property name="maven.home" value="C:\apache-maven-3.5.0\bin\.."/>
    <property name="file.separator" value="\"/>
    <property name="java.vendor.url.bug" value="http://bugreport.sun.com/bugreport/"/>
    <property name="sun.cpu.endian" value="little"/>
    <property name="sun.io.unicode.encoding" value="UnicodeLittle"/>
    <property name="sun.stdout.encoding" value="cp437"/>
    <property name="sun.desktop" value="windows"/>
    <property name="sun.cpu.isalist" value="amd64"/>
  </properties>
  <testcase name="Given the user is on the Wikionary home page" classname="Scenario: Looking up the definition of &apos;apple&apos;" time="0.003">
    <error message="Could not instantiate class org.openqa.selenium.firefox.FirefoxDriver" type="net.thucydides.core.webdriver.UnsupportedDriverException"><![CDATA[net.thucydides.core.webdriver.UnsupportedDriverException: Could not instantiate class org.openqa.selenium.firefox.FirefoxDriver
	at net.thucydides.core.webdriver.WebDriverFacade.newDriverInstance(WebDriverFacade.java:148)
	at net.thucydides.core.webdriver.WebDriverFacade.newProxyDriver(WebDriverFacade.java:135)
	at net.thucydides.core.webdriver.WebDriverFacade.getProxiedDriver(WebDriverFacade.java:105)
	at net.thucydides.core.webdriver.WebDriverFacade.openIgnoringHtmlUnitScriptErrors(WebDriverFacade.java:180)
	at net.thucydides.core.webdriver.WebDriverFacade.get(WebDriverFacade.java:175)
	at net.serenitybdd.core.pages.PageObject.openPageAtUrl(PageObject.java:829)
	at net.serenitybdd.core.pages.PageObject.open(PageObject.java:739)
	at net.serenitybdd.core.pages.PageObject.open(PageObject.java:727)
	at realEstate.steps.serenity.EndUserSteps.is_the_home_page(EndUserSteps.java:32)
	at realEstate.steps.serenity.EndUserSteps$$EnhancerByCGLIB$$4ca527d5.CGLIB$is_the_home_page$1(<generated>)
	at realEstate.steps.serenity.EndUserSteps$$EnhancerByCGLIB$$4ca527d5$$FastClassByCGLIB$$56c7ca20.invoke(<generated>)
	at net.sf.cglib.proxy.MethodProxy.invokeSuper(MethodProxy.java:228)
	at net.thucydides.core.steps.StepInterceptor.invokeMethod(StepInterceptor.java:372)
	at net.thucydides.core.steps.StepInterceptor.executeTestStepMethod(StepInterceptor.java:357)
	at net.thucydides.core.steps.StepInterceptor.runTestStep(StepInterceptor.java:332)
	at net.thucydides.core.steps.StepInterceptor.testStepResult(StepInterceptor.java:134)
	at net.thucydides.core.steps.StepInterceptor.intercept(StepInterceptor.java:61)
	at realEstate.steps.serenity.EndUserSteps$$EnhancerByCGLIB$$4ca527d5.is_the_home_page(<generated>)
	at realEstate.steps.DefinitionSteps.givenTheUserIsOnTheWikionaryHomePage(DefinitionSteps.java:17)
	at âœ½.Given the user is on the Wikionary home page(src/test/resources/features/consult_dictionary/LookupADefinition.feature:7)
Caused by: net.thucydides.core.webdriver.UnsupportedDriverException: Could not instantiate new webdriver instance of type class org.openqa.selenium.firefox.FirefoxDriver (Failed to connect to binary FirefoxBinary(C:\Program Files (x86)\Mozilla Firefox\firefox.exe) on port 7055; process output follows: 
"userDisabled":false,"appDisabled":false,"descriptor":"C:\\Program Files (x86)\\Mozilla Firefox\\browser\\extensions\\{972ce4c6-7e08-4474-a285-3208198ce6fd}.xpi","installDate":1495380645549,"updateDate":1495380645549,"applyBackgroundUpdates":1,"skinnable":true,"size":8207,"sourceURI":null,"releaseNotesURI":null,"softDisabled":false,"foreignInstall":false,"hasBinaryComponents":false,"strictCompatibility":true,"locales":[],"targetApplications":[{"id":"{ec8030f7-c20a-464f-9b0e-13a3a9e97384}","minVersion":"53.0.3","maxVersion":"53.0.3"}],"targetPlatforms":[],"seen":true,"dependencies":[],"hasEmbeddedWebExtension":false,"userPermissions":null}
1497414010457	addons.xpi	DEBUG	getModTime: Recursive scan of {972ce4c6-7e08-4474-a285-3208198ce6fd}
1497414010458	DeferredSave.extensions.json	DEBUG	Save changes
1497414010458	addons.xpi	DEBUG	Updating database with changes to installed add-ons
1497414010458	addons.xpi-utils	DEBUG	Updating add-on states
1497414010459	addons.xpi-utils	DEBUG	Writing add-ons list
1497414010468	addons.xpi	DEBUG	Registering manifest for C:\Program Files (x86)\Mozilla Firefox\browser\features\aushelper@mozilla.org.xpi
1497414010469	addons.xpi	DEBUG	Calling bootstrap method startup on aushelper@mozilla.org version 2.0
1497414010471	addons.xpi	DEBUG	Registering manifest for C:\Program Files (x86)\Mozilla Firefox\browser\features\e10srollout@mozilla.org.xpi
1497414010472	addons.xpi	DEBUG	Calling bootstrap method startup on e10srollout@mozilla.org version 1.14
1497414010472	addons.xpi	DEBUG	Registering manifest for C:\Program Files (x86)\Mozilla Firefox\browser\features\firefox@getpocket.com.xpi
1497414010473	addons.xpi	DEBUG	Calling bootstrap method startup on firefox@getpocket.com version 1.0.5
1497414010474	addons.xpi	DEBUG	Registering manifest for C:\Program Files (x86)\Mozilla Firefox\browser\features\webcompat@mozilla.org.xpi
1497414010475	addons.xpi	DEBUG	Calling bootstrap method startup on webcompat@mozilla.org version 1.0
1497414010477	addons.manager	DEBUG	Registering shutdown blocker for XPIProvider
1497414010478	addons.manager	DEBUG	Provider finished startup: XPIProvider
1497414010478	addons.manager	DEBUG	Starting provider: LightweightThemeManager
1497414010478	addons.manager	DEBUG	Registering shutdown blocker for LightweightThemeManager
1497414010478	addons.manager	DEBUG	Provider finished startup: LightweightThemeManager
1497414010479	addons.manager	DEBUG	Starting provider: GMPProvider
1497414010483	addons.manager	DEBUG	Registering shutdown blocker for GMPProvider
1497414010483	addons.manager	DEBUG	Provider finished startup: GMPProvider
1497414010483	addons.manager	DEBUG	Starting provider: PluginProvider
1497414010483	addons.manager	DEBUG	Registering shutdown blocker for PluginProvider
1497414010484	addons.manager	DEBUG	Provider finished startup: PluginProvider
1497414010484	addons.manager	DEBUG	Completed startup sequence
1497414015215	addons.manager	DEBUG	Starting provider: <unnamed-provider>
1497414015215	addons.manager	DEBUG	Registering shutdown blocker for <unnamed-provider>
1497414015215	addons.manager	DEBUG	Provider finished startup: <unnamed-provider>
1497414016280	DeferredSave.extensions.json	DEBUG	Write succeeded
1497414016280	addons.xpi-utils	DEBUG	XPI Database saved, setting schema version preference to 19
1497414016280	DeferredSave.extensions.json	DEBUG	Starting timer
1497414016299	addons.repository	DEBUG	No addons.json found.
1497414016299	DeferredSave.addons.json	DEBUG	Save changes
1497414016328	DeferredSave.addons.json	DEBUG	Starting timer
1497414018378	addons.manager	DEBUG	Starting provider: PreviousExperimentProvider
1497414018379	addons.manager	DEBUG	Registering shutdown blocker for PreviousExperimentProvider
1497414018379	addons.manager	DEBUG	Provider finished startup: PreviousExperimentProvider
1497414018382	DeferredSave.extensions.json	DEBUG	Starting write
1497414018383	DeferredSave.addons.json	DEBUG	Starting write
1497414018915	DeferredSave.extensions.json	DEBUG	Write succeeded
1497414019056	DeferredSave.addons.json	DEBUG	Write succeeded

Build info: version: '2.53.1', revision: 'a36b8b1cd5757287168e54b817830adce9b0158d', time: '2016-06-30 19:26:09'
System info: host: 'DESKTOP-FBGLEMR', ip: '192.168.1.238', os.name: 'Windows 10', os.arch: 'amd64', os.version: '10.0', java.version: '1.8.0_73'
Driver info: driver.version: FirefoxDriver
	at net.thucydides.core.webdriver.WebDriverFactory.newWebdriverInstance(WebDriverFactory.java:135)
	at net.thucydides.core.webdriver.WebDriverFacade.newDriverInstance(WebDriverFacade.java:144)
	at net.thucydides.core.webdriver.WebDriverFacade.newProxyDriver(WebDriverFacade.java:135)
	at net.thucydides.core.webdriver.WebDriverFacade.getProxiedDriver(WebDriverFacade.java:105)
	at net.thucydides.core.webdriver.WebDriverFacade.openIgnoringHtmlUnitScriptErrors(WebDriverFacade.java:180)
	at net.thucydides.core.webdriver.WebDriverFacade.get(WebDriverFacade.java:175)
	at net.serenitybdd.core.pages.PageObject.openPageAtUrl(PageObject.java:829)
	at net.serenitybdd.core.pages.PageObject.open(PageObject.java:739)
	at net.serenitybdd.core.pages.PageObject.open(PageObject.java:727)
	at realEstate.steps.serenity.EndUserSteps.is_the_home_page(EndUserSteps.java:32)
	at realEstate.steps.serenity.EndUserSteps$$EnhancerByCGLIB$$4ca527d5.CGLIB$is_the_home_page$1(<generated>)
	at realEstate.steps.serenity.EndUserSteps$$EnhancerByCGLIB$$4ca527d5$$FastClassByCGLIB$$56c7ca20.invoke(<generated>)
	at net.sf.cglib.proxy.MethodProxy.invokeSuper(MethodProxy.java:228)
	at net.thucydides.core.steps.StepInterceptor.invokeMethod(StepInterceptor.java:372)
	at net.thucydides.core.steps.StepInterceptor.executeTestStepMethod(StepInterceptor.java:357)
	at net.thucydides.core.steps.StepInterceptor.runTestStep(StepInterceptor.java:332)
	at net.thucydides.core.steps.StepInterceptor.testStepResult(StepInterceptor.java:134)
	at net.thucydides.core.steps.StepInterceptor.intercept(StepInterceptor.java:61)
	at realEstate.steps.serenity.EndUserSteps$$EnhancerByCGLIB$$4ca527d5.is_the_home_page(<generated>)
	at realEstate.steps.DefinitionSteps.givenTheUserIsOnTheWikionaryHomePage(DefinitionSteps.java:17)
	at sun.reflect.NativeMethodAccessorImpl.invoke0(Native Method)
	at sun.reflect.NativeMethodAccessorImpl.invoke(NativeMethodAccessorImpl.java:62)
	at sun.reflect.DelegatingMethodAccessorImpl.invoke(DelegatingMethodAccessorImpl.java:43)
	at java.lang.reflect.Method.invoke(Method.java:497)
	at cucumber.runtime.Utils$1.call(Utils.java:40)
	at cucumber.runtime.Timeout.timeout(Timeout.java:16)
	at cucumber.runtime.Utils.invoke(Utils.java:34)
	at cucumber.runtime.java.JavaStepDefinition.execute(JavaStepDefinition.java:38)
	at cucumber.runtime.StepDefinitionMatch.runStep(StepDefinitionMatch.java:37)
	at cucumber.runtime.Runtime.runStep(Runtime.java:300)
	at cucumber.runtime.model.StepContainer.runStep(StepContainer.java:44)
	at cucumber.runtime.model.StepContainer.runSteps(StepContainer.java:39)
	at cucumber.runtime.model.CucumberScenario.run(CucumberScenario.java:44)
	at cucumber.runtime.junit.ExecutionUnitRunner.run(ExecutionUnitRunner.java:102)
	at cucumber.runtime.junit.FeatureRunner.runChild(FeatureRunner.java:63)
	at cucumber.runtime.junit.FeatureRunner.runChild(FeatureRunner.java:18)
	at org.junit.runners.ParentRunner$3.run(ParentRunner.java:290)
	at org.junit.runners.ParentRunner$1.schedule(ParentRunner.java:71)
	at org.junit.runners.ParentRunner.runChildren(ParentRunner.java:288)
	at org.junit.runners.ParentRunner.access$000(ParentRunner.java:58)
	at org.junit.runners.ParentRunner$2.evaluate(ParentRunner.java:268)
	at org.junit.runners.ParentRunner.run(ParentRunner.java:363)
	at cucumber.runtime.junit.FeatureRunner.run(FeatureRunner.java:70)
	at cucumber.api.junit.Cucumber.runChild(Cucumber.java:95)
	at cucumber.api.junit.Cucumber.runChild(Cucumber.java:38)
	at org.junit.runners.ParentRunner$3.run(ParentRunner.java:290)
	at org.junit.runners.ParentRunner$1.schedule(ParentRunner.java:71)
	at org.junit.runners.ParentRunner.runChildren(ParentRunner.java:288)
	at org.junit.runners.ParentRunner.access$000(ParentRunner.java:58)
	at org.junit.runners.ParentRunner$2.evaluate(ParentRunner.java:268)
	at org.junit.runners.ParentRunner.run(ParentRunner.java:363)
	at cucumber.api.junit.Cucumber.run(Cucumber.java:100)
	at org.apache.maven.surefire.junit4.JUnit4Provider.execute(JUnit4Provider.java:283)
	at org.apache.maven.surefire.junit4.JUnit4Provider.executeWithRerun(JUnit4Provider.java:173)
	at org.apache.maven.surefire.junit4.JUnit4Provider.executeTestSet(JUnit4Provider.java:153)
	at org.apache.maven.surefire.junit4.JUnit4Provider.invoke(JUnit4Provider.java:128)
	at org.apache.maven.surefire.booter.ForkedBooter.invokeProviderInSameClassLoader(ForkedBooter.java:203)
	at org.apache.maven.surefire.booter.ForkedBooter.runSuitesInProcess(ForkedBooter.java:155)
	at org.apache.maven.surefire.booter.ForkedBooter.main(ForkedBooter.java:103)
Caused by: org.openqa.selenium.WebDriverException: Failed to connect to binary FirefoxBinary(C:\Program Files (x86)\Mozilla Firefox\firefox.exe) on port 7055; process output follows: 
"userDisabled":false,"appDisabled":false,"descriptor":"C:\\Program Files (x86)\\Mozilla Firefox\\browser\\extensions\\{972ce4c6-7e08-4474-a285-3208198ce6fd}.xpi","installDate":1495380645549,"updateDate":1495380645549,"applyBackgroundUpdates":1,"skinnable":true,"size":8207,"sourceURI":null,"releaseNotesURI":null,"softDisabled":false,"foreignInstall":false,"hasBinaryComponents":false,"strictCompatibility":true,"locales":[],"targetApplications":[{"id":"{ec8030f7-c20a-464f-9b0e-13a3a9e97384}","minVersion":"53.0.3","maxVersion":"53.0.3"}],"targetPlatforms":[],"seen":true,"dependencies":[],"hasEmbeddedWebExtension":false,"userPermissions":null}
1497414010457	addons.xpi	DEBUG	getModTime: Recursive scan of {972ce4c6-7e08-4474-a285-3208198ce6fd}
1497414010458	DeferredSave.extensions.json	DEBUG	Save changes
1497414010458	addons.xpi	DEBUG	Updating database with changes to installed add-ons
1497414010458	addons.xpi-utils	DEBUG	Updating add-on states
1497414010459	addons.xpi-utils	DEBUG	Writing add-ons list
1497414010468	addons.xpi	DEBUG	Registering manifest for C:\Program Files (x86)\Mozilla Firefox\browser\features\aushelper@mozilla.org.xpi
1497414010469	addons.xpi	DEBUG	Calling bootstrap method startup on aushelper@mozilla.org version 2.0
1497414010471	addons.xpi	DEBUG	Registering manifest for C:\Program Files (x86)\Mozilla Firefox\browser\features\e10srollout@mozilla.org.xpi
1497414010472	addons.xpi	DEBUG	Calling bootstrap method startup on e10srollout@mozilla.org version 1.14
1497414010472	addons.xpi	DEBUG	Registering manifest for C:\Program Files (x86)\Mozilla Firefox\browser\features\firefox@getpocket.com.xpi
1497414010473	addons.xpi	DEBUG	Calling bootstrap method startup on firefox@getpocket.com version 1.0.5
1497414010474	addons.xpi	DEBUG	Registering manifest for C:\Program Files (x86)\Mozilla Firefox\browser\features\webcompat@mozilla.org.xpi
1497414010475	addons.xpi	DEBUG	Calling bootstrap method startup on webcompat@mozilla.org version 1.0
1497414010477	addons.manager	DEBUG	Registering shutdown blocker for XPIProvider
1497414010478	addons.manager	DEBUG	Provider finished startup: XPIProvider
1497414010478	addons.manager	DEBUG	Starting provider: LightweightThemeManager
1497414010478	addons.manager	DEBUG	Registering shutdown blocker for LightweightThemeManager
1497414010478	addons.manager	DEBUG	Provider finished startup: LightweightThemeManager
1497414010479	addons.manager	DEBUG	Starting provider: GMPProvider
1497414010483	addons.manager	DEBUG	Registering shutdown blocker for GMPProvider
1497414010483	addons.manager	DEBUG	Provider finished startup: GMPProvider
1497414010483	addons.manager	DEBUG	Starting provider: PluginProvider
1497414010483	addons.manager	DEBUG	Registering shutdown blocker for PluginProvider
1497414010484	addons.manager	DEBUG	Provider finished startup: PluginProvider
1497414010484	addons.manager	DEBUG	Completed startup sequence
1497414015215	addons.manager	DEBUG	Starting provider: <unnamed-provider>
1497414015215	addons.manager	DEBUG	Registering shutdown blocker for <unnamed-provider>
1497414015215	addons.manager	DEBUG	Provider finished startup: <unnamed-provider>
1497414016280	DeferredSave.extensions.json	DEBUG	Write succeeded
1497414016280	addons.xpi-utils	DEBUG	XPI Database saved, setting schema version preference to 19
1497414016280	DeferredSave.extensions.json	DEBUG	Starting timer
1497414016299	addons.repository	DEBUG	No addons.json found.
1497414016299	DeferredSave.addons.json	DEBUG	Save changes
1497414016328	DeferredSave.addons.json	DEBUG	Starting timer
1497414018378	addons.manager	DEBUG	Starting provider: PreviousExperimentProvider
1497414018379	addons.manager	DEBUG	Registering shutdown blocker for PreviousExperimentProvider
1497414018379	addons.manager	DEBUG	Provider finished startup: PreviousExperimentProvider
1497414018382	DeferredSave.extensions.json	DEBUG	Starting write
1497414018383	DeferredSave.addons.json	DEBUG	Starting write
1497414018915	DeferredSave.extensions.json	DEBUG	Write succeeded
1497414019056	DeferredSave.addons.json	DEBUG	Write succeeded

Build info: version: '2.53.1', revision: 'a36b8b1cd5757287168e54b817830adce9b0158d', time: '2016-06-30 19:26:09'
System info: host: 'DESKTOP-FBGLEMR', ip: '192.168.1.238', os.name: 'Windows 10', os.arch: 'amd64', os.version: '10.0', java.version: '1.8.0_73'
Driver info: driver.version: FirefoxDriver
	at org.openqa.selenium.firefox.internal.NewProfileExtensionConnection.start(NewProfileExtensionConnection.java:125)
	at org.openqa.selenium.firefox.FirefoxDriver.startClient(FirefoxDriver.java:271)
	at org.openqa.selenium.remote.RemoteWebDriver.<init>(RemoteWebDriver.java:119)
	at org.openqa.selenium.firefox.FirefoxDriver.<init>(FirefoxDriver.java:216)
	at org.openqa.selenium.firefox.FirefoxDriver.<init>(FirefoxDriver.java:211)
	at org.openqa.selenium.firefox.FirefoxDriver.<init>(FirefoxDriver.java:128)
	at net.serenitybdd.core.webdriver.driverproviders.FirefoxDriverProvider.newFirefoxDriver(FirefoxDriverProvider.java:67)
	at net.serenitybdd.core.webdriver.driverproviders.FirefoxDriverProvider.newInstance(FirefoxDriverProvider.java:51)
	at net.thucydides.core.webdriver.WebDriverFactory.newWebdriverInstance(WebDriverFactory.java:125)
	at net.thucydides.core.webdriver.WebDriverFacade.newDriverInstance(WebDriverFacade.java:144)
	at net.thucydides.core.webdriver.WebDriverFacade.newProxyDriver(WebDriverFacade.java:135)
	at net.thucydides.core.webdriver.WebDriverFacade.getProxiedDriver(WebDriverFacade.java:105)
	at net.thucydides.core.webdriver.WebDriverFacade.openIgnoringHtmlUnitScriptErrors(WebDriverFacade.java:180)
	at net.thucydides.core.webdriver.WebDriverFacade.get(WebDriverFacade.java:175)
	at net.serenitybdd.core.pages.PageObject.openPageAtUrl(PageObject.java:829)
	at net.serenitybdd.core.pages.PageObject.open(PageObject.java:739)
	at net.serenitybdd.core.pages.PageObject.open(PageObject.java:727)
	at realEstate.steps.serenity.EndUserSteps.is_the_home_page(EndUserSteps.java:32)
	at realEstate.steps.serenity.EndUserSteps$$EnhancerByCGLIB$$4ca527d5.CGLIB$is_the_home_page$1(<generated>)
	at realEstate.steps.serenity.EndUserSteps$$EnhancerByCGLIB$$4ca527d5$$FastClassByCGLIB$$56c7ca20.invoke(<generated>)
	at net.sf.cglib.proxy.MethodProxy.invokeSuper(MethodProxy.java:228)
	at net.thucydides.core.steps.StepInterceptor.invokeMethod(StepInterceptor.java:372)
	at net.thucydides.core.steps.StepInterceptor.executeTestStepMethod(StepInterceptor.java:357)
	at net.thucydides.core.steps.StepInterceptor.runTestStep(StepInterceptor.java:332)
	at net.thucydides.core.steps.StepInterceptor.testStepResult(StepInterceptor.java:134)
	at net.thucydides.core.steps.StepInterceptor.intercept(StepInterceptor.java:61)
	at realEstate.steps.serenity.EndUserSteps$$EnhancerByCGLIB$$4ca527d5.is_the_home_page(<generated>)
	at realEstate.steps.DefinitionSteps.givenTheUserIsOnTheWikionaryHomePage(DefinitionSteps.java:17)
	at sun.reflect.NativeMethodAccessorImpl.invoke0(Native Method)
	at sun.reflect.NativeMethodAccessorImpl.invoke(NativeMethodAccessorImpl.java:62)
	at sun.reflect.DelegatingMethodAccessorImpl.invoke(DelegatingMethodAccessorImpl.java:43)
	at java.lang.reflect.Method.invoke(Method.java:497)
	at cucumber.runtime.Utils$1.call(Utils.java:40)
	at cucumber.runtime.Timeout.timeout(Timeout.java:16)
	at cucumber.runtime.Utils.invoke(Utils.java:34)
	at cucumber.runtime.java.JavaStepDefinition.execute(JavaStepDefinition.java:38)
	at cucumber.runtime.StepDefinitionMatch.runStep(StepDefinitionMatch.java:37)
	at cucumber.runtime.Runtime.runStep(Runtime.java:300)
	at cucumber.runtime.model.StepContainer.runStep(StepContainer.java:44)
	at cucumber.runtime.model.StepContainer.runSteps(StepContainer.java:39)
	at cucumber.runtime.model.CucumberScenario.run(CucumberScenario.java:44)
	at cucumber.runtime.junit.ExecutionUnitRunner.run(ExecutionUnitRunner.java:102)
	at cucumber.runtime.junit.FeatureRunner.runChild(FeatureRunner.java:63)
	at cucumber.runtime.junit.FeatureRunner.runChild(FeatureRunner.java:18)
	at org.junit.runners.ParentRunner$3.run(ParentRunner.java:290)
	at org.junit.runners.ParentRunner$1.schedule(ParentRunner.java:71)
	at org.junit.runners.ParentRunner.runChildren(ParentRunner.java:288)
	at org.junit.runners.ParentRunner.access$000(ParentRunner.java:58)
	at org.junit.runners.ParentRunner$2.evaluate(ParentRunner.java:268)
	at org.junit.runners.ParentRunner.run(ParentRunner.java:363)
	at cucumber.runtime.junit.FeatureRunner.run(FeatureRunner.java:70)
	at cucumber.api.junit.Cucumber.runChild(Cucumber.java:95)
	at cucumber.api.junit.Cucumber.runChild(Cucumber.java:38)
	at org.junit.runners.ParentRunner$3.run(ParentRunner.java:290)
	at org.junit.runners.ParentRunner$1.schedule(ParentRunner.java:71)
	at org.junit.runners.ParentRunner.runChildren(ParentRunner.java:288)
	at org.junit.runners.ParentRunner.access$000(ParentRunner.java:58)
	at org.junit.runners.ParentRunner$2.evaluate(ParentRunner.java:268)
	at org.junit.runners.ParentRunner.run(ParentRunner.java:363)
	at cucumber.api.junit.Cucumber.run(Cucumber.java:100)
	at org.apache.maven.surefire.junit4.JUnit4Provider.execute(JUnit4Provider.java:283)
	at org.apache.maven.surefire.junit4.JUnit4Provider.executeWithRerun(JUnit4Provider.java:173)
	at org.apache.maven.surefire.junit4.JUnit4Provider.executeTestSet(JUnit4Provider.java:153)
	at org.apache.maven.surefire.junit4.JUnit4Provider.invoke(JUnit4Provider.java:128)
	at org.apache.maven.surefire.booter.ForkedBooter.invokeProviderInSameClassLoader(ForkedBooter.java:203)
	at org.apache.maven.surefire.booter.ForkedBooter.runSuitesInProcess(ForkedBooter.java:155)
	at org.apache.maven.surefire.booter.ForkedBooter.main(ForkedBooter.java:103)
Caused by: org.openqa.selenium.firefox.NotConnectedException: Unable to connect to host 127.0.0.1 on port 7055 after 45000 ms. Firefox console output:
"userDisabled":false,"appDisabled":false,"descriptor":"C:\\Program Files (x86)\\Mozilla Firefox\\browser\\extensions\\{972ce4c6-7e08-4474-a285-3208198ce6fd}.xpi","installDate":1495380645549,"updateDate":1495380645549,"applyBackgroundUpdates":1,"skinnable":true,"size":8207,"sourceURI":null,"releaseNotesURI":null,"softDisabled":false,"foreignInstall":false,"hasBinaryComponents":false,"strictCompatibility":true,"locales":[],"targetApplications":[{"id":"{ec8030f7-c20a-464f-9b0e-13a3a9e97384}","minVersion":"53.0.3","maxVersion":"53.0.3"}],"targetPlatforms":[],"seen":true,"dependencies":[],"hasEmbeddedWebExtension":false,"userPermissions":null}
1497414010457	addons.xpi	DEBUG	getModTime: Recursive scan of {972ce4c6-7e08-4474-a285-3208198ce6fd}
1497414010458	DeferredSave.extensions.json	DEBUG	Save changes
1497414010458	addons.xpi	DEBUG	Updating database with changes to installed add-ons
1497414010458	addons.xpi-utils	DEBUG	Updating add-on states
1497414010459	addons.xpi-utils	DEBUG	Writing add-ons list
1497414010468	addons.xpi	DEBUG	Registering manifest for C:\Program Files (x86)\Mozilla Firefox\browser\features\aushelper@mozilla.org.xpi
1497414010469	addons.xpi	DEBUG	Calling bootstrap method startup on aushelper@mozilla.org version 2.0
1497414010471	addons.xpi	DEBUG	Registering manifest for C:\Program Files (x86)\Mozilla Firefox\browser\features\e10srollout@mozilla.org.xpi
1497414010472	addons.xpi	DEBUG	Calling bootstrap method startup on e10srollout@mozilla.org version 1.14
1497414010472	addons.xpi	DEBUG	Registering manifest for C:\Program Files (x86)\Mozilla Firefox\browser\features\firefox@getpocket.com.xpi
1497414010473	addons.xpi	DEBUG	Calling bootstrap method startup on firefox@getpocket.com version 1.0.5
1497414010474	addons.xpi	DEBUG	Registering manifest for C:\Program Files (x86)\Mozilla Firefox\browser\features\webcompat@mozilla.org.xpi
1497414010475	addons.xpi	DEBUG	Calling bootstrap method startup on webcompat@mozilla.org version 1.0
1497414010477	addons.manager	DEBUG	Registering shutdown blocker for XPIProvider
1497414010478	addons.manager	DEBUG	Provider finished startup: XPIProvider
1497414010478	addons.manager	DEBUG	Starting provider: LightweightThemeManager
1497414010478	addons.manager	DEBUG	Registering shutdown blocker for LightweightThemeManager
1497414010478	addons.manager	DEBUG	Provider finished startup: LightweightThemeManager
1497414010479	addons.manager	DEBUG	Starting provider: GMPProvider
1497414010483	addons.manager	DEBUG	Registering shutdown blocker for GMPProvider
1497414010483	addons.manager	DEBUG	Provider finished startup: GMPProvider
1497414010483	addons.manager	DEBUG	Starting provider: PluginProvider
1497414010483	addons.manager	DEBUG	Registering shutdown blocker for PluginProvider
1497414010484	addons.manager	DEBUG	Provider finished startup: PluginProvider
1497414010484	addons.manager	DEBUG	Completed startup sequence
1497414015215	addons.manager	DEBUG	Starting provider: <unnamed-provider>
1497414015215	addons.manager	DEBUG	Registering shutdown blocker for <unnamed-provider>
1497414015215	addons.manager	DEBUG	Provider finished startup: <unnamed-provider>
1497414016280	DeferredSave.extensions.json	DEBUG	Write succeeded
1497414016280	addons.xpi-utils	DEBUG	XPI Database saved, setting schema version preference to 19
1497414016280	DeferredSave.extensions.json	DEBUG	Starting timer
1497414016299	addons.repository	DEBUG	No addons.json found.
1497414016299	DeferredSave.addons.json	DEBUG	Save changes
1497414016328	DeferredSave.addons.json	DEBUG	Starting timer
1497414018378	addons.manager	DEBUG	Starting provider: PreviousExperimentProvider
1497414018379	addons.manager	DEBUG	Registering shutdown blocker for PreviousExperimentProvider
1497414018379	addons.manager	DEBUG	Provider finished startup: PreviousExperimentProvider
1497414018382	DeferredSave.extensions.json	DEBUG	Starting write
1497414018383	DeferredSave.addons.json	DEBUG	Starting write
1497414018915	DeferredSave.extensions.json	DEBUG	Write succeeded
1497414019056	DeferredSave.addons.json	DEBUG	Write succeeded

	at org.openqa.selenium.firefox.internal.NewProfileExtensionConnection.start(NewProfileExtensionConnection.java:113)
	at org.openqa.selenium.firefox.FirefoxDriver.startClient(FirefoxDriver.java:271)
	at org.openqa.selenium.remote.RemoteWebDriver.<init>(RemoteWebDriver.java:119)
	at org.openqa.selenium.firefox.FirefoxDriver.<init>(FirefoxDriver.java:216)
	at org.openqa.selenium.firefox.FirefoxDriver.<init>(FirefoxDriver.java:211)
	at org.openqa.selenium.firefox.FirefoxDriver.<init>(FirefoxDriver.java:128)
	at net.serenitybdd.core.webdriver.driverproviders.FirefoxDriverProvider.newFirefoxDriver(FirefoxDriverProvider.java:67)
	at net.serenitybdd.core.webdriver.driverproviders.FirefoxDriverProvider.newInstance(FirefoxDriverProvider.java:51)
	at net.thucydides.core.webdriver.WebDriverFactory.newWebdriverInstance(WebDriverFactory.java:125)
	at net.thucydides.core.webdriver.WebDriverFacade.newDriverInstance(WebDriverFacade.java:144)
	at net.thucydides.core.webdriver.WebDriverFacade.newProxyDriver(WebDriverFacade.java:135)
	at net.thucydides.core.webdriver.WebDriverFacade.getProxiedDriver(WebDriverFacade.java:105)
	at net.thucydides.core.webdriver.WebDriverFacade.openIgnoringHtmlUnitScriptErrors(WebDriverFacade.java:180)
	at net.thucydides.core.webdriver.WebDriverFacade.get(WebDriverFacade.java:175)
	at net.serenitybdd.core.pages.PageObject.openPageAtUrl(PageObject.java:829)
	at net.serenitybdd.core.pages.PageObject.open(PageObject.java:739)
	at net.serenitybdd.core.pages.PageObject.open(PageObject.java:727)
	at realEstate.steps.serenity.EndUserSteps.is_the_home_page(EndUserSteps.java:32)
	at realEstate.steps.serenity.EndUserSteps$$EnhancerByCGLIB$$4ca527d5.CGLIB$is_the_home_page$1(<generated>)
	at realEstate.steps.serenity.EndUserSteps$$EnhancerByCGLIB$$4ca527d5$$FastClassByCGLIB$$56c7ca20.invoke(<generated>)
	at net.sf.cglib.proxy.MethodProxy.invokeSuper(MethodProxy.java:228)
	at net.thucydides.core.steps.StepInterceptor.invokeMethod(StepInterceptor.java:372)
	at net.thucydides.core.steps.StepInterceptor.executeTestStepMethod(StepInterceptor.java:357)
	at net.thucydides.core.steps.StepInterceptor.runTestStep(StepInterceptor.java:332)
	at net.thucydides.core.steps.StepInterceptor.testStepResult(StepInterceptor.java:134)
	at net.thucydides.core.steps.StepInterceptor.intercept(StepInterceptor.java:61)
	at realEstate.steps.serenity.EndUserSteps$$EnhancerByCGLIB$$4ca527d5.is_the_home_page(<generated>)
	at realEstate.steps.DefinitionSteps.givenTheUserIsOnTheWikionaryHomePage(DefinitionSteps.java:17)
	at sun.reflect.NativeMethodAccessorImpl.invoke0(Native Method)
	at sun.reflect.NativeMethodAccessorImpl.invoke(NativeMethodAccessorImpl.java:62)
	at sun.reflect.DelegatingMethodAccessorImpl.invoke(DelegatingMethodAccessorImpl.java:43)
	at java.lang.reflect.Method.invoke(Method.java:497)
	at cucumber.runtime.Utils$1.call(Utils.java:40)
	at cucumber.runtime.Timeout.timeout(Timeout.java:16)
	at cucumber.runtime.Utils.invoke(Utils.java:34)
	at cucumber.runtime.java.JavaStepDefinition.execute(JavaStepDefinition.java:38)
	at cucumber.runtime.StepDefinitionMatch.runStep(StepDefinitionMatch.java:37)
	at cucumber.runtime.Runtime.runStep(Runtime.java:300)
	at cucumber.runtime.model.StepContainer.runStep(StepContainer.java:44)
	at cucumber.runtime.model.StepContainer.runSteps(StepContainer.java:39)
	at cucumber.runtime.model.CucumberScenario.run(CucumberScenario.java:44)
	at cucumber.runtime.junit.ExecutionUnitRunner.run(ExecutionUnitRunner.java:102)
	at cucumber.runtime.junit.FeatureRunner.runChild(FeatureRunner.java:63)
	at cucumber.runtime.junit.FeatureRunner.runChild(FeatureRunner.java:18)
	at org.junit.runners.ParentRunner$3.run(ParentRunner.java:290)
	at org.junit.runners.ParentRunner$1.schedule(ParentRunner.java:71)
	at org.junit.runners.ParentRunner.runChildren(ParentRunner.java:288)
	at org.junit.runners.ParentRunner.access$000(ParentRunner.java:58)
	at org.junit.runners.ParentRunner$2.evaluate(ParentRunner.java:268)
	at org.junit.runners.ParentRunner.run(ParentRunner.java:363)
	at cucumber.runtime.junit.FeatureRunner.run(FeatureRunner.java:70)
	at cucumber.api.junit.Cucumber.runChild(Cucumber.java:95)
	at cucumber.api.junit.Cucumber.runChild(Cucumber.java:38)
	at org.junit.runners.ParentRunner$3.run(ParentRunner.java:290)
	at org.junit.runners.ParentRunner$1.schedule(ParentRunner.java:71)
	at org.junit.runners.ParentRunner.runChildren(ParentRunner.java:288)
	at org.junit.runners.ParentRunner.access$000(ParentRunner.java:58)
	at org.junit.runners.ParentRunner$2.evaluate(ParentRunner.java:268)
	at org.junit.runners.ParentRunner.run(ParentRunner.java:363)
	at cucumber.api.junit.Cucumber.run(Cucumber.java:100)
	at org.apache.maven.surefire.junit4.JUnit4Provider.execute(JUnit4Provider.java:283)
	at org.apache.maven.surefire.junit4.JUnit4Provider.executeWithRerun(JUnit4Provider.java:173)
	at org.apache.maven.surefire.junit4.JUnit4Provider.executeTestSet(JUnit4Provider.java:153)
	at org.apache.maven.surefire.junit4.JUnit4Provider.invoke(JUnit4Provider.java:128)
	at org.apache.maven.surefire.booter.ForkedBooter.invokeProviderInSameClassLoader(ForkedBooter.java:203)
	at org.apache.maven.surefire.booter.ForkedBooter.runSuitesInProcess(ForkedBooter.java:155)
	at org.apache.maven.surefire.booter.ForkedBooter.main(ForkedBooter.java:103)
]]></error>
    <system-err><![CDATA[[main] INFO net.thucydides.core.util.PropertiesFileLocalPreferences - serenity.project.name=Demo Project using Serenity and Cucumber
[main] INFO net.thucydides.core.util.PropertiesFileLocalPreferences - serenity.requirement.types=feature, story
[main] INFO net.serenitybdd.core.Serenity - 

-------------------------------------------------------------------------------------
     _______. _______ .______       _______ .__   __.  __  .___________.____    ____ 
    /       ||   ____||   _  \     |   ____||  \ |  | |  | |           |\   \  /   / 
   |   (----`|  |__   |  |_)  |    |  |__   |   \|  | |  | `---|  |----` \   \/   /  
    \   \    |   __|  |      /     |   __|  |  . `  | |  |     |  |       \_    _/   
.----)   |   |  |____ |  |\  \----.|  |____ |  |\   | |  |     |  |         |  |     
|_______/    |_______|| _| `._____||_______||__| \__| |__|     |__|         |__|    
-------------------------------------------------------------------------------------

[main] INFO net.serenitybdd.core.Serenity - Test Suite Started: Lookup a definition
[main] INFO net.serenitybdd.core.Serenity - 
 _____ _____ ____ _____   ____ _____  _    ____ _____ _____ ____  
|_   _| ____/ ___|_   _| / ___|_   _|/ \  |  _ \_   _| ____|  _ \ 
  | | |  _| \___ \ | |   \___ \ | | / _ \ | |_) || | |  _| | | | |
  | | | |___ ___) || |    ___) || |/ ___ \|  _ < | | | |___| |_| |
  |_| |_____|____/ |_|   |____/ |_/_/   \_\_| \_\|_| |_____|____/ 
                                                                  

TEST STARTED: Looking up the definition of 'apple'
-------------------------------------------------------------------
org.openqa.selenium.firefox.NotConnectedException: Unable to connect to host 127.0.0.1 on port 7055 after 45000 ms. Firefox console output:
"userDisabled":false,"appDisabled":false,"descriptor":"C:\\Program Files (x86)\\Mozilla Firefox\\browser\\extensions\\{972ce4c6-7e08-4474-a285-3208198ce6fd}.xpi","installDate":1495380645549,"updateDate":1495380645549,"applyBackgroundUpdates":1,"skinnable":true,"size":8207,"sourceURI":null,"releaseNotesURI":null,"softDisabled":false,"foreignInstall":false,"hasBinaryComponents":false,"strictCompatibility":true,"locales":[],"targetApplications":[{"id":"{ec8030f7-c20a-464f-9b0e-13a3a9e97384}","minVersion":"53.0.3","maxVersion":"53.0.3"}],"targetPlatforms":[],"seen":true,"dependencies":[],"hasEmbeddedWebExtension":false,"userPermissions":null}
1497414010457	addons.xpi	DEBUG	getModTime: Recursive scan of {972ce4c6-7e08-4474-a285-3208198ce6fd}
1497414010458	DeferredSave.extensions.json	DEBUG	Save changes
1497414010458	addons.xpi	DEBUG	Updating database with changes to installed add-ons
1497414010458	addons.xpi-utils	DEBUG	Updating add-on states
1497414010459	addons.xpi-utils	DEBUG	Writing add-ons list
1497414010468	addons.xpi	DEBUG	Registering manifest for C:\Program Files (x86)\Mozilla Firefox\browser\features\aushelper@mozilla.org.xpi
1497414010469	addons.xpi	DEBUG	Calling bootstrap method startup on aushelper@mozilla.org version 2.0
1497414010471	addons.xpi	DEBUG	Registering manifest for C:\Program Files (x86)\Mozilla Firefox\browser\features\e10srollout@mozilla.org.xpi
1497414010472	addons.xpi	DEBUG	Calling bootstrap method startup on e10srollout@mozilla.org version 1.14
1497414010472	addons.xpi	DEBUG	Registering manifest for C:\Program Files (x86)\Mozilla Firefox\browser\features\firefox@getpocket.com.xpi
1497414010473	addons.xpi	DEBUG	Calling bootstrap method startup on firefox@getpocket.com version 1.0.5
1497414010474	addons.xpi	DEBUG	Registering manifest for C:\Program Files (x86)\Mozilla Firefox\browser\features\webcompat@mozilla.org.xpi
1497414010475	addons.xpi	DEBUG	Calling bootstrap method startup on webcompat@mozilla.org version 1.0
1497414010477	addons.manager	DEBUG	Registering shutdown blocker for XPIProvider
1497414010478	addons.manager	DEBUG	Provider finished startup: XPIProvider
1497414010478	addons.manager	DEBUG	Starting provider: LightweightThemeManager
1497414010478	addons.manager	DEBUG	Registering shutdown blocker for LightweightThemeManager
1497414010478	addons.manager	DEBUG	Provider finished startup: LightweightThemeManager
1497414010479	addons.manager	DEBUG	Starting provider: GMPProvider
1497414010483	addons.manager	DEBUG	Registering shutdown blocker for GMPProvider
1497414010483	addons.manager	DEBUG	Provider finished startup: GMPProvider
1497414010483	addons.manager	DEBUG	Starting provider: PluginProvider
1497414010483	addons.manager	DEBUG	Registering shutdown blocker for PluginProvider
1497414010484	addons.manager	DEBUG	Provider finished startup: PluginProvider
1497414010484	addons.manager	DEBUG	Completed startup sequence
1497414015215	addons.manager	DEBUG	Starting provider: <unnamed-provider>
1497414015215	addons.manager	DEBUG	Registering shutdown blocker for <unnamed-provider>
1497414015215	addons.manager	DEBUG	Provider finished startup: <unnamed-provider>
1497414016280	DeferredSave.extensions.json	DEBUG	Write succeeded
1497414016280	addons.xpi-utils	DEBUG	XPI Database saved, setting schema version preference to 19
1497414016280	DeferredSave.extensions.json	DEBUG	Starting timer
1497414016299	addons.repository	DEBUG	No addons.json found.
1497414016299	DeferredSave.addons.json	DEBUG	Save changes
1497414016328	DeferredSave.addons.json	DEBUG	Starting timer
1497414018378	addons.manager	DEBUG	Starting provider: PreviousExperimentProvider
1497414018379	addons.manager	DEBUG	Registering shutdown blocker for PreviousExperimentProvider
1497414018379	addons.manager	DEBUG	Provider finished startup: PreviousExperimentProvider
1497414018382	DeferredSave.extensions.json	DEBUG	Starting write
1497414018383	DeferredSave.addons.json	DEBUG	Starting write
1497414018915	DeferredSave.extensions.json	DEBUG	Write succeeded
1497414019056	DeferredSave.addons.json	DEBUG	Write succeeded

	at org.openqa.selenium.firefox.internal.NewProfileExtensionConnection.start(NewProfileExtensionConnection.java:113)
	at org.openqa.selenium.firefox.FirefoxDriver.startClient(FirefoxDriver.java:271)
	at org.openqa.selenium.remote.RemoteWebDriver.<init>(RemoteWebDriver.java:119)
	at org.openqa.selenium.firefox.FirefoxDriver.<init>(FirefoxDriver.java:216)
	at org.openqa.selenium.firefox.FirefoxDriver.<init>(FirefoxDriver.java:211)
	at org.openqa.selenium.firefox.FirefoxDriver.<init>(FirefoxDriver.java:128)
	at net.serenitybdd.core.webdriver.driverproviders.FirefoxDriverProvider.newFirefoxDriver(FirefoxDriverProvider.java:67)
	at net.serenitybdd.core.webdriver.driverproviders.FirefoxDriverProvider.newInstance(FirefoxDriverProvider.java:51)
	at net.thucydides.core.webdriver.WebDriverFactory.newWebdriverInstance(WebDriverFactory.java:125)
	at net.thucydides.core.webdriver.WebDriverFacade.newDriverInstance(WebDriverFacade.java:144)
	at net.thucydides.core.webdriver.WebDriverFacade.newProxyDriver(WebDriverFacade.java:135)
	at net.thucydides.core.webdriver.WebDriverFacade.getProxiedDriver(WebDriverFacade.java:105)
	at net.thucydides.core.webdriver.WebDriverFacade.openIgnoringHtmlUnitScriptErrors(WebDriverFacade.java:180)
	at net.thucydides.core.webdriver.WebDriverFacade.get(WebDriverFacade.java:175)
	at net.serenitybdd.core.pages.PageObject.openPageAtUrl(PageObject.java:829)
	at net.serenitybdd.core.pages.PageObject.open(PageObject.java:739)
	at net.serenitybdd.core.pages.PageObject.open(PageObject.java:727)
	at realEstate.steps.serenity.EndUserSteps.is_the_home_page(EndUserSteps.java:32)
	at realEstate.steps.serenity.EndUserSteps$$EnhancerByCGLIB$$4ca527d5.CGLIB$is_the_home_page$1(<generated>)
	at realEstate.steps.serenity.EndUserSteps$$EnhancerByCGLIB$$4ca527d5$$FastClassByCGLIB$$56c7ca20.invoke(<generated>)
	at net.sf.cglib.proxy.MethodProxy.invokeSuper(MethodProxy.java:228)
	at net.thucydides.core.steps.StepInterceptor.invokeMethod(StepInterceptor.java:372)
	at net.thucydides.core.steps.StepInterceptor.executeTestStepMethod(StepInterceptor.java:357)
	at net.thucydides.core.steps.StepInterceptor.runTestStep(StepInterceptor.java:332)
	at net.thucydides.core.steps.StepInterceptor.testStepResult(StepInterceptor.java:134)
	at net.thucydides.core.steps.StepInterceptor.intercept(StepInterceptor.java:61)
	at realEstate.steps.serenity.EndUserSteps$$EnhancerByCGLIB$$4ca527d5.is_the_home_page(<generated>)
	at realEstate.steps.DefinitionSteps.givenTheUserIsOnTheWikionaryHomePage(DefinitionSteps.java:17)
	at sun.reflect.NativeMethodAccessorImpl.invoke0(Native Method)
	at sun.reflect.NativeMethodAccessorImpl.invoke(NativeMethodAccessorImpl.java:62)
	at sun.reflect.DelegatingMethodAccessorImpl.invoke(DelegatingMethodAccessorImpl.java:43)
	at java.lang.reflect.Method.invoke(Method.java:497)
	at cucumber.runtime.Utils$1.call(Utils.java:40)
	at cucumber.runtime.Timeout.timeout(Timeout.java:16)
	at cucumber.runtime.Utils.invoke(Utils.java:34)
	at cucumber.runtime.java.JavaStepDefinition.execute(JavaStepDefinition.java:38)
	at cucumber.runtime.StepDefinitionMatch.runStep(StepDefinitionMatch.java:37)
	at cucumber.runtime.Runtime.runStep(Runtime.java:300)
	at cucumber.runtime.model.StepContainer.runStep(StepContainer.java:44)
	at cucumber.runtime.model.StepContainer.runSteps(StepContainer.java:39)
	at cucumber.runtime.model.CucumberScenario.run(CucumberScenario.java:44)
	at cucumber.runtime.junit.ExecutionUnitRunner.run(ExecutionUnitRunner.java:102)
	at cucumber.runtime.junit.FeatureRunner.runChild(FeatureRunner.java:63)
	at cucumber.runtime.junit.FeatureRunner.runChild(FeatureRunner.java:18)
	at org.junit.runners.ParentRunner$3.run(ParentRunner.java:290)
	at org.junit.runners.ParentRunner$1.schedule(ParentRunner.java:71)
	at org.junit.runners.ParentRunner.runChildren(ParentRunner.java:288)
	at org.junit.runners.ParentRunner.access$000(ParentRunner.java:58)
	at org.junit.runners.ParentRunner$2.evaluate(ParentRunner.java:268)
	at org.junit.runners.ParentRunner.run(ParentRunner.java:363)
	at cucumber.runtime.junit.FeatureRunner.run(FeatureRunner.java:70)
	at cucumber.api.junit.Cucumber.runChild(Cucumber.java:95)
	at cucumber.api.junit.Cucumber.runChild(Cucumber.java:38)
	at org.junit.runners.ParentRunner$3.run(ParentRunner.java:290)
	at org.junit.runners.ParentRunner$1.schedule(ParentRunner.java:71)
	at org.junit.runners.ParentRunner.runChildren(ParentRunner.java:288)
	at org.junit.runners.ParentRunner.access$000(ParentRunner.java:58)
	at org.junit.runners.ParentRunner$2.evaluate(ParentRunner.java:268)
	at org.junit.runners.ParentRunner.run(ParentRunner.java:363)
	at cucumber.api.junit.Cucumber.run(Cucumber.java:100)
	at org.apache.maven.surefire.junit4.JUnit4Provider.execute(JUnit4Provider.java:283)
	at org.apache.maven.surefire.junit4.JUnit4Provider.executeWithRerun(JUnit4Provider.java:173)
	at org.apache.maven.surefire.junit4.JUnit4Provider.executeTestSet(JUnit4Provider.java:153)
	at org.apache.maven.surefire.junit4.JUnit4Provider.invoke(JUnit4Provider.java:128)
	at org.apache.maven.surefire.booter.ForkedBooter.invokeProviderInSameClassLoader(ForkedBooter.java:203)
	at org.apache.maven.surefire.booter.ForkedBooter.runSuitesInProcess(ForkedBooter.java:155)
	at org.apache.maven.surefire.booter.ForkedBooter.main(ForkedBooter.java:103)
[main] ERROR net.thucydides.core.webdriver.WebDriverFacade - FAILED TO CREATE NEW WEBDRIVER_DRIVER INSTANCE class org.openqa.selenium.firefox.FirefoxDriver: Could not instantiate new webdriver instance of type class org.openqa.selenium.firefox.FirefoxDriver (Failed to connect to binary FirefoxBinary(C:\Program Files (x86)\Mozilla Firefox\firefox.exe) on port 7055; process output follows: 
"userDisabled":false,"appDisabled":false,"descriptor":"C:\\Program Files (x86)\\Mozilla Firefox\\browser\\extensions\\{972ce4c6-7e08-4474-a285-3208198ce6fd}.xpi","installDate":1495380645549,"updateDate":1495380645549,"applyBackgroundUpdates":1,"skinnable":true,"size":8207,"sourceURI":null,"releaseNotesURI":null,"softDisabled":false,"foreignInstall":false,"hasBinaryComponents":false,"strictCompatibility":true,"locales":[],"targetApplications":[{"id":"{ec8030f7-c20a-464f-9b0e-13a3a9e97384}","minVersion":"53.0.3","maxVersion":"53.0.3"}],"targetPlatforms":[],"seen":true,"dependencies":[],"hasEmbeddedWebExtension":false,"userPermissions":null}
1497414010457	addons.xpi	DEBUG	getModTime: Recursive scan of {972ce4c6-7e08-4474-a285-3208198ce6fd}
1497414010458	DeferredSave.extensions.json	DEBUG	Save changes
1497414010458	addons.xpi	DEBUG	Updating database with changes to installed add-ons
1497414010458	addons.xpi-utils	DEBUG	Updating add-on states
1497414010459	addons.xpi-utils	DEBUG	Writing add-ons list
1497414010468	addons.xpi	DEBUG	Registering manifest for C:\Program Files (x86)\Mozilla Firefox\browser\features\aushelper@mozilla.org.xpi
1497414010469	addons.xpi	DEBUG	Calling bootstrap method startup on aushelper@mozilla.org version 2.0
1497414010471	addons.xpi	DEBUG	Registering manifest for C:\Program Files (x86)\Mozilla Firefox\browser\features\e10srollout@mozilla.org.xpi
1497414010472	addons.xpi	DEBUG	Calling bootstrap method startup on e10srollout@mozilla.org version 1.14
1497414010472	addons.xpi	DEBUG	Registering manifest for C:\Program Files (x86)\Mozilla Firefox\browser\features\firefox@getpocket.com.xpi
1497414010473	addons.xpi	DEBUG	Calling bootstrap method startup on firefox@getpocket.com version 1.0.5
1497414010474	addons.xpi	DEBUG	Registering manifest for C:\Program Files (x86)\Mozilla Firefox\browser\features\webcompat@mozilla.org.xpi
1497414010475	addons.xpi	DEBUG	Calling bootstrap method startup on webcompat@mozilla.org version 1.0
1497414010477	addons.manager	DEBUG	Registering shutdown blocker for XPIProvider
1497414010478	addons.manager	DEBUG	Provider finished startup: XPIProvider
1497414010478	addons.manager	DEBUG	Starting provider: LightweightThemeManager
1497414010478	addons.manager	DEBUG	Registering shutdown blocker for LightweightThemeManager
1497414010478	addons.manager	DEBUG	Provider finished startup: LightweightThemeManager
1497414010479	addons.manager	DEBUG	Starting provider: GMPProvider
1497414010483	addons.manager	DEBUG	Registering shutdown blocker for GMPProvider
1497414010483	addons.manager	DEBUG	Provider finished startup: GMPProvider
1497414010483	addons.manager	DEBUG	Starting provider: PluginProvider
1497414010483	addons.manager	DEBUG	Registering shutdown blocker for PluginProvider
1497414010484	addons.manager	DEBUG	Provider finished startup: PluginProvider
1497414010484	addons.manager	DEBUG	Completed startup sequence
1497414015215	addons.manager	DEBUG	Starting provider: <unnamed-provider>
1497414015215	addons.manager	DEBUG	Registering shutdown blocker for <unnamed-provider>
1497414015215	addons.manager	DEBUG	Provider finished startup: <unnamed-provider>
1497414016280	DeferredSave.extensions.json	DEBUG	Write succeeded
1497414016280	addons.xpi-utils	DEBUG	XPI Database saved, setting schema version preference to 19
1497414016280	DeferredSave.extensions.json	DEBUG	Starting timer
1497414016299	addons.repository	DEBUG	No addons.json found.
1497414016299	DeferredSave.addons.json	DEBUG	Save changes
1497414016328	DeferredSave.addons.json	DEBUG	Starting timer
1497414018378	addons.manager	DEBUG	Starting provider: PreviousExperimentProvider
1497414018379	addons.manager	DEBUG	Registering shutdown blocker for PreviousExperimentProvider
1497414018379	addons.manager	DEBUG	Provider finished startup: PreviousExperimentProvider
1497414018382	DeferredSave.extensions.json	DEBUG	Starting write
1497414018383	DeferredSave.addons.json	DEBUG	Starting write
1497414018915	DeferredSave.extensions.json	DEBUG	Write succeeded
1497414019056	DeferredSave.addons.json	DEBUG	Write succeeded

Build info: version: '2.53.1', revision: 'a36b8b1cd5757287168e54b817830adce9b0158d', time: '2016-06-30 19:26:09'
System info: host: 'DESKTOP-FBGLEMR', ip: '192.168.1.238', os.name: 'Windows 10', os.arch: 'amd64', os.version: '10.0', java.version: '1.8.0_73'
Driver info: driver.version: FirefoxDriver
net.thucydides.core.webdriver.UnsupportedDriverException: Could not instantiate new webdriver instance of type class org.openqa.selenium.firefox.FirefoxDriver (Failed to connect to binary FirefoxBinary(C:\Program Files (x86)\Mozilla Firefox\firefox.exe) on port 7055; process output follows: 
"userDisabled":false,"appDisabled":false,"descriptor":"C:\\Program Files (x86)\\Mozilla Firefox\\browser\\extensions\\{972ce4c6-7e08-4474-a285-3208198ce6fd}.xpi","installDate":1495380645549,"updateDate":1495380645549,"applyBackgroundUpdates":1,"skinnable":true,"size":8207,"sourceURI":null,"releaseNotesURI":null,"softDisabled":false,"foreignInstall":false,"hasBinaryComponents":false,"strictCompatibility":true,"locales":[],"targetApplications":[{"id":"{ec8030f7-c20a-464f-9b0e-13a3a9e97384}","minVersion":"53.0.3","maxVersion":"53.0.3"}],"targetPlatforms":[],"seen":true,"dependencies":[],"hasEmbeddedWebExtension":false,"userPermissions":null}
1497414010457	addons.xpi	DEBUG	getModTime: Recursive scan of {972ce4c6-7e08-4474-a285-3208198ce6fd}
1497414010458	DeferredSave.extensions.json	DEBUG	Save changes
1497414010458	addons.xpi	DEBUG	Updating database with changes to installed add-ons
1497414010458	addons.xpi-utils	DEBUG	Updating add-on states
1497414010459	addons.xpi-utils	DEBUG	Writing add-ons list
1497414010468	addons.xpi	DEBUG	Registering manifest for C:\Program Files (x86)\Mozilla Firefox\browser\features\aushelper@mozilla.org.xpi
1497414010469	addons.xpi	DEBUG	Calling bootstrap method startup on aushelper@mozilla.org version 2.0
1497414010471	addons.xpi	DEBUG	Registering manifest for C:\Program Files (x86)\Mozilla Firefox\browser\features\e10srollout@mozilla.org.xpi
1497414010472	addons.xpi	DEBUG	Calling bootstrap method startup on e10srollout@mozilla.org version 1.14
1497414010472	addons.xpi	DEBUG	Registering manifest for C:\Program Files (x86)\Mozilla Firefox\browser\features\firefox@getpocket.com.xpi
1497414010473	addons.xpi	DEBUG	Calling bootstrap method startup on firefox@getpocket.com version 1.0.5
1497414010474	addons.xpi	DEBUG	Registering manifest for C:\Program Files (x86)\Mozilla Firefox\browser\features\webcompat@mozilla.org.xpi
1497414010475	addons.xpi	DEBUG	Calling bootstrap method startup on webcompat@mozilla.org version 1.0
1497414010477	addons.manager	DEBUG	Registering shutdown blocker for XPIProvider
1497414010478	addons.manager	DEBUG	Provider finished startup: XPIProvider
1497414010478	addons.manager	DEBUG	Starting provider: LightweightThemeManager
1497414010478	addons.manager	DEBUG	Registering shutdown blocker for LightweightThemeManager
1497414010478	addons.manager	DEBUG	Provider finished startup: LightweightThemeManager
1497414010479	addons.manager	DEBUG	Starting provider: GMPProvider
1497414010483	addons.manager	DEBUG	Registering shutdown blocker for GMPProvider
1497414010483	addons.manager	DEBUG	Provider finished startup: GMPProvider
1497414010483	addons.manager	DEBUG	Starting provider: PluginProvider
1497414010483	addons.manager	DEBUG	Registering shutdown blocker for PluginProvider
1497414010484	addons.manager	DEBUG	Provider finished startup: PluginProvider
1497414010484	addons.manager	DEBUG	Completed startup sequence
1497414015215	addons.manager	DEBUG	Starting provider: <unnamed-provider>
1497414015215	addons.manager	DEBUG	Registering shutdown blocker for <unnamed-provider>
1497414015215	addons.manager	DEBUG	Provider finished startup: <unnamed-provider>
1497414016280	DeferredSave.extensions.json	DEBUG	Write succeeded
1497414016280	addons.xpi-utils	DEBUG	XPI Database saved, setting schema version preference to 19
1497414016280	DeferredSave.extensions.json	DEBUG	Starting timer
1497414016299	addons.repository	DEBUG	No addons.json found.
1497414016299	DeferredSave.addons.json	DEBUG	Save changes
1497414016328	DeferredSave.addons.json	DEBUG	Starting timer
1497414018378	addons.manager	DEBUG	Starting provider: PreviousExperimentProvider
1497414018379	addons.manager	DEBUG	Registering shutdown blocker for PreviousExperimentProvider
1497414018379	addons.manager	DEBUG	Provider finished startup: PreviousExperimentProvider
1497414018382	DeferredSave.extensions.json	DEBUG	Starting write
1497414018383	DeferredSave.addons.json	DEBUG	Starting write
1497414018915	DeferredSave.extensions.json	DEBUG	Write succeeded
1497414019056	DeferredSave.addons.json	DEBUG	Write succeeded

Build info: version: '2.53.1', revision: 'a36b8b1cd5757287168e54b817830adce9b0158d', time: '2016-06-30 19:26:09'
System info: host: 'DESKTOP-FBGLEMR', ip: '192.168.1.238', os.name: 'Windows 10', os.arch: 'amd64', os.version: '10.0', java.version: '1.8.0_73'
Driver info: driver.version: FirefoxDriver
	at net.thucydides.core.webdriver.WebDriverFactory.newWebdriverInstance(WebDriverFactory.java:135)
	at net.thucydides.core.webdriver.WebDriverFacade.newDriverInstance(WebDriverFacade.java:144)
	at net.thucydides.core.webdriver.WebDriverFacade.newProxyDriver(WebDriverFacade.java:135)
	at net.thucydides.core.webdriver.WebDriverFacade.getProxiedDriver(WebDriverFacade.java:105)
	at net.thucydides.core.webdriver.WebDriverFacade.openIgnoringHtmlUnitScriptErrors(WebDriverFacade.java:180)
	at net.thucydides.core.webdriver.WebDriverFacade.get(WebDriverFacade.java:175)
	at net.serenitybdd.core.pages.PageObject.openPageAtUrl(PageObject.java:829)
	at net.serenitybdd.core.pages.PageObject.open(PageObject.java:739)
	at net.serenitybdd.core.pages.PageObject.open(PageObject.java:727)
	at realEstate.steps.serenity.EndUserSteps.is_the_home_page(EndUserSteps.java:32)
	at realEstate.steps.serenity.EndUserSteps$$EnhancerByCGLIB$$4ca527d5.CGLIB$is_the_home_page$1(<generated>)
	at realEstate.steps.serenity.EndUserSteps$$EnhancerByCGLIB$$4ca527d5$$FastClassByCGLIB$$56c7ca20.invoke(<generated>)
	at net.sf.cglib.proxy.MethodProxy.invokeSuper(MethodProxy.java:228)
	at net.thucydides.core.steps.StepInterceptor.invokeMethod(StepInterceptor.java:372)
	at net.thucydides.core.steps.StepInterceptor.executeTestStepMethod(StepInterceptor.java:357)
	at net.thucydides.core.steps.StepInterceptor.runTestStep(StepInterceptor.java:332)
	at net.thucydides.core.steps.StepInterceptor.testStepResult(StepInterceptor.java:134)
	at net.thucydides.core.steps.StepInterceptor.intercept(StepInterceptor.java:61)
	at realEstate.steps.serenity.EndUserSteps$$EnhancerByCGLIB$$4ca527d5.is_the_home_page(<generated>)
	at realEstate.steps.DefinitionSteps.givenTheUserIsOnTheWikionaryHomePage(DefinitionSteps.java:17)
	at sun.reflect.NativeMethodAccessorImpl.invoke0(Native Method)
	at sun.reflect.NativeMethodAccessorImpl.invoke(NativeMethodAccessorImpl.java:62)
	at sun.reflect.DelegatingMethodAccessorImpl.invoke(DelegatingMethodAccessorImpl.java:43)
	at java.lang.reflect.Method.invoke(Method.java:497)
	at cucumber.runtime.Utils$1.call(Utils.java:40)
	at cucumber.runtime.Timeout.timeout(Timeout.java:16)
	at cucumber.runtime.Utils.invoke(Utils.java:34)
	at cucumber.runtime.java.JavaStepDefinition.execute(JavaStepDefinition.java:38)
	at cucumber.runtime.StepDefinitionMatch.runStep(StepDefinitionMatch.java:37)
	at cucumber.runtime.Runtime.runStep(Runtime.java:300)
	at cucumber.runtime.model.StepContainer.runStep(StepContainer.java:44)
	at cucumber.runtime.model.StepContainer.runSteps(StepContainer.java:39)
	at cucumber.runtime.model.CucumberScenario.run(CucumberScenario.java:44)
	at cucumber.runtime.junit.ExecutionUnitRunner.run(ExecutionUnitRunner.java:102)
	at cucumber.runtime.junit.FeatureRunner.runChild(FeatureRunner.java:63)
	at cucumber.runtime.junit.FeatureRunner.runChild(FeatureRunner.java:18)
	at org.junit.runners.ParentRunner$3.run(ParentRunner.java:290)
	at org.junit.runners.ParentRunner$1.schedule(ParentRunner.java:71)
	at org.junit.runners.ParentRunner.runChildren(ParentRunner.java:288)
	at org.junit.runners.ParentRunner.access$000(ParentRunner.java:58)
	at org.junit.runners.ParentRunner$2.evaluate(ParentRunner.java:268)
	at org.junit.runners.ParentRunner.run(ParentRunner.java:363)
	at cucumber.runtime.junit.FeatureRunner.run(FeatureRunner.java:70)
	at cucumber.api.junit.Cucumber.runChild(Cucumber.java:95)
	at cucumber.api.junit.Cucumber.runChild(Cucumber.java:38)
	at org.junit.runners.ParentRunner$3.run(ParentRunner.java:290)
	at org.junit.runners.ParentRunner$1.schedule(ParentRunner.java:71)
	at org.junit.runners.ParentRunner.runChildren(ParentRunner.java:288)
	at org.junit.runners.ParentRunner.access$000(ParentRunner.java:58)
	at org.junit.runners.ParentRunner$2.evaluate(ParentRunner.java:268)
	at org.junit.runners.ParentRunner.run(ParentRunner.java:363)
	at cucumber.api.junit.Cucumber.run(Cucumber.java:100)
	at org.apache.maven.surefire.junit4.JUnit4Provider.execute(JUnit4Provider.java:283)
	at org.apache.maven.surefire.junit4.JUnit4Provider.executeWithRerun(JUnit4Provider.java:173)
	at org.apache.maven.surefire.junit4.JUnit4Provider.executeTestSet(JUnit4Provider.java:153)
	at org.apache.maven.surefire.junit4.JUnit4Provider.invoke(JUnit4Provider.java:128)
	at org.apache.maven.surefire.booter.ForkedBooter.invokeProviderInSameClassLoader(ForkedBooter.java:203)
	at org.apache.maven.surefire.booter.ForkedBooter.runSuitesInProcess(ForkedBooter.java:155)
	at org.apache.maven.surefire.booter.ForkedBooter.main(ForkedBooter.java:103)
Caused by: org.openqa.selenium.WebDriverException: Failed to connect to binary FirefoxBinary(C:\Program Files (x86)\Mozilla Firefox\firefox.exe) on port 7055; process output follows: 
"userDisabled":false,"appDisabled":false,"descriptor":"C:\\Program Files (x86)\\Mozilla Firefox\\browser\\extensions\\{972ce4c6-7e08-4474-a285-3208198ce6fd}.xpi","installDate":1495380645549,"updateDate":1495380645549,"applyBackgroundUpdates":1,"skinnable":true,"size":8207,"sourceURI":null,"releaseNotesURI":null,"softDisabled":false,"foreignInstall":false,"hasBinaryComponents":false,"strictCompatibility":true,"locales":[],"targetApplications":[{"id":"{ec8030f7-c20a-464f-9b0e-13a3a9e97384}","minVersion":"53.0.3","maxVersion":"53.0.3"}],"targetPlatforms":[],"seen":true,"dependencies":[],"hasEmbeddedWebExtension":false,"userPermissions":null}
1497414010457	addons.xpi	DEBUG	getModTime: Recursive scan of {972ce4c6-7e08-4474-a285-3208198ce6fd}
1497414010458	DeferredSave.extensions.json	DEBUG	Save changes
1497414010458	addons.xpi	DEBUG	Updating database with changes to installed add-ons
1497414010458	addons.xpi-utils	DEBUG	Updating add-on states
1497414010459	addons.xpi-utils	DEBUG	Writing add-ons list
1497414010468	addons.xpi	DEBUG	Registering manifest for C:\Program Files (x86)\Mozilla Firefox\browser\features\aushelper@mozilla.org.xpi
1497414010469	addons.xpi	DEBUG	Calling bootstrap method startup on aushelper@mozilla.org version 2.0
1497414010471	addons.xpi	DEBUG	Registering manifest for C:\Program Files (x86)\Mozilla Firefox\browser\features\e10srollout@mozilla.org.xpi
1497414010472	addons.xpi	DEBUG	Calling bootstrap method startup on e10srollout@mozilla.org version 1.14
1497414010472	addons.xpi	DEBUG	Registering manifest for C:\Program Files (x86)\Mozilla Firefox\browser\features\firefox@getpocket.com.xpi
1497414010473	addons.xpi	DEBUG	Calling bootstrap method startup on firefox@getpocket.com version 1.0.5
1497414010474	addons.xpi	DEBUG	Registering manifest for C:\Program Files (x86)\Mozilla Firefox\browser\features\webcompat@mozilla.org.xpi
1497414010475	addons.xpi	DEBUG	Calling bootstrap method startup on webcompat@mozilla.org version 1.0
1497414010477	addons.manager	DEBUG	Registering shutdown blocker for XPIProvider
1497414010478	addons.manager	DEBUG	Provider finished startup: XPIProvider
1497414010478	addons.manager	DEBUG	Starting provider: LightweightThemeManager
1497414010478	addons.manager	DEBUG	Registering shutdown blocker for LightweightThemeManager
1497414010478	addons.manager	DEBUG	Provider finished startup: LightweightThemeManager
1497414010479	addons.manager	DEBUG	Starting provider: GMPProvider
1497414010483	addons.manager	DEBUG	Registering shutdown blocker for GMPProvider
1497414010483	addons.manager	DEBUG	Provider finished startup: GMPProvider
1497414010483	addons.manager	DEBUG	Starting provider: PluginProvider
1497414010483	addons.manager	DEBUG	Registering shutdown blocker for PluginProvider
1497414010484	addons.manager	DEBUG	Provider finished startup: PluginProvider
1497414010484	addons.manager	DEBUG	Completed startup sequence
1497414015215	addons.manager	DEBUG	Starting provider: <unnamed-provider>
1497414015215	addons.manager	DEBUG	Registering shutdown blocker for <unnamed-provider>
1497414015215	addons.manager	DEBUG	Provider finished startup: <unnamed-provider>
1497414016280	DeferredSave.extensions.json	DEBUG	Write succeeded
1497414016280	addons.xpi-utils	DEBUG	XPI Database saved, setting schema version preference to 19
1497414016280	DeferredSave.extensions.json	DEBUG	Starting timer
1497414016299	addons.repository	DEBUG	No addons.json found.
1497414016299	DeferredSave.addons.json	DEBUG	Save changes
1497414016328	DeferredSave.addons.json	DEBUG	Starting timer
1497414018378	addons.manager	DEBUG	Starting provider: PreviousExperimentProvider
1497414018379	addons.manager	DEBUG	Registering shutdown blocker for PreviousExperimentProvider
1497414018379	addons.manager	DEBUG	Provider finished startup: PreviousExperimentProvider
1497414018382	DeferredSave.extensions.json	DEBUG	Starting write
1497414018383	DeferredSave.addons.json	DEBUG	Starting write
1497414018915	DeferredSave.extensions.json	DEBUG	Write succeeded
1497414019056	DeferredSave.addons.json	DEBUG	Write succeeded

Build info: version: '2.53.1', revision: 'a36b8b1cd5757287168e54b817830adce9b0158d', time: '2016-06-30 19:26:09'
System info: host: 'DESKTOP-FBGLEMR', ip: '192.168.1.238', os.name: 'Windows 10', os.arch: 'amd64', os.version: '10.0', java.version: '1.8.0_73'
Driver info: driver.version: FirefoxDriver
	at org.openqa.selenium.firefox.internal.NewProfileExtensionConnection.start(NewProfileExtensionConnection.java:125)
	at org.openqa.selenium.firefox.FirefoxDriver.startClient(FirefoxDriver.java:271)
	at org.openqa.selenium.remote.RemoteWebDriver.<init>(RemoteWebDriver.java:119)
	at org.openqa.selenium.firefox.FirefoxDriver.<init>(FirefoxDriver.java:216)
	at org.openqa.selenium.firefox.FirefoxDriver.<init>(FirefoxDriver.java:211)
	at org.openqa.selenium.firefox.FirefoxDriver.<init>(FirefoxDriver.java:128)
	at net.serenitybdd.core.webdriver.driverproviders.FirefoxDriverProvider.newFirefoxDriver(FirefoxDriverProvider.java:67)
	at net.serenitybdd.core.webdriver.driverproviders.FirefoxDriverProvider.newInstance(FirefoxDriverProvider.java:51)
	at net.thucydides.core.webdriver.WebDriverFactory.newWebdriverInstance(WebDriverFactory.java:125)
	... 58 more
Caused by: org.openqa.selenium.firefox.NotConnectedException: Unable to connect to host 127.0.0.1 on port 7055 after 45000 ms. Firefox console output:
"userDisabled":false,"appDisabled":false,"descriptor":"C:\\Program Files (x86)\\Mozilla Firefox\\browser\\extensions\\{972ce4c6-7e08-4474-a285-3208198ce6fd}.xpi","installDate":1495380645549,"updateDate":1495380645549,"applyBackgroundUpdates":1,"skinnable":true,"size":8207,"sourceURI":null,"releaseNotesURI":null,"softDisabled":false,"foreignInstall":false,"hasBinaryComponents":false,"strictCompatibility":true,"locales":[],"targetApplications":[{"id":"{ec8030f7-c20a-464f-9b0e-13a3a9e97384}","minVersion":"53.0.3","maxVersion":"53.0.3"}],"targetPlatforms":[],"seen":true,"dependencies":[],"hasEmbeddedWebExtension":false,"userPermissions":null}
1497414010457	addons.xpi	DEBUG	getModTime: Recursive scan of {972ce4c6-7e08-4474-a285-3208198ce6fd}
1497414010458	DeferredSave.extensions.json	DEBUG	Save changes
1497414010458	addons.xpi	DEBUG	Updating database with changes to installed add-ons
1497414010458	addons.xpi-utils	DEBUG	Updating add-on states
1497414010459	addons.xpi-utils	DEBUG	Writing add-ons list
1497414010468	addons.xpi	DEBUG	Registering manifest for C:\Program Files (x86)\Mozilla Firefox\browser\features\aushelper@mozilla.org.xpi
1497414010469	addons.xpi	DEBUG	Calling bootstrap method startup on aushelper@mozilla.org version 2.0
1497414010471	addons.xpi	DEBUG	Registering manifest for C:\Program Files (x86)\Mozilla Firefox\browser\features\e10srollout@mozilla.org.xpi
1497414010472	addons.xpi	DEBUG	Calling bootstrap method startup on e10srollout@mozilla.org version 1.14
1497414010472	addons.xpi	DEBUG	Registering manifest for C:\Program Files (x86)\Mozilla Firefox\browser\features\firefox@getpocket.com.xpi
1497414010473	addons.xpi	DEBUG	Calling bootstrap method startup on firefox@getpocket.com version 1.0.5
1497414010474	addons.xpi	DEBUG	Registering manifest for C:\Program Files (x86)\Mozilla Firefox\browser\features\webcompat@mozilla.org.xpi
1497414010475	addons.xpi	DEBUG	Calling bootstrap method startup on webcompat@mozilla.org version 1.0
1497414010477	addons.manager	DEBUG	Registering shutdown blocker for XPIProvider
1497414010478	addons.manager	DEBUG	Provider finished startup: XPIProvider
1497414010478	addons.manager	DEBUG	Starting provider: LightweightThemeManager
1497414010478	addons.manager	DEBUG	Registering shutdown blocker for LightweightThemeManager
1497414010478	addons.manager	DEBUG	Provider finished startup: LightweightThemeManager
1497414010479	addons.manager	DEBUG	Starting provider: GMPProvider
1497414010483	addons.manager	DEBUG	Registering shutdown blocker for GMPProvider
1497414010483	addons.manager	DEBUG	Provider finished startup: GMPProvider
1497414010483	addons.manager	DEBUG	Starting provider: PluginProvider
1497414010483	addons.manager	DEBUG	Registering shutdown blocker for PluginProvider
1497414010484	addons.manager	DEBUG	Provider finished startup: PluginProvider
1497414010484	addons.manager	DEBUG	Completed startup sequence
1497414015215	addons.manager	DEBUG	Starting provider: <unnamed-provider>
1497414015215	addons.manager	DEBUG	Registering shutdown blocker for <unnamed-provider>
1497414015215	addons.manager	DEBUG	Provider finished startup: <unnamed-provider>
1497414016280	DeferredSave.extensions.json	DEBUG	Write succeeded
1497414016280	addons.xpi-utils	DEBUG	XPI Database saved, setting schema version preference to 19
1497414016280	DeferredSave.extensions.json	DEBUG	Starting timer
1497414016299	addons.repository	DEBUG	No addons.json found.
1497414016299	DeferredSave.addons.json	DEBUG	Save changes
1497414016328	DeferredSave.addons.json	DEBUG	Starting timer
1497414018378	addons.manager	DEBUG	Starting provider: PreviousExperimentProvider
1497414018379	addons.manager	DEBUG	Registering shutdown blocker for PreviousExperimentProvider
1497414018379	addons.manager	DEBUG	Provider finished startup: PreviousExperimentProvider
1497414018382	DeferredSave.extensions.json	DEBUG	Starting write
1497414018383	DeferredSave.addons.json	DEBUG	Starting write
1497414018915	DeferredSave.extensions.json	DEBUG	Write succeeded
1497414019056	DeferredSave.addons.json	DEBUG	Write succeeded

	at org.openqa.selenium.firefox.internal.NewProfileExtensionConnection.start(NewProfileExtensionConnection.java:113)
	... 66 more
]]></system-err>
  </testcase>
  <testcase name="Scenario: Looking up the definition of &apos;apple&apos;" classname="Scenario: Looking up the definition of &apos;apple&apos;" time="0.006">
    <error message="Could not instantiate class org.openqa.selenium.firefox.FirefoxDriver" type="net.thucydides.core.webdriver.UnsupportedDriverException"><![CDATA[net.thucydides.core.webdriver.UnsupportedDriverException: Could not instantiate class org.openqa.selenium.firefox.FirefoxDriver
	at net.thucydides.core.webdriver.WebDriverFacade.newDriverInstance(WebDriverFacade.java:148)
	at net.thucydides.core.webdriver.WebDriverFacade.newProxyDriver(WebDriverFacade.java:135)
	at net.thucydides.core.webdriver.WebDriverFacade.getProxiedDriver(WebDriverFacade.java:105)
	at net.thucydides.core.webdriver.WebDriverFacade.openIgnoringHtmlUnitScriptErrors(WebDriverFacade.java:180)
	at net.thucydides.core.webdriver.WebDriverFacade.get(WebDriverFacade.java:175)
	at net.serenitybdd.core.pages.PageObject.openPageAtUrl(PageObject.java:829)
	at net.serenitybdd.core.pages.PageObject.open(PageObject.java:739)
	at net.serenitybdd.core.pages.PageObject.open(PageObject.java:727)
	at realEstate.steps.serenity.EndUserSteps.is_the_home_page(EndUserSteps.java:32)
	at realEstate.steps.serenity.EndUserSteps$$EnhancerByCGLIB$$4ca527d5.CGLIB$is_the_home_page$1(<generated>)
	at realEstate.steps.serenity.EndUserSteps$$EnhancerByCGLIB$$4ca527d5$$FastClassByCGLIB$$56c7ca20.invoke(<generated>)
	at net.sf.cglib.proxy.MethodProxy.invokeSuper(MethodProxy.java:228)
	at net.thucydides.core.steps.StepInterceptor.invokeMethod(StepInterceptor.java:372)
	at net.thucydides.core.steps.StepInterceptor.executeTestStepMethod(StepInterceptor.java:357)
	at net.thucydides.core.steps.StepInterceptor.runTestStep(StepInterceptor.java:332)
	at net.thucydides.core.steps.StepInterceptor.testStepResult(StepInterceptor.java:134)
	at net.thucydides.core.steps.StepInterceptor.intercept(StepInterceptor.java:61)
	at realEstate.steps.serenity.EndUserSteps$$EnhancerByCGLIB$$4ca527d5.is_the_home_page(<generated>)
	at realEstate.steps.DefinitionSteps.givenTheUserIsOnTheWikionaryHomePage(DefinitionSteps.java:17)
	at âœ½.Given the user is on the Wikionary home page(src/test/resources/features/consult_dictionary/LookupADefinition.feature:7)
Caused by: net.thucydides.core.webdriver.UnsupportedDriverException: Could not instantiate new webdriver instance of type class org.openqa.selenium.firefox.FirefoxDriver (Failed to connect to binary FirefoxBinary(C:\Program Files (x86)\Mozilla Firefox\firefox.exe) on port 7055; process output follows: 
"userDisabled":false,"appDisabled":false,"descriptor":"C:\\Program Files (x86)\\Mozilla Firefox\\browser\\extensions\\{972ce4c6-7e08-4474-a285-3208198ce6fd}.xpi","installDate":1495380645549,"updateDate":1495380645549,"applyBackgroundUpdates":1,"skinnable":true,"size":8207,"sourceURI":null,"releaseNotesURI":null,"softDisabled":false,"foreignInstall":false,"hasBinaryComponents":false,"strictCompatibility":true,"locales":[],"targetApplications":[{"id":"{ec8030f7-c20a-464f-9b0e-13a3a9e97384}","minVersion":"53.0.3","maxVersion":"53.0.3"}],"targetPlatforms":[],"seen":true,"dependencies":[],"hasEmbeddedWebExtension":false,"userPermissions":null}
1497414010457	addons.xpi	DEBUG	getModTime: Recursive scan of {972ce4c6-7e08-4474-a285-3208198ce6fd}
1497414010458	DeferredSave.extensions.json	DEBUG	Save changes
1497414010458	addons.xpi	DEBUG	Updating database with changes to installed add-ons
1497414010458	addons.xpi-utils	DEBUG	Updating add-on states
1497414010459	addons.xpi-utils	DEBUG	Writing add-ons list
1497414010468	addons.xpi	DEBUG	Registering manifest for C:\Program Files (x86)\Mozilla Firefox\browser\features\aushelper@mozilla.org.xpi
1497414010469	addons.xpi	DEBUG	Calling bootstrap method startup on aushelper@mozilla.org version 2.0
1497414010471	addons.xpi	DEBUG	Registering manifest for C:\Program Files (x86)\Mozilla Firefox\browser\features\e10srollout@mozilla.org.xpi
1497414010472	addons.xpi	DEBUG	Calling bootstrap method startup on e10srollout@mozilla.org version 1.14
1497414010472	addons.xpi	DEBUG	Registering manifest for C:\Program Files (x86)\Mozilla Firefox\browser\features\firefox@getpocket.com.xpi
1497414010473	addons.xpi	DEBUG	Calling bootstrap method startup on firefox@getpocket.com version 1.0.5
1497414010474	addons.xpi	DEBUG	Registering manifest for C:\Program Files (x86)\Mozilla Firefox\browser\features\webcompat@mozilla.org.xpi
1497414010475	addons.xpi	DEBUG	Calling bootstrap method startup on webcompat@mozilla.org version 1.0
1497414010477	addons.manager	DEBUG	Registering shutdown blocker for XPIProvider
1497414010478	addons.manager	DEBUG	Provider finished startup: XPIProvider
1497414010478	addons.manager	DEBUG	Starting provider: LightweightThemeManager
1497414010478	addons.manager	DEBUG	Registering shutdown blocker for LightweightThemeManager
1497414010478	addons.manager	DEBUG	Provider finished startup: LightweightThemeManager
1497414010479	addons.manager	DEBUG	Starting provider: GMPProvider
1497414010483	addons.manager	DEBUG	Registering shutdown blocker for GMPProvider
1497414010483	addons.manager	DEBUG	Provider finished startup: GMPProvider
1497414010483	addons.manager	DEBUG	Starting provider: PluginProvider
1497414010483	addons.manager	DEBUG	Registering shutdown blocker for PluginProvider
1497414010484	addons.manager	DEBUG	Provider finished startup: PluginProvider
1497414010484	addons.manager	DEBUG	Completed startup sequence
1497414015215	addons.manager	DEBUG	Starting provider: <unnamed-provider>
1497414015215	addons.manager	DEBUG	Registering shutdown blocker for <unnamed-provider>
1497414015215	addons.manager	DEBUG	Provider finished startup: <unnamed-provider>
1497414016280	DeferredSave.extensions.json	DEBUG	Write succeeded
1497414016280	addons.xpi-utils	DEBUG	XPI Database saved, setting schema version preference to 19
1497414016280	DeferredSave.extensions.json	DEBUG	Starting timer
1497414016299	addons.repository	DEBUG	No addons.json found.
1497414016299	DeferredSave.addons.json	DEBUG	Save changes
1497414016328	DeferredSave.addons.json	DEBUG	Starting timer
1497414018378	addons.manager	DEBUG	Starting provider: PreviousExperimentProvider
1497414018379	addons.manager	DEBUG	Registering shutdown blocker for PreviousExperimentProvider
1497414018379	addons.manager	DEBUG	Provider finished startup: PreviousExperimentProvider
1497414018382	DeferredSave.extensions.json	DEBUG	Starting write
1497414018383	DeferredSave.addons.json	DEBUG	Starting write
1497414018915	DeferredSave.extensions.json	DEBUG	Write succeeded
1497414019056	DeferredSave.addons.json	DEBUG	Write succeeded

Build info: version: '2.53.1', revision: 'a36b8b1cd5757287168e54b817830adce9b0158d', time: '2016-06-30 19:26:09'
System info: host: 'DESKTOP-FBGLEMR', ip: '192.168.1.238', os.name: 'Windows 10', os.arch: 'amd64', os.version: '10.0', java.version: '1.8.0_73'
Driver info: driver.version: FirefoxDriver
	at net.thucydides.core.webdriver.WebDriverFactory.newWebdriverInstance(WebDriverFactory.java:135)
	at net.thucydides.core.webdriver.WebDriverFacade.newDriverInstance(WebDriverFacade.java:144)
	at net.thucydides.core.webdriver.WebDriverFacade.newProxyDriver(WebDriverFacade.java:135)
	at net.thucydides.core.webdriver.WebDriverFacade.getProxiedDriver(WebDriverFacade.java:105)
	at net.thucydides.core.webdriver.WebDriverFacade.openIgnoringHtmlUnitScriptErrors(WebDriverFacade.java:180)
	at net.thucydides.core.webdriver.WebDriverFacade.get(WebDriverFacade.java:175)
	at net.serenitybdd.core.pages.PageObject.openPageAtUrl(PageObject.java:829)
	at net.serenitybdd.core.pages.PageObject.open(PageObject.java:739)
	at net.serenitybdd.core.pages.PageObject.open(PageObject.java:727)
	at realEstate.steps.serenity.EndUserSteps.is_the_home_page(EndUserSteps.java:32)
	at realEstate.steps.serenity.EndUserSteps$$EnhancerByCGLIB$$4ca527d5.CGLIB$is_the_home_page$1(<generated>)
	at realEstate.steps.serenity.EndUserSteps$$EnhancerByCGLIB$$4ca527d5$$FastClassByCGLIB$$56c7ca20.invoke(<generated>)
	at net.sf.cglib.proxy.MethodProxy.invokeSuper(MethodProxy.java:228)
	at net.thucydides.core.steps.StepInterceptor.invokeMethod(StepInterceptor.java:372)
	at net.thucydides.core.steps.StepInterceptor.executeTestStepMethod(StepInterceptor.java:357)
	at net.thucydides.core.steps.StepInterceptor.runTestStep(StepInterceptor.java:332)
	at net.thucydides.core.steps.StepInterceptor.testStepResult(StepInterceptor.java:134)
	at net.thucydides.core.steps.StepInterceptor.intercept(StepInterceptor.java:61)
	at realEstate.steps.serenity.EndUserSteps$$EnhancerByCGLIB$$4ca527d5.is_the_home_page(<generated>)
	at realEstate.steps.DefinitionSteps.givenTheUserIsOnTheWikionaryHomePage(DefinitionSteps.java:17)
	at sun.reflect.NativeMethodAccessorImpl.invoke0(Native Method)
	at sun.reflect.NativeMethodAccessorImpl.invoke(NativeMethodAccessorImpl.java:62)
	at sun.reflect.DelegatingMethodAccessorImpl.invoke(DelegatingMethodAccessorImpl.java:43)
	at java.lang.reflect.Method.invoke(Method.java:497)
	at cucumber.runtime.Utils$1.call(Utils.java:40)
	at cucumber.runtime.Timeout.timeout(Timeout.java:16)
	at cucumber.runtime.Utils.invoke(Utils.java:34)
	at cucumber.runtime.java.JavaStepDefinition.execute(JavaStepDefinition.java:38)
	at cucumber.runtime.StepDefinitionMatch.runStep(StepDefinitionMatch.java:37)
	at cucumber.runtime.Runtime.runStep(Runtime.java:300)
	at cucumber.runtime.model.StepContainer.runStep(StepContainer.java:44)
	at cucumber.runtime.model.StepContainer.runSteps(StepContainer.java:39)
	at cucumber.runtime.model.CucumberScenario.run(CucumberScenario.java:44)
	at cucumber.runtime.junit.ExecutionUnitRunner.run(ExecutionUnitRunner.java:102)
	at cucumber.runtime.junit.FeatureRunner.runChild(FeatureRunner.java:63)
	at cucumber.runtime.junit.FeatureRunner.runChild(FeatureRunner.java:18)
	at org.junit.runners.ParentRunner$3.run(ParentRunner.java:290)
	at org.junit.runners.ParentRunner$1.schedule(ParentRunner.java:71)
	at org.junit.runners.ParentRunner.runChildren(ParentRunner.java:288)
	at org.junit.runners.ParentRunner.access$000(ParentRunner.java:58)
	at org.junit.runners.ParentRunner$2.evaluate(ParentRunner.java:268)
	at org.junit.runners.ParentRunner.run(ParentRunner.java:363)
	at cucumber.runtime.junit.FeatureRunner.run(FeatureRunner.java:70)
	at cucumber.api.junit.Cucumber.runChild(Cucumber.java:95)
	at cucumber.api.junit.Cucumber.runChild(Cucumber.java:38)
	at org.junit.runners.ParentRunner$3.run(ParentRunner.java:290)
	at org.junit.runners.ParentRunner$1.schedule(ParentRunner.java:71)
	at org.junit.runners.ParentRunner.runChildren(ParentRunner.java:288)
	at org.junit.runners.ParentRunner.access$000(ParentRunner.java:58)
	at org.junit.runners.ParentRunner$2.evaluate(ParentRunner.java:268)
	at org.junit.runners.ParentRunner.run(ParentRunner.java:363)
	at cucumber.api.junit.Cucumber.run(Cucumber.java:100)
	at org.apache.maven.surefire.junit4.JUnit4Provider.execute(JUnit4Provider.java:283)
	at org.apache.maven.surefire.junit4.JUnit4Provider.executeWithRerun(JUnit4Provider.java:173)
	at org.apache.maven.surefire.junit4.JUnit4Provider.executeTestSet(JUnit4Provider.java:153)
	at org.apache.maven.surefire.junit4.JUnit4Provider.invoke(JUnit4Provider.java:128)
	at org.apache.maven.surefire.booter.ForkedBooter.invokeProviderInSameClassLoader(ForkedBooter.java:203)
	at org.apache.maven.surefire.booter.ForkedBooter.runSuitesInProcess(ForkedBooter.java:155)
	at org.apache.maven.surefire.booter.ForkedBooter.main(ForkedBooter.java:103)
Caused by: org.openqa.selenium.WebDriverException: Failed to connect to binary FirefoxBinary(C:\Program Files (x86)\Mozilla Firefox\firefox.exe) on port 7055; process output follows: 
"userDisabled":false,"appDisabled":false,"descriptor":"C:\\Program Files (x86)\\Mozilla Firefox\\browser\\extensions\\{972ce4c6-7e08-4474-a285-3208198ce6fd}.xpi","installDate":1495380645549,"updateDate":1495380645549,"applyBackgroundUpdates":1,"skinnable":true,"size":8207,"sourceURI":null,"releaseNotesURI":null,"softDisabled":false,"foreignInstall":false,"hasBinaryComponents":false,"strictCompatibility":true,"locales":[],"targetApplications":[{"id":"{ec8030f7-c20a-464f-9b0e-13a3a9e97384}","minVersion":"53.0.3","maxVersion":"53.0.3"}],"targetPlatforms":[],"seen":true,"dependencies":[],"hasEmbeddedWebExtension":false,"userPermissions":null}
1497414010457	addons.xpi	DEBUG	getModTime: Recursive scan of {972ce4c6-7e08-4474-a285-3208198ce6fd}
1497414010458	DeferredSave.extensions.json	DEBUG	Save changes
1497414010458	addons.xpi	DEBUG	Updating database with changes to installed add-ons
1497414010458	addons.xpi-utils	DEBUG	Updating add-on states
1497414010459	addons.xpi-utils	DEBUG	Writing add-ons list
1497414010468	addons.xpi	DEBUG	Registering manifest for C:\Program Files (x86)\Mozilla Firefox\browser\features\aushelper@mozilla.org.xpi
1497414010469	addons.xpi	DEBUG	Calling bootstrap method startup on aushelper@mozilla.org version 2.0
1497414010471	addons.xpi	DEBUG	Registering manifest for C:\Program Files (x86)\Mozilla Firefox\browser\features\e10srollout@mozilla.org.xpi
1497414010472	addons.xpi	DEBUG	Calling bootstrap method startup on e10srollout@mozilla.org version 1.14
1497414010472	addons.xpi	DEBUG	Registering manifest for C:\Program Files (x86)\Mozilla Firefox\browser\features\firefox@getpocket.com.xpi
1497414010473	addons.xpi	DEBUG	Calling bootstrap method startup on firefox@getpocket.com version 1.0.5
1497414010474	addons.xpi	DEBUG	Registering manifest for C:\Program Files (x86)\Mozilla Firefox\browser\features\webcompat@mozilla.org.xpi
1497414010475	addons.xpi	DEBUG	Calling bootstrap method startup on webcompat@mozilla.org version 1.0
1497414010477	addons.manager	DEBUG	Registering shutdown blocker for XPIProvider
1497414010478	addons.manager	DEBUG	Provider finished startup: XPIProvider
1497414010478	addons.manager	DEBUG	Starting provider: LightweightThemeManager
1497414010478	addons.manager	DEBUG	Registering shutdown blocker for LightweightThemeManager
1497414010478	addons.manager	DEBUG	Provider finished startup: LightweightThemeManager
1497414010479	addons.manager	DEBUG	Starting provider: GMPProvider
1497414010483	addons.manager	DEBUG	Registering shutdown blocker for GMPProvider
1497414010483	addons.manager	DEBUG	Provider finished startup: GMPProvider
1497414010483	addons.manager	DEBUG	Starting provider: PluginProvider
1497414010483	addons.manager	DEBUG	Registering shutdown blocker for PluginProvider
1497414010484	addons.manager	DEBUG	Provider finished startup: PluginProvider
1497414010484	addons.manager	DEBUG	Completed startup sequence
1497414015215	addons.manager	DEBUG	Starting provider: <unnamed-provider>
1497414015215	addons.manager	DEBUG	Registering shutdown blocker for <unnamed-provider>
1497414015215	addons.manager	DEBUG	Provider finished startup: <unnamed-provider>
1497414016280	DeferredSave.extensions.json	DEBUG	Write succeeded
1497414016280	addons.xpi-utils	DEBUG	XPI Database saved, setting schema version preference to 19
1497414016280	DeferredSave.extensions.json	DEBUG	Starting timer
1497414016299	addons.repository	DEBUG	No addons.json found.
1497414016299	DeferredSave.addons.json	DEBUG	Save changes
1497414016328	DeferredSave.addons.json	DEBUG	Starting timer
1497414018378	addons.manager	DEBUG	Starting provider: PreviousExperimentProvider
1497414018379	addons.manager	DEBUG	Registering shutdown blocker for PreviousExperimentProvider
1497414018379	addons.manager	DEBUG	Provider finished startup: PreviousExperimentProvider
1497414018382	DeferredSave.extensions.json	DEBUG	Starting write
1497414018383	DeferredSave.addons.json	DEBUG	Starting write
1497414018915	DeferredSave.extensions.json	DEBUG	Write succeeded
1497414019056	DeferredSave.addons.json	DEBUG	Write succeeded

Build info: version: '2.53.1', revision: 'a36b8b1cd5757287168e54b817830adce9b0158d', time: '2016-06-30 19:26:09'
System info: host: 'DESKTOP-FBGLEMR', ip: '192.168.1.238', os.name: 'Windows 10', os.arch: 'amd64', os.version: '10.0', java.version: '1.8.0_73'
Driver info: driver.version: FirefoxDriver
	at org.openqa.selenium.firefox.internal.NewProfileExtensionConnection.start(NewProfileExtensionConnection.java:125)
	at org.openqa.selenium.firefox.FirefoxDriver.startClient(FirefoxDriver.java:271)
	at org.openqa.selenium.remote.RemoteWebDriver.<init>(RemoteWebDriver.java:119)
	at org.openqa.selenium.firefox.FirefoxDriver.<init>(FirefoxDriver.java:216)
	at org.openqa.selenium.firefox.FirefoxDriver.<init>(FirefoxDriver.java:211)
	at org.openqa.selenium.firefox.FirefoxDriver.<init>(FirefoxDriver.java:128)
	at net.serenitybdd.core.webdriver.driverproviders.FirefoxDriverProvider.newFirefoxDriver(FirefoxDriverProvider.java:67)
	at net.serenitybdd.core.webdriver.driverproviders.FirefoxDriverProvider.newInstance(FirefoxDriverProvider.java:51)
	at net.thucydides.core.webdriver.WebDriverFactory.newWebdriverInstance(WebDriverFactory.java:125)
	at net.thucydides.core.webdriver.WebDriverFacade.newDriverInstance(WebDriverFacade.java:144)
	at net.thucydides.core.webdriver.WebDriverFacade.newProxyDriver(WebDriverFacade.java:135)
	at net.thucydides.core.webdriver.WebDriverFacade.getProxiedDriver(WebDriverFacade.java:105)
	at net.thucydides.core.webdriver.WebDriverFacade.openIgnoringHtmlUnitScriptErrors(WebDriverFacade.java:180)
	at net.thucydides.core.webdriver.WebDriverFacade.get(WebDriverFacade.java:175)
	at net.serenitybdd.core.pages.PageObject.openPageAtUrl(PageObject.java:829)
	at net.serenitybdd.core.pages.PageObject.open(PageObject.java:739)
	at net.serenitybdd.core.pages.PageObject.open(PageObject.java:727)
	at realEstate.steps.serenity.EndUserSteps.is_the_home_page(EndUserSteps.java:32)
	at realEstate.steps.serenity.EndUserSteps$$EnhancerByCGLIB$$4ca527d5.CGLIB$is_the_home_page$1(<generated>)
	at realEstate.steps.serenity.EndUserSteps$$EnhancerByCGLIB$$4ca527d5$$FastClassByCGLIB$$56c7ca20.invoke(<generated>)
	at net.sf.cglib.proxy.MethodProxy.invokeSuper(MethodProxy.java:228)
	at net.thucydides.core.steps.StepInterceptor.invokeMethod(StepInterceptor.java:372)
	at net.thucydides.core.steps.StepInterceptor.executeTestStepMethod(StepInterceptor.java:357)
	at net.thucydides.core.steps.StepInterceptor.runTestStep(StepInterceptor.java:332)
	at net.thucydides.core.steps.StepInterceptor.testStepResult(StepInterceptor.java:134)
	at net.thucydides.core.steps.StepInterceptor.intercept(StepInterceptor.java:61)
	at realEstate.steps.serenity.EndUserSteps$$EnhancerByCGLIB$$4ca527d5.is_the_home_page(<generated>)
	at realEstate.steps.DefinitionSteps.givenTheUserIsOnTheWikionaryHomePage(DefinitionSteps.java:17)
	at sun.reflect.NativeMethodAccessorImpl.invoke0(Native Method)
	at sun.reflect.NativeMethodAccessorImpl.invoke(NativeMethodAccessorImpl.java:62)
	at sun.reflect.DelegatingMethodAccessorImpl.invoke(DelegatingMethodAccessorImpl.java:43)
	at java.lang.reflect.Method.invoke(Method.java:497)
	at cucumber.runtime.Utils$1.call(Utils.java:40)
	at cucumber.runtime.Timeout.timeout(Timeout.java:16)
	at cucumber.runtime.Utils.invoke(Utils.java:34)
	at cucumber.runtime.java.JavaStepDefinition.execute(JavaStepDefinition.java:38)
	at cucumber.runtime.StepDefinitionMatch.runStep(StepDefinitionMatch.java:37)
	at cucumber.runtime.Runtime.runStep(Runtime.java:300)
	at cucumber.runtime.model.StepContainer.runStep(StepContainer.java:44)
	at cucumber.runtime.model.StepContainer.runSteps(StepContainer.java:39)
	at cucumber.runtime.model.CucumberScenario.run(CucumberScenario.java:44)
	at cucumber.runtime.junit.ExecutionUnitRunner.run(ExecutionUnitRunner.java:102)
	at cucumber.runtime.junit.FeatureRunner.runChild(FeatureRunner.java:63)
	at cucumber.runtime.junit.FeatureRunner.runChild(FeatureRunner.java:18)
	at org.junit.runners.ParentRunner$3.run(ParentRunner.java:290)
	at org.junit.runners.ParentRunner$1.schedule(ParentRunner.java:71)
	at org.junit.runners.ParentRunner.runChildren(ParentRunner.java:288)
	at org.junit.runners.ParentRunner.access$000(ParentRunner.java:58)
	at org.junit.runners.ParentRunner$2.evaluate(ParentRunner.java:268)
	at org.junit.runners.ParentRunner.run(ParentRunner.java:363)
	at cucumber.runtime.junit.FeatureRunner.run(FeatureRunner.java:70)
	at cucumber.api.junit.Cucumber.runChild(Cucumber.java:95)
	at cucumber.api.junit.Cucumber.runChild(Cucumber.java:38)
	at org.junit.runners.ParentRunner$3.run(ParentRunner.java:290)
	at org.junit.runners.ParentRunner$1.schedule(ParentRunner.java:71)
	at org.junit.runners.ParentRunner.runChildren(ParentRunner.java:288)
	at org.junit.runners.ParentRunner.access$000(ParentRunner.java:58)
	at org.junit.runners.ParentRunner$2.evaluate(ParentRunner.java:268)
	at org.junit.runners.ParentRunner.run(ParentRunner.java:363)
	at cucumber.api.junit.Cucumber.run(Cucumber.java:100)
	at org.apache.maven.surefire.junit4.JUnit4Provider.execute(JUnit4Provider.java:283)
	at org.apache.maven.surefire.junit4.JUnit4Provider.executeWithRerun(JUnit4Provider.java:173)
	at org.apache.maven.surefire.junit4.JUnit4Provider.executeTestSet(JUnit4Provider.java:153)
	at org.apache.maven.surefire.junit4.JUnit4Provider.invoke(JUnit4Provider.java:128)
	at org.apache.maven.surefire.booter.ForkedBooter.invokeProviderInSameClassLoader(ForkedBooter.java:203)
	at org.apache.maven.surefire.booter.ForkedBooter.runSuitesInProcess(ForkedBooter.java:155)
	at org.apache.maven.surefire.booter.ForkedBooter.main(ForkedBooter.java:103)
Caused by: org.openqa.selenium.firefox.NotConnectedException: Unable to connect to host 127.0.0.1 on port 7055 after 45000 ms. Firefox console output:
"userDisabled":false,"appDisabled":false,"descriptor":"C:\\Program Files (x86)\\Mozilla Firefox\\browser\\extensions\\{972ce4c6-7e08-4474-a285-3208198ce6fd}.xpi","installDate":1495380645549,"updateDate":1495380645549,"applyBackgroundUpdates":1,"skinnable":true,"size":8207,"sourceURI":null,"releaseNotesURI":null,"softDisabled":false,"foreignInstall":false,"hasBinaryComponents":false,"strictCompatibility":true,"locales":[],"targetApplications":[{"id":"{ec8030f7-c20a-464f-9b0e-13a3a9e97384}","minVersion":"53.0.3","maxVersion":"53.0.3"}],"targetPlatforms":[],"seen":true,"dependencies":[],"hasEmbeddedWebExtension":false,"userPermissions":null}
1497414010457	addons.xpi	DEBUG	getModTime: Recursive scan of {972ce4c6-7e08-4474-a285-3208198ce6fd}
1497414010458	DeferredSave.extensions.json	DEBUG	Save changes
1497414010458	addons.xpi	DEBUG	Updating database with changes to installed add-ons
1497414010458	addons.xpi-utils	DEBUG	Updating add-on states
1497414010459	addons.xpi-utils	DEBUG	Writing add-ons list
1497414010468	addons.xpi	DEBUG	Registering manifest for C:\Program Files (x86)\Mozilla Firefox\browser\features\aushelper@mozilla.org.xpi
1497414010469	addons.xpi	DEBUG	Calling bootstrap method startup on aushelper@mozilla.org version 2.0
1497414010471	addons.xpi	DEBUG	Registering manifest for C:\Program Files (x86)\Mozilla Firefox\browser\features\e10srollout@mozilla.org.xpi
1497414010472	addons.xpi	DEBUG	Calling bootstrap method startup on e10srollout@mozilla.org version 1.14
1497414010472	addons.xpi	DEBUG	Registering manifest for C:\Program Files (x86)\Mozilla Firefox\browser\features\firefox@getpocket.com.xpi
1497414010473	addons.xpi	DEBUG	Calling bootstrap method startup on firefox@getpocket.com version 1.0.5
1497414010474	addons.xpi	DEBUG	Registering manifest for C:\Program Files (x86)\Mozilla Firefox\browser\features\webcompat@mozilla.org.xpi
1497414010475	addons.xpi	DEBUG	Calling bootstrap method startup on webcompat@mozilla.org version 1.0
1497414010477	addons.manager	DEBUG	Registering shutdown blocker for XPIProvider
1497414010478	addons.manager	DEBUG	Provider finished startup: XPIProvider
1497414010478	addons.manager	DEBUG	Starting provider: LightweightThemeManager
1497414010478	addons.manager	DEBUG	Registering shutdown blocker for LightweightThemeManager
1497414010478	addons.manager	DEBUG	Provider finished startup: LightweightThemeManager
1497414010479	addons.manager	DEBUG	Starting provider: GMPProvider
1497414010483	addons.manager	DEBUG	Registering shutdown blocker for GMPProvider
1497414010483	addons.manager	DEBUG	Provider finished startup: GMPProvider
1497414010483	addons.manager	DEBUG	Starting provider: PluginProvider
1497414010483	addons.manager	DEBUG	Registering shutdown blocker for PluginProvider
1497414010484	addons.manager	DEBUG	Provider finished startup: PluginProvider
1497414010484	addons.manager	DEBUG	Completed startup sequence
1497414015215	addons.manager	DEBUG	Starting provider: <unnamed-provider>
1497414015215	addons.manager	DEBUG	Registering shutdown blocker for <unnamed-provider>
1497414015215	addons.manager	DEBUG	Provider finished startup: <unnamed-provider>
1497414016280	DeferredSave.extensions.json	DEBUG	Write succeeded
1497414016280	addons.xpi-utils	DEBUG	XPI Database saved, setting schema version preference to 19
1497414016280	DeferredSave.extensions.json	DEBUG	Starting timer
1497414016299	addons.repository	DEBUG	No addons.json found.
1497414016299	DeferredSave.addons.json	DEBUG	Save changes
1497414016328	DeferredSave.addons.json	DEBUG	Starting timer
1497414018378	addons.manager	DEBUG	Starting provider: PreviousExperimentProvider
1497414018379	addons.manager	DEBUG	Registering shutdown blocker for PreviousExperimentProvider
1497414018379	addons.manager	DEBUG	Provider finished startup: PreviousExperimentProvider
1497414018382	DeferredSave.extensions.json	DEBUG	Starting write
1497414018383	DeferredSave.addons.json	DEBUG	Starting write
1497414018915	DeferredSave.extensions.json	DEBUG	Write succeeded
1497414019056	DeferredSave.addons.json	DEBUG	Write succeeded

	at org.openqa.selenium.firefox.internal.NewProfileExtensionConnection.start(NewProfileExtensionConnection.java:113)
	at org.openqa.selenium.firefox.FirefoxDriver.startClient(FirefoxDriver.java:271)
	at org.openqa.selenium.remote.RemoteWebDriver.<init>(RemoteWebDriver.java:119)
	at org.openqa.selenium.firefox.FirefoxDriver.<init>(FirefoxDriver.java:216)
	at org.openqa.selenium.firefox.FirefoxDriver.<init>(FirefoxDriver.java:211)
	at org.openqa.selenium.firefox.FirefoxDriver.<init>(FirefoxDriver.java:128)
	at net.serenitybdd.core.webdriver.driverproviders.FirefoxDriverProvider.newFirefoxDriver(FirefoxDriverProvider.java:67)
	at net.serenitybdd.core.webdriver.driverproviders.FirefoxDriverProvider.newInstance(FirefoxDriverProvider.java:51)
	at net.thucydides.core.webdriver.WebDriverFactory.newWebdriverInstance(WebDriverFactory.java:125)
	at net.thucydides.core.webdriver.WebDriverFacade.newDriverInstance(WebDriverFacade.java:144)
	at net.thucydides.core.webdriver.WebDriverFacade.newProxyDriver(WebDriverFacade.java:135)
	at net.thucydides.core.webdriver.WebDriverFacade.getProxiedDriver(WebDriverFacade.java:105)
	at net.thucydides.core.webdriver.WebDriverFacade.openIgnoringHtmlUnitScriptErrors(WebDriverFacade.java:180)
	at net.thucydides.core.webdriver.WebDriverFacade.get(WebDriverFacade.java:175)
	at net.serenitybdd.core.pages.PageObject.openPageAtUrl(PageObject.java:829)
	at net.serenitybdd.core.pages.PageObject.open(PageObject.java:739)
	at net.serenitybdd.core.pages.PageObject.open(PageObject.java:727)
	at realEstate.steps.serenity.EndUserSteps.is_the_home_page(EndUserSteps.java:32)
	at realEstate.steps.serenity.EndUserSteps$$EnhancerByCGLIB$$4ca527d5.CGLIB$is_the_home_page$1(<generated>)
	at realEstate.steps.serenity.EndUserSteps$$EnhancerByCGLIB$$4ca527d5$$FastClassByCGLIB$$56c7ca20.invoke(<generated>)
	at net.sf.cglib.proxy.MethodProxy.invokeSuper(MethodProxy.java:228)
	at net.thucydides.core.steps.StepInterceptor.invokeMethod(StepInterceptor.java:372)
	at net.thucydides.core.steps.StepInterceptor.executeTestStepMethod(StepInterceptor.java:357)
	at net.thucydides.core.steps.StepInterceptor.runTestStep(StepInterceptor.java:332)
	at net.thucydides.core.steps.StepInterceptor.testStepResult(StepInterceptor.java:134)
	at net.thucydides.core.steps.StepInterceptor.intercept(StepInterceptor.java:61)
	at realEstate.steps.serenity.EndUserSteps$$EnhancerByCGLIB$$4ca527d5.is_the_home_page(<generated>)
	at realEstate.steps.DefinitionSteps.givenTheUserIsOnTheWikionaryHomePage(DefinitionSteps.java:17)
	at sun.reflect.NativeMethodAccessorImpl.invoke0(Native Method)
	at sun.reflect.NativeMethodAccessorImpl.invoke(NativeMethodAccessorImpl.java:62)
	at sun.reflect.DelegatingMethodAccessorImpl.invoke(DelegatingMethodAccessorImpl.java:43)
	at java.lang.reflect.Method.invoke(Method.java:497)
	at cucumber.runtime.Utils$1.call(Utils.java:40)
	at cucumber.runtime.Timeout.timeout(Timeout.java:16)
	at cucumber.runtime.Utils.invoke(Utils.java:34)
	at cucumber.runtime.java.JavaStepDefinition.execute(JavaStepDefinition.java:38)
	at cucumber.runtime.StepDefinitionMatch.runStep(StepDefinitionMatch.java:37)
	at cucumber.runtime.Runtime.runStep(Runtime.java:300)
	at cucumber.runtime.model.StepContainer.runStep(StepContainer.java:44)
	at cucumber.runtime.model.StepContainer.runSteps(StepContainer.java:39)
	at cucumber.runtime.model.CucumberScenario.run(CucumberScenario.java:44)
	at cucumber.runtime.junit.ExecutionUnitRunner.run(ExecutionUnitRunner.java:102)
	at cucumber.runtime.junit.FeatureRunner.runChild(FeatureRunner.java:63)
	at cucumber.runtime.junit.FeatureRunner.runChild(FeatureRunner.java:18)
	at org.junit.runners.ParentRunner$3.run(ParentRunner.java:290)
	at org.junit.runners.ParentRunner$1.schedule(ParentRunner.java:71)
	at org.junit.runners.ParentRunner.runChildren(ParentRunner.java:288)
	at org.junit.runners.ParentRunner.access$000(ParentRunner.java:58)
	at org.junit.runners.ParentRunner$2.evaluate(ParentRunner.java:268)
	at org.junit.runners.ParentRunner.run(ParentRunner.java:363)
	at cucumber.runtime.junit.FeatureRunner.run(FeatureRunner.java:70)
	at cucumber.api.junit.Cucumber.runChild(Cucumber.java:95)
	at cucumber.api.junit.Cucumber.runChild(Cucumber.java:38)
	at org.junit.runners.ParentRunner$3.run(ParentRunner.java:290)
	at org.junit.runners.ParentRunner$1.schedule(ParentRunner.java:71)
	at org.junit.runners.ParentRunner.runChildren(ParentRunner.java:288)
	at org.junit.runners.ParentRunner.access$000(ParentRunner.java:58)
	at org.junit.runners.ParentRunner$2.evaluate(ParentRunner.java:268)
	at org.junit.runners.ParentRunner.run(ParentRunner.java:363)
	at cucumber.api.junit.Cucumber.run(Cucumber.java:100)
	at org.apache.maven.surefire.junit4.JUnit4Provider.execute(JUnit4Provider.java:283)
	at org.apache.maven.surefire.junit4.JUnit4Provider.executeWithRerun(JUnit4Provider.java:173)
	at org.apache.maven.surefire.junit4.JUnit4Provider.executeTestSet(JUnit4Provider.java:153)
	at org.apache.maven.surefire.junit4.JUnit4Provider.invoke(JUnit4Provider.java:128)
	at org.apache.maven.surefire.booter.ForkedBooter.invokeProviderInSameClassLoader(ForkedBooter.java:203)
	at org.apache.maven.surefire.booter.ForkedBooter.runSuitesInProcess(ForkedBooter.java:155)
	at org.apache.maven.surefire.booter.ForkedBooter.main(ForkedBooter.java:103)
]]></error>
  </testcase>
  <testcase name="When the user looks up the definition of the word &apos;apple&apos;" classname="Scenario: Looking up the definition of &apos;apple&apos;" time="0">
    <skipped/>
  </testcase>
  <testcase name="Then they should see the definition &apos;A common, round fruit produced by the tree Malus domestica, cultivated in temperate climates.&apos;" classname="Scenario: Looking up the definition of &apos;apple&apos;" time="0">
    <skipped/>
  </testcase>
  <testcase name="Given the user is on the Wikionary home page" classname="Scenario: Looking up the definition of &apos;pear&apos;" time="0">
    <error message="Could not instantiate class org.openqa.selenium.firefox.FirefoxDriver" type="net.thucydides.core.webdriver.UnsupportedDriverException"><![CDATA[net.thucydides.core.webdriver.UnsupportedDriverException: Could not instantiate class org.openqa.selenium.firefox.FirefoxDriver
	at net.thucydides.core.webdriver.WebDriverFacade.newDriverInstance(WebDriverFacade.java:148)
	at net.thucydides.core.webdriver.WebDriverFacade.newProxyDriver(WebDriverFacade.java:135)
	at net.thucydides.core.webdriver.WebDriverFacade.getProxiedDriver(WebDriverFacade.java:105)
	at net.thucydides.core.webdriver.WebDriverFacade.openIgnoringHtmlUnitScriptErrors(WebDriverFacade.java:180)
	at net.thucydides.core.webdriver.WebDriverFacade.get(WebDriverFacade.java:175)
	at net.serenitybdd.core.pages.PageObject.openPageAtUrl(PageObject.java:829)
	at net.serenitybdd.core.pages.PageObject.open(PageObject.java:739)
	at net.serenitybdd.core.pages.PageObject.open(PageObject.java:727)
	at realEstate.steps.serenity.EndUserSteps.is_the_home_page(EndUserSteps.java:32)
	at realEstate.steps.serenity.EndUserSteps$$EnhancerByCGLIB$$4ca527d5.CGLIB$is_the_home_page$1(<generated>)
	at realEstate.steps.serenity.EndUserSteps$$EnhancerByCGLIB$$4ca527d5$$FastClassByCGLIB$$56c7ca20.invoke(<generated>)
	at net.sf.cglib.proxy.MethodProxy.invokeSuper(MethodProxy.java:228)
	at net.thucydides.core.steps.StepInterceptor.invokeMethod(StepInterceptor.java:372)
	at net.thucydides.core.steps.StepInterceptor.executeTestStepMethod(StepInterceptor.java:357)
	at net.thucydides.core.steps.StepInterceptor.runTestStep(StepInterceptor.java:332)
	at net.thucydides.core.steps.StepInterceptor.testStepResult(StepInterceptor.java:134)
	at net.thucydides.core.steps.StepInterceptor.intercept(StepInterceptor.java:61)
	at realEstate.steps.serenity.EndUserSteps$$EnhancerByCGLIB$$4ca527d5.is_the_home_page(<generated>)
	at realEstate.steps.DefinitionSteps.givenTheUserIsOnTheWikionaryHomePage(DefinitionSteps.java:17)
	at âœ½.Given the user is on the Wikionary home page(src/test/resources/features/consult_dictionary/LookupADefinition.feature:12)
Caused by: net.thucydides.core.webdriver.UnsupportedDriverException: Could not instantiate new webdriver instance of type class org.openqa.selenium.firefox.FirefoxDriver (Failed to connect to binary FirefoxBinary(C:\Program Files (x86)\Mozilla Firefox\firefox.exe) on port 7055; process output follows: 
"userDisabled":false,"appDisabled":false,"descriptor":"C:\\Program Files (x86)\\Mozilla Firefox\\browser\\extensions\\{972ce4c6-7e08-4474-a285-3208198ce6fd}.xpi","installDate":1495380645549,"updateDate":1495380645549,"applyBackgroundUpdates":1,"skinnable":true,"size":8207,"sourceURI":null,"releaseNotesURI":null,"softDisabled":false,"foreignInstall":false,"hasBinaryComponents":false,"strictCompatibility":true,"locales":[],"targetApplications":[{"id":"{ec8030f7-c20a-464f-9b0e-13a3a9e97384}","minVersion":"53.0.3","maxVersion":"53.0.3"}],"targetPlatforms":[],"seen":true,"dependencies":[],"hasEmbeddedWebExtension":false,"userPermissions":null}
1497414074179	addons.xpi	DEBUG	getModTime: Recursive scan of {972ce4c6-7e08-4474-a285-3208198ce6fd}
1497414074180	DeferredSave.extensions.json	DEBUG	Save changes
1497414074180	addons.xpi	DEBUG	Updating database with changes to installed add-ons
1497414074180	addons.xpi-utils	DEBUG	Updating add-on states
1497414074181	addons.xpi-utils	DEBUG	Writing add-ons list
1497414074186	addons.xpi	DEBUG	Registering manifest for C:\Program Files (x86)\Mozilla Firefox\browser\features\aushelper@mozilla.org.xpi
1497414074186	addons.xpi	DEBUG	Calling bootstrap method startup on aushelper@mozilla.org version 2.0
1497414074188	addons.xpi	DEBUG	Registering manifest for C:\Program Files (x86)\Mozilla Firefox\browser\features\e10srollout@mozilla.org.xpi
1497414074190	addons.xpi	DEBUG	Calling bootstrap method startup on e10srollout@mozilla.org version 1.14
1497414074191	addons.xpi	DEBUG	Registering manifest for C:\Program Files (x86)\Mozilla Firefox\browser\features\firefox@getpocket.com.xpi
1497414074192	addons.xpi	DEBUG	Calling bootstrap method startup on firefox@getpocket.com version 1.0.5
1497414074194	addons.xpi	DEBUG	Registering manifest for C:\Program Files (x86)\Mozilla Firefox\browser\features\webcompat@mozilla.org.xpi
1497414074195	addons.xpi	DEBUG	Calling bootstrap method startup on webcompat@mozilla.org version 1.0
1497414074200	addons.manager	DEBUG	Registering shutdown blocker for XPIProvider
1497414074201	addons.manager	DEBUG	Provider finished startup: XPIProvider
1497414074201	addons.manager	DEBUG	Starting provider: LightweightThemeManager
1497414074201	addons.manager	DEBUG	Registering shutdown blocker for LightweightThemeManager
1497414074201	addons.manager	DEBUG	Provider finished startup: LightweightThemeManager
1497414074202	addons.manager	DEBUG	Starting provider: GMPProvider
1497414074209	addons.manager	DEBUG	Registering shutdown blocker for GMPProvider
1497414074209	addons.manager	DEBUG	Provider finished startup: GMPProvider
1497414074209	addons.manager	DEBUG	Starting provider: PluginProvider
1497414074209	addons.manager	DEBUG	Registering shutdown blocker for PluginProvider
1497414074209	addons.manager	DEBUG	Provider finished startup: PluginProvider
1497414074210	addons.manager	DEBUG	Completed startup sequence
1497414079505	addons.manager	DEBUG	Starting provider: <unnamed-provider>
1497414079505	addons.manager	DEBUG	Registering shutdown blocker for <unnamed-provider>
1497414079505	addons.manager	DEBUG	Provider finished startup: <unnamed-provider>
1497414079763	DeferredSave.extensions.json	DEBUG	Write succeeded
1497414079763	addons.xpi-utils	DEBUG	XPI Database saved, setting schema version preference to 19
1497414079763	DeferredSave.extensions.json	DEBUG	Starting timer
1497414079785	DeferredSave.extensions.json	DEBUG	Starting write
1497414079792	addons.repository	DEBUG	No addons.json found.
1497414079792	DeferredSave.addons.json	DEBUG	Save changes
1497414079795	DeferredSave.addons.json	DEBUG	Starting timer
1497414079880	addons.manager	DEBUG	Starting provider: PreviousExperimentProvider
1497414079881	addons.manager	DEBUG	Registering shutdown blocker for PreviousExperimentProvider
1497414079881	addons.manager	DEBUG	Provider finished startup: PreviousExperimentProvider
1497414079883	DeferredSave.addons.json	DEBUG	Starting write
1497414079906	DeferredSave.extensions.json	DEBUG	Write succeeded
1497414079940	DeferredSave.addons.json	DEBUG	Write succeeded

Build info: version: '2.53.1', revision: 'a36b8b1cd5757287168e54b817830adce9b0158d', time: '2016-06-30 19:26:09'
System info: host: 'DESKTOP-FBGLEMR', ip: '192.168.1.238', os.name: 'Windows 10', os.arch: 'amd64', os.version: '10.0', java.version: '1.8.0_73'
Driver info: driver.version: FirefoxDriver
	at net.thucydides.core.webdriver.WebDriverFactory.newWebdriverInstance(WebDriverFactory.java:135)
	at net.thucydides.core.webdriver.WebDriverFacade.newDriverInstance(WebDriverFacade.java:144)
	at net.thucydides.core.webdriver.WebDriverFacade.newProxyDriver(WebDriverFacade.java:135)
	at net.thucydides.core.webdriver.WebDriverFacade.getProxiedDriver(WebDriverFacade.java:105)
	at net.thucydides.core.webdriver.WebDriverFacade.openIgnoringHtmlUnitScriptErrors(WebDriverFacade.java:180)
	at net.thucydides.core.webdriver.WebDriverFacade.get(WebDriverFacade.java:175)
	at net.serenitybdd.core.pages.PageObject.openPageAtUrl(PageObject.java:829)
	at net.serenitybdd.core.pages.PageObject.open(PageObject.java:739)
	at net.serenitybdd.core.pages.PageObject.open(PageObject.java:727)
	at realEstate.steps.serenity.EndUserSteps.is_the_home_page(EndUserSteps.java:32)
	at realEstate.steps.serenity.EndUserSteps$$EnhancerByCGLIB$$4ca527d5.CGLIB$is_the_home_page$1(<generated>)
	at realEstate.steps.serenity.EndUserSteps$$EnhancerByCGLIB$$4ca527d5$$FastClassByCGLIB$$56c7ca20.invoke(<generated>)
	at net.sf.cglib.proxy.MethodProxy.invokeSuper(MethodProxy.java:228)
	at net.thucydides.core.steps.StepInterceptor.invokeMethod(StepInterceptor.java:372)
	at net.thucydides.core.steps.StepInterceptor.executeTestStepMethod(StepInterceptor.java:357)
	at net.thucydides.core.steps.StepInterceptor.runTestStep(StepInterceptor.java:332)
	at net.thucydides.core.steps.StepInterceptor.testStepResult(StepInterceptor.java:134)
	at net.thucydides.core.steps.StepInterceptor.intercept(StepInterceptor.java:61)
	at realEstate.steps.serenity.EndUserSteps$$EnhancerByCGLIB$$4ca527d5.is_the_home_page(<generated>)
	at realEstate.steps.DefinitionSteps.givenTheUserIsOnTheWikionaryHomePage(DefinitionSteps.java:17)
	at sun.reflect.NativeMethodAccessorImpl.invoke0(Native Method)
	at sun.reflect.NativeMethodAccessorImpl.invoke(NativeMethodAccessorImpl.java:62)
	at sun.reflect.DelegatingMethodAccessorImpl.invoke(DelegatingMethodAccessorImpl.java:43)
	at java.lang.reflect.Method.invoke(Method.java:497)
	at cucumber.runtime.Utils$1.call(Utils.java:40)
	at cucumber.runtime.Timeout.timeout(Timeout.java:16)
	at cucumber.runtime.Utils.invoke(Utils.java:34)
	at cucumber.runtime.java.JavaStepDefinition.execute(JavaStepDefinition.java:38)
	at cucumber.runtime.StepDefinitionMatch.runStep(StepDefinitionMatch.java:37)
	at cucumber.runtime.Runtime.runStep(Runtime.java:300)
	at cucumber.runtime.model.StepContainer.runStep(StepContainer.java:44)
	at cucumber.runtime.model.StepContainer.runSteps(StepContainer.java:39)
	at cucumber.runtime.model.CucumberScenario.run(CucumberScenario.java:44)
	at cucumber.runtime.junit.ExecutionUnitRunner.run(ExecutionUnitRunner.java:102)
	at cucumber.runtime.junit.FeatureRunner.runChild(FeatureRunner.java:63)
	at cucumber.runtime.junit.FeatureRunner.runChild(FeatureRunner.java:18)
	at org.junit.runners.ParentRunner$3.run(ParentRunner.java:290)
	at org.junit.runners.ParentRunner$1.schedule(ParentRunner.java:71)
	at org.junit.runners.ParentRunner.runChildren(ParentRunner.java:288)
	at org.junit.runners.ParentRunner.access$000(ParentRunner.java:58)
	at org.junit.runners.ParentRunner$2.evaluate(ParentRunner.java:268)
	at org.junit.runners.ParentRunner.run(ParentRunner.java:363)
	at cucumber.runtime.junit.FeatureRunner.run(FeatureRunner.java:70)
	at cucumber.api.junit.Cucumber.runChild(Cucumber.java:95)
	at cucumber.api.junit.Cucumber.runChild(Cucumber.java:38)
	at org.junit.runners.ParentRunner$3.run(ParentRunner.java:290)
	at org.junit.runners.ParentRunner$1.schedule(ParentRunner.java:71)
	at org.junit.runners.ParentRunner.runChildren(ParentRunner.java:288)
	at org.junit.runners.ParentRunner.access$000(ParentRunner.java:58)
	at org.junit.runners.ParentRunner$2.evaluate(ParentRunner.java:268)
	at org.junit.runners.ParentRunner.run(ParentRunner.java:363)
	at cucumber.api.junit.Cucumber.run(Cucumber.java:100)
	at org.apache.maven.surefire.junit4.JUnit4Provider.execute(JUnit4Provider.java:283)
	at org.apache.maven.surefire.junit4.JUnit4Provider.executeWithRerun(JUnit4Provider.java:173)
	at org.apache.maven.surefire.junit4.JUnit4Provider.executeTestSet(JUnit4Provider.java:153)
	at org.apache.maven.surefire.junit4.JUnit4Provider.invoke(JUnit4Provider.java:128)
	at org.apache.maven.surefire.booter.ForkedBooter.invokeProviderInSameClassLoader(ForkedBooter.java:203)
	at org.apache.maven.surefire.booter.ForkedBooter.runSuitesInProcess(ForkedBooter.java:155)
	at org.apache.maven.surefire.booter.ForkedBooter.main(ForkedBooter.java:103)
Caused by: org.openqa.selenium.WebDriverException: Failed to connect to binary FirefoxBinary(C:\Program Files (x86)\Mozilla Firefox\firefox.exe) on port 7055; process output follows: 
"userDisabled":false,"appDisabled":false,"descriptor":"C:\\Program Files (x86)\\Mozilla Firefox\\browser\\extensions\\{972ce4c6-7e08-4474-a285-3208198ce6fd}.xpi","installDate":1495380645549,"updateDate":1495380645549,"applyBackgroundUpdates":1,"skinnable":true,"size":8207,"sourceURI":null,"releaseNotesURI":null,"softDisabled":false,"foreignInstall":false,"hasBinaryComponents":false,"strictCompatibility":true,"locales":[],"targetApplications":[{"id":"{ec8030f7-c20a-464f-9b0e-13a3a9e97384}","minVersion":"53.0.3","maxVersion":"53.0.3"}],"targetPlatforms":[],"seen":true,"dependencies":[],"hasEmbeddedWebExtension":false,"userPermissions":null}
1497414074179	addons.xpi	DEBUG	getModTime: Recursive scan of {972ce4c6-7e08-4474-a285-3208198ce6fd}
1497414074180	DeferredSave.extensions.json	DEBUG	Save changes
1497414074180	addons.xpi	DEBUG	Updating database with changes to installed add-ons
1497414074180	addons.xpi-utils	DEBUG	Updating add-on states
1497414074181	addons.xpi-utils	DEBUG	Writing add-ons list
1497414074186	addons.xpi	DEBUG	Registering manifest for C:\Program Files (x86)\Mozilla Firefox\browser\features\aushelper@mozilla.org.xpi
1497414074186	addons.xpi	DEBUG	Calling bootstrap method startup on aushelper@mozilla.org version 2.0
1497414074188	addons.xpi	DEBUG	Registering manifest for C:\Program Files (x86)\Mozilla Firefox\browser\features\e10srollout@mozilla.org.xpi
1497414074190	addons.xpi	DEBUG	Calling bootstrap method startup on e10srollout@mozilla.org version 1.14
1497414074191	addons.xpi	DEBUG	Registering manifest for C:\Program Files (x86)\Mozilla Firefox\browser\features\firefox@getpocket.com.xpi
1497414074192	addons.xpi	DEBUG	Calling bootstrap method startup on firefox@getpocket.com version 1.0.5
1497414074194	addons.xpi	DEBUG	Registering manifest for C:\Program Files (x86)\Mozilla Firefox\browser\features\webcompat@mozilla.org.xpi
1497414074195	addons.xpi	DEBUG	Calling bootstrap method startup on webcompat@mozilla.org version 1.0
1497414074200	addons.manager	DEBUG	Registering shutdown blocker for XPIProvider
1497414074201	addons.manager	DEBUG	Provider finished startup: XPIProvider
1497414074201	addons.manager	DEBUG	Starting provider: LightweightThemeManager
1497414074201	addons.manager	DEBUG	Registering shutdown blocker for LightweightThemeManager
1497414074201	addons.manager	DEBUG	Provider finished startup: LightweightThemeManager
1497414074202	addons.manager	DEBUG	Starting provider: GMPProvider
1497414074209	addons.manager	DEBUG	Registering shutdown blocker for GMPProvider
1497414074209	addons.manager	DEBUG	Provider finished startup: GMPProvider
1497414074209	addons.manager	DEBUG	Starting provider: PluginProvider
1497414074209	addons.manager	DEBUG	Registering shutdown blocker for PluginProvider
1497414074209	addons.manager	DEBUG	Provider finished startup: PluginProvider
1497414074210	addons.manager	DEBUG	Completed startup sequence
1497414079505	addons.manager	DEBUG	Starting provider: <unnamed-provider>
1497414079505	addons.manager	DEBUG	Registering shutdown blocker for <unnamed-provider>
1497414079505	addons.manager	DEBUG	Provider finished startup: <unnamed-provider>
1497414079763	DeferredSave.extensions.json	DEBUG	Write succeeded
1497414079763	addons.xpi-utils	DEBUG	XPI Database saved, setting schema version preference to 19
1497414079763	DeferredSave.extensions.json	DEBUG	Starting timer
1497414079785	DeferredSave.extensions.json	DEBUG	Starting write
1497414079792	addons.repository	DEBUG	No addons.json found.
1497414079792	DeferredSave.addons.json	DEBUG	Save changes
1497414079795	DeferredSave.addons.json	DEBUG	Starting timer
1497414079880	addons.manager	DEBUG	Starting provider: PreviousExperimentProvider
1497414079881	addons.manager	DEBUG	Registering shutdown blocker for PreviousExperimentProvider
1497414079881	addons.manager	DEBUG	Provider finished startup: PreviousExperimentProvider
1497414079883	DeferredSave.addons.json	DEBUG	Starting write
1497414079906	DeferredSave.extensions.json	DEBUG	Write succeeded
1497414079940	DeferredSave.addons.json	DEBUG	Write succeeded

Build info: version: '2.53.1', revision: 'a36b8b1cd5757287168e54b817830adce9b0158d', time: '2016-06-30 19:26:09'
System info: host: 'DESKTOP-FBGLEMR', ip: '192.168.1.238', os.name: 'Windows 10', os.arch: 'amd64', os.version: '10.0', java.version: '1.8.0_73'
Driver info: driver.version: FirefoxDriver
	at org.openqa.selenium.firefox.internal.NewProfileExtensionConnection.start(NewProfileExtensionConnection.java:125)
	at org.openqa.selenium.firefox.FirefoxDriver.startClient(FirefoxDriver.java:271)
	at org.openqa.selenium.remote.RemoteWebDriver.<init>(RemoteWebDriver.java:119)
	at org.openqa.selenium.firefox.FirefoxDriver.<init>(FirefoxDriver.java:216)
	at org.openqa.selenium.firefox.FirefoxDriver.<init>(FirefoxDriver.java:211)
	at org.openqa.selenium.firefox.FirefoxDriver.<init>(FirefoxDriver.java:128)
	at net.serenitybdd.core.webdriver.driverproviders.FirefoxDriverProvider.newFirefoxDriver(FirefoxDriverProvider.java:67)
	at net.serenitybdd.core.webdriver.driverproviders.FirefoxDriverProvider.newInstance(FirefoxDriverProvider.java:51)
	at net.thucydides.core.webdriver.WebDriverFactory.newWebdriverInstance(WebDriverFactory.java:125)
	at net.thucydides.core.webdriver.WebDriverFacade.newDriverInstance(WebDriverFacade.java:144)
	at net.thucydides.core.webdriver.WebDriverFacade.newProxyDriver(WebDriverFacade.java:135)
	at net.thucydides.core.webdriver.WebDriverFacade.getProxiedDriver(WebDriverFacade.java:105)
	at net.thucydides.core.webdriver.WebDriverFacade.openIgnoringHtmlUnitScriptErrors(WebDriverFacade.java:180)
	at net.thucydides.core.webdriver.WebDriverFacade.get(WebDriverFacade.java:175)
	at net.serenitybdd.core.pages.PageObject.openPageAtUrl(PageObject.java:829)
	at net.serenitybdd.core.pages.PageObject.open(PageObject.java:739)
	at net.serenitybdd.core.pages.PageObject.open(PageObject.java:727)
	at realEstate.steps.serenity.EndUserSteps.is_the_home_page(EndUserSteps.java:32)
	at realEstate.steps.serenity.EndUserSteps$$EnhancerByCGLIB$$4ca527d5.CGLIB$is_the_home_page$1(<generated>)
	at realEstate.steps.serenity.EndUserSteps$$EnhancerByCGLIB$$4ca527d5$$FastClassByCGLIB$$56c7ca20.invoke(<generated>)
	at net.sf.cglib.proxy.MethodProxy.invokeSuper(MethodProxy.java:228)
	at net.thucydides.core.steps.StepInterceptor.invokeMethod(StepInterceptor.java:372)
	at net.thucydides.core.steps.StepInterceptor.executeTestStepMethod(StepInterceptor.java:357)
	at net.thucydides.core.steps.StepInterceptor.runTestStep(StepInterceptor.java:332)
	at net.thucydides.core.steps.StepInterceptor.testStepResult(StepInterceptor.java:134)
	at net.thucydides.core.steps.StepInterceptor.intercept(StepInterceptor.java:61)
	at realEstate.steps.serenity.EndUserSteps$$EnhancerByCGLIB$$4ca527d5.is_the_home_page(<generated>)
	at realEstate.steps.DefinitionSteps.givenTheUserIsOnTheWikionaryHomePage(DefinitionSteps.java:17)
	at sun.reflect.NativeMethodAccessorImpl.invoke0(Native Method)
	at sun.reflect.NativeMethodAccessorImpl.invoke(NativeMethodAccessorImpl.java:62)
	at sun.reflect.DelegatingMethodAccessorImpl.invoke(DelegatingMethodAccessorImpl.java:43)
	at java.lang.reflect.Method.invoke(Method.java:497)
	at cucumber.runtime.Utils$1.call(Utils.java:40)
	at cucumber.runtime.Timeout.timeout(Timeout.java:16)
	at cucumber.runtime.Utils.invoke(Utils.java:34)
	at cucumber.runtime.java.JavaStepDefinition.execute(JavaStepDefinition.java:38)
	at cucumber.runtime.StepDefinitionMatch.runStep(StepDefinitionMatch.java:37)
	at cucumber.runtime.Runtime.runStep(Runtime.java:300)
	at cucumber.runtime.model.StepContainer.runStep(StepContainer.java:44)
	at cucumber.runtime.model.StepContainer.runSteps(StepContainer.java:39)
	at cucumber.runtime.model.CucumberScenario.run(CucumberScenario.java:44)
	at cucumber.runtime.junit.ExecutionUnitRunner.run(ExecutionUnitRunner.java:102)
	at cucumber.runtime.junit.FeatureRunner.runChild(FeatureRunner.java:63)
	at cucumber.runtime.junit.FeatureRunner.runChild(FeatureRunner.java:18)
	at org.junit.runners.ParentRunner$3.run(ParentRunner.java:290)
	at org.junit.runners.ParentRunner$1.schedule(ParentRunner.java:71)
	at org.junit.runners.ParentRunner.runChildren(ParentRunner.java:288)
	at org.junit.runners.ParentRunner.access$000(ParentRunner.java:58)
	at org.junit.runners.ParentRunner$2.evaluate(ParentRunner.java:268)
	at org.junit.runners.ParentRunner.run(ParentRunner.java:363)
	at cucumber.runtime.junit.FeatureRunner.run(FeatureRunner.java:70)
	at cucumber.api.junit.Cucumber.runChild(Cucumber.java:95)
	at cucumber.api.junit.Cucumber.runChild(Cucumber.java:38)
	at org.junit.runners.ParentRunner$3.run(ParentRunner.java:290)
	at org.junit.runners.ParentRunner$1.schedule(ParentRunner.java:71)
	at org.junit.runners.ParentRunner.runChildren(ParentRunner.java:288)
	at org.junit.runners.ParentRunner.access$000(ParentRunner.java:58)
	at org.junit.runners.ParentRunner$2.evaluate(ParentRunner.java:268)
	at org.junit.runners.ParentRunner.run(ParentRunner.java:363)
	at cucumber.api.junit.Cucumber.run(Cucumber.java:100)
	at org.apache.maven.surefire.junit4.JUnit4Provider.execute(JUnit4Provider.java:283)
	at org.apache.maven.surefire.junit4.JUnit4Provider.executeWithRerun(JUnit4Provider.java:173)
	at org.apache.maven.surefire.junit4.JUnit4Provider.executeTestSet(JUnit4Provider.java:153)
	at org.apache.maven.surefire.junit4.JUnit4Provider.invoke(JUnit4Provider.java:128)
	at org.apache.maven.surefire.booter.ForkedBooter.invokeProviderInSameClassLoader(ForkedBooter.java:203)
	at org.apache.maven.surefire.booter.ForkedBooter.runSuitesInProcess(ForkedBooter.java:155)
	at org.apache.maven.surefire.booter.ForkedBooter.main(ForkedBooter.java:103)
Caused by: org.openqa.selenium.firefox.NotConnectedException: Unable to connect to host 127.0.0.1 on port 7055 after 45000 ms. Firefox console output:
"userDisabled":false,"appDisabled":false,"descriptor":"C:\\Program Files (x86)\\Mozilla Firefox\\browser\\extensions\\{972ce4c6-7e08-4474-a285-3208198ce6fd}.xpi","installDate":1495380645549,"updateDate":1495380645549,"applyBackgroundUpdates":1,"skinnable":true,"size":8207,"sourceURI":null,"releaseNotesURI":null,"softDisabled":false,"foreignInstall":false,"hasBinaryComponents":false,"strictCompatibility":true,"locales":[],"targetApplications":[{"id":"{ec8030f7-c20a-464f-9b0e-13a3a9e97384}","minVersion":"53.0.3","maxVersion":"53.0.3"}],"targetPlatforms":[],"seen":true,"dependencies":[],"hasEmbeddedWebExtension":false,"userPermissions":null}
1497414074179	addons.xpi	DEBUG	getModTime: Recursive scan of {972ce4c6-7e08-4474-a285-3208198ce6fd}
1497414074180	DeferredSave.extensions.json	DEBUG	Save changes
1497414074180	addons.xpi	DEBUG	Updating database with changes to installed add-ons
1497414074180	addons.xpi-utils	DEBUG	Updating add-on states
1497414074181	addons.xpi-utils	DEBUG	Writing add-ons list
1497414074186	addons.xpi	DEBUG	Registering manifest for C:\Program Files (x86)\Mozilla Firefox\browser\features\aushelper@mozilla.org.xpi
1497414074186	addons.xpi	DEBUG	Calling bootstrap method startup on aushelper@mozilla.org version 2.0
1497414074188	addons.xpi	DEBUG	Registering manifest for C:\Program Files (x86)\Mozilla Firefox\browser\features\e10srollout@mozilla.org.xpi
1497414074190	addons.xpi	DEBUG	Calling bootstrap method startup on e10srollout@mozilla.org version 1.14
1497414074191	addons.xpi	DEBUG	Registering manifest for C:\Program Files (x86)\Mozilla Firefox\browser\features\firefox@getpocket.com.xpi
1497414074192	addons.xpi	DEBUG	Calling bootstrap method startup on firefox@getpocket.com version 1.0.5
1497414074194	addons.xpi	DEBUG	Registering manifest for C:\Program Files (x86)\Mozilla Firefox\browser\features\webcompat@mozilla.org.xpi
1497414074195	addons.xpi	DEBUG	Calling bootstrap method startup on webcompat@mozilla.org version 1.0
1497414074200	addons.manager	DEBUG	Registering shutdown blocker for XPIProvider
1497414074201	addons.manager	DEBUG	Provider finished startup: XPIProvider
1497414074201	addons.manager	DEBUG	Starting provider: LightweightThemeManager
1497414074201	addons.manager	DEBUG	Registering shutdown blocker for LightweightThemeManager
1497414074201	addons.manager	DEBUG	Provider finished startup: LightweightThemeManager
1497414074202	addons.manager	DEBUG	Starting provider: GMPProvider
1497414074209	addons.manager	DEBUG	Registering shutdown blocker for GMPProvider
1497414074209	addons.manager	DEBUG	Provider finished startup: GMPProvider
1497414074209	addons.manager	DEBUG	Starting provider: PluginProvider
1497414074209	addons.manager	DEBUG	Registering shutdown blocker for PluginProvider
1497414074209	addons.manager	DEBUG	Provider finished startup: PluginProvider
1497414074210	addons.manager	DEBUG	Completed startup sequence
1497414079505	addons.manager	DEBUG	Starting provider: <unnamed-provider>
1497414079505	addons.manager	DEBUG	Registering shutdown blocker for <unnamed-provider>
1497414079505	addons.manager	DEBUG	Provider finished startup: <unnamed-provider>
1497414079763	DeferredSave.extensions.json	DEBUG	Write succeeded
1497414079763	addons.xpi-utils	DEBUG	XPI Database saved, setting schema version preference to 19
1497414079763	DeferredSave.extensions.json	DEBUG	Starting timer
1497414079785	DeferredSave.extensions.json	DEBUG	Starting write
1497414079792	addons.repository	DEBUG	No addons.json found.
1497414079792	DeferredSave.addons.json	DEBUG	Save changes
1497414079795	DeferredSave.addons.json	DEBUG	Starting timer
1497414079880	addons.manager	DEBUG	Starting provider: PreviousExperimentProvider
1497414079881	addons.manager	DEBUG	Registering shutdown blocker for PreviousExperimentProvider
1497414079881	addons.manager	DEBUG	Provider finished startup: PreviousExperimentProvider
1497414079883	DeferredSave.addons.json	DEBUG	Starting write
1497414079906	DeferredSave.extensions.json	DEBUG	Write succeeded
1497414079940	DeferredSave.addons.json	DEBUG	Write succeeded

	at org.openqa.selenium.firefox.internal.NewProfileExtensionConnection.start(NewProfileExtensionConnection.java:113)
	at org.openqa.selenium.firefox.FirefoxDriver.startClient(FirefoxDriver.java:271)
	at org.openqa.selenium.remote.RemoteWebDriver.<init>(RemoteWebDriver.java:119)
	at org.openqa.selenium.firefox.FirefoxDriver.<init>(FirefoxDriver.java:216)
	at org.openqa.selenium.firefox.FirefoxDriver.<init>(FirefoxDriver.java:211)
	at org.openqa.selenium.firefox.FirefoxDriver.<init>(FirefoxDriver.java:128)
	at net.serenitybdd.core.webdriver.driverproviders.FirefoxDriverProvider.newFirefoxDriver(FirefoxDriverProvider.java:67)
	at net.serenitybdd.core.webdriver.driverproviders.FirefoxDriverProvider.newInstance(FirefoxDriverProvider.java:51)
	at net.thucydides.core.webdriver.WebDriverFactory.newWebdriverInstance(WebDriverFactory.java:125)
	at net.thucydides.core.webdriver.WebDriverFacade.newDriverInstance(WebDriverFacade.java:144)
	at net.thucydides.core.webdriver.WebDriverFacade.newProxyDriver(WebDriverFacade.java:135)
	at net.thucydides.core.webdriver.WebDriverFacade.getProxiedDriver(WebDriverFacade.java:105)
	at net.thucydides.core.webdriver.WebDriverFacade.openIgnoringHtmlUnitScriptErrors(WebDriverFacade.java:180)
	at net.thucydides.core.webdriver.WebDriverFacade.get(WebDriverFacade.java:175)
	at net.serenitybdd.core.pages.PageObject.openPageAtUrl(PageObject.java:829)
	at net.serenitybdd.core.pages.PageObject.open(PageObject.java:739)
	at net.serenitybdd.core.pages.PageObject.open(PageObject.java:727)
	at realEstate.steps.serenity.EndUserSteps.is_the_home_page(EndUserSteps.java:32)
	at realEstate.steps.serenity.EndUserSteps$$EnhancerByCGLIB$$4ca527d5.CGLIB$is_the_home_page$1(<generated>)
	at realEstate.steps.serenity.EndUserSteps$$EnhancerByCGLIB$$4ca527d5$$FastClassByCGLIB$$56c7ca20.invoke(<generated>)
	at net.sf.cglib.proxy.MethodProxy.invokeSuper(MethodProxy.java:228)
	at net.thucydides.core.steps.StepInterceptor.invokeMethod(StepInterceptor.java:372)
	at net.thucydides.core.steps.StepInterceptor.executeTestStepMethod(StepInterceptor.java:357)
	at net.thucydides.core.steps.StepInterceptor.runTestStep(StepInterceptor.java:332)
	at net.thucydides.core.steps.StepInterceptor.testStepResult(StepInterceptor.java:134)
	at net.thucydides.core.steps.StepInterceptor.intercept(StepInterceptor.java:61)
	at realEstate.steps.serenity.EndUserSteps$$EnhancerByCGLIB$$4ca527d5.is_the_home_page(<generated>)
	at realEstate.steps.DefinitionSteps.givenTheUserIsOnTheWikionaryHomePage(DefinitionSteps.java:17)
	at sun.reflect.NativeMethodAccessorImpl.invoke0(Native Method)
	at sun.reflect.NativeMethodAccessorImpl.invoke(NativeMethodAccessorImpl.java:62)
	at sun.reflect.DelegatingMethodAccessorImpl.invoke(DelegatingMethodAccessorImpl.java:43)
	at java.lang.reflect.Method.invoke(Method.java:497)
	at cucumber.runtime.Utils$1.call(Utils.java:40)
	at cucumber.runtime.Timeout.timeout(Timeout.java:16)
	at cucumber.runtime.Utils.invoke(Utils.java:34)
	at cucumber.runtime.java.JavaStepDefinition.execute(JavaStepDefinition.java:38)
	at cucumber.runtime.StepDefinitionMatch.runStep(StepDefinitionMatch.java:37)
	at cucumber.runtime.Runtime.runStep(Runtime.java:300)
	at cucumber.runtime.model.StepContainer.runStep(StepContainer.java:44)
	at cucumber.runtime.model.StepContainer.runSteps(StepContainer.java:39)
	at cucumber.runtime.model.CucumberScenario.run(CucumberScenario.java:44)
	at cucumber.runtime.junit.ExecutionUnitRunner.run(ExecutionUnitRunner.java:102)
	at cucumber.runtime.junit.FeatureRunner.runChild(FeatureRunner.java:63)
	at cucumber.runtime.junit.FeatureRunner.runChild(FeatureRunner.java:18)
	at org.junit.runners.ParentRunner$3.run(ParentRunner.java:290)
	at org.junit.runners.ParentRunner$1.schedule(ParentRunner.java:71)
	at org.junit.runners.ParentRunner.runChildren(ParentRunner.java:288)
	at org.junit.runners.ParentRunner.access$000(ParentRunner.java:58)
	at org.junit.runners.ParentRunner$2.evaluate(ParentRunner.java:268)
	at org.junit.runners.ParentRunner.run(ParentRunner.java:363)
	at cucumber.runtime.junit.FeatureRunner.run(FeatureRunner.java:70)
	at cucumber.api.junit.Cucumber.runChild(Cucumber.java:95)
	at cucumber.api.junit.Cucumber.runChild(Cucumber.java:38)
	at org.junit.runners.ParentRunner$3.run(ParentRunner.java:290)
	at org.junit.runners.ParentRunner$1.schedule(ParentRunner.java:71)
	at org.junit.runners.ParentRunner.runChildren(ParentRunner.java:288)
	at org.junit.runners.ParentRunner.access$000(ParentRunner.java:58)
	at org.junit.runners.ParentRunner$2.evaluate(ParentRunner.java:268)
	at org.junit.runners.ParentRunner.run(ParentRunner.java:363)
	at cucumber.api.junit.Cucumber.run(Cucumber.java:100)
	at org.apache.maven.surefire.junit4.JUnit4Provider.execute(JUnit4Provider.java:283)
	at org.apache.maven.surefire.junit4.JUnit4Provider.executeWithRerun(JUnit4Provider.java:173)
	at org.apache.maven.surefire.junit4.JUnit4Provider.executeTestSet(JUnit4Provider.java:153)
	at org.apache.maven.surefire.junit4.JUnit4Provider.invoke(JUnit4Provider.java:128)
	at org.apache.maven.surefire.booter.ForkedBooter.invokeProviderInSameClassLoader(ForkedBooter.java:203)
	at org.apache.maven.surefire.booter.ForkedBooter.runSuitesInProcess(ForkedBooter.java:155)
	at org.apache.maven.surefire.booter.ForkedBooter.main(ForkedBooter.java:103)
]]></error>
    <system-err><![CDATA[[main] ERROR net.serenitybdd.core.Serenity - 
           __  _____ _____ ____ _____   _____ _    ___ _     _____ ____  
  _       / / |_   _| ____/ ___|_   _| |  ___/ \  |_ _| |   | ____|  _ \ 
 (_)_____| |    | | |  _| \___ \ | |   | |_ / _ \  | || |   |  _| | | | |
  _|_____| |    | | | |___ ___) || |   |  _/ ___ \ | || |___| |___| |_| |
 (_)     | |    |_| |_____|____/ |_|   |_|/_/   \_\___|_____|_____|____/ 
          \_\                                                            

TEST FAILED WITH ERROR: Looking up the definition of 'apple'
---------------------------------------------------------------------
[main] ERROR net.serenitybdd.core.Serenity - TEST FAILED AT STEP Is the home page
[main] ERROR net.serenitybdd.core.Serenity - Could not instantiate new webdriver instance of type class org.openqa.selenium.firefox.FirefoxDriver (Failed to connect to binary FirefoxBinary(C:\Program Files (x86)\Mozilla Firefox\firefox.exe) on port 7055; process output follows: 
[main] INFO net.serenitybdd.core.Serenity - 
 _____ _____ ____ _____   ____ _____  _    ____ _____ _____ ____  
|_   _| ____/ ___|_   _| / ___|_   _|/ \  |  _ \_   _| ____|  _ \ 
  | | |  _| \___ \ | |   \___ \ | | / _ \ | |_) || | |  _| | | | |
  | | | |___ ___) || |    ___) || |/ ___ \|  _ < | | | |___| |_| |
  |_| |_____|____/ |_|   |____/ |_/_/   \_\_| \_\|_| |_____|____/ 
                                                                  

TEST STARTED: Looking up the definition of 'pear'
-------------------------------------------------------------------
org.openqa.selenium.firefox.NotConnectedException: Unable to connect to host 127.0.0.1 on port 7055 after 45000 ms. Firefox console output:
"userDisabled":false,"appDisabled":false,"descriptor":"C:\\Program Files (x86)\\Mozilla Firefox\\browser\\extensions\\{972ce4c6-7e08-4474-a285-3208198ce6fd}.xpi","installDate":1495380645549,"updateDate":1495380645549,"applyBackgroundUpdates":1,"skinnable":true,"size":8207,"sourceURI":null,"releaseNotesURI":null,"softDisabled":false,"foreignInstall":false,"hasBinaryComponents":false,"strictCompatibility":true,"locales":[],"targetApplications":[{"id":"{ec8030f7-c20a-464f-9b0e-13a3a9e97384}","minVersion":"53.0.3","maxVersion":"53.0.3"}],"targetPlatforms":[],"seen":true,"dependencies":[],"hasEmbeddedWebExtension":false,"userPermissions":null}
1497414074179	addons.xpi	DEBUG	getModTime: Recursive scan of {972ce4c6-7e08-4474-a285-3208198ce6fd}
1497414074180	DeferredSave.extensions.json	DEBUG	Save changes
1497414074180	addons.xpi	DEBUG	Updating database with changes to installed add-ons
1497414074180	addons.xpi-utils	DEBUG	Updating add-on states
1497414074181	addons.xpi-utils	DEBUG	Writing add-ons list
1497414074186	addons.xpi	DEBUG	Registering manifest for C:\Program Files (x86)\Mozilla Firefox\browser\features\aushelper@mozilla.org.xpi
1497414074186	addons.xpi	DEBUG	Calling bootstrap method startup on aushelper@mozilla.org version 2.0
1497414074188	addons.xpi	DEBUG	Registering manifest for C:\Program Files (x86)\Mozilla Firefox\browser\features\e10srollout@mozilla.org.xpi
1497414074190	addons.xpi	DEBUG	Calling bootstrap method startup on e10srollout@mozilla.org version 1.14
1497414074191	addons.xpi	DEBUG	Registering manifest for C:\Program Files (x86)\Mozilla Firefox\browser\features\firefox@getpocket.com.xpi
1497414074192	addons.xpi	DEBUG	Calling bootstrap method startup on firefox@getpocket.com version 1.0.5
1497414074194	addons.xpi	DEBUG	Registering manifest for C:\Program Files (x86)\Mozilla Firefox\browser\features\webcompat@mozilla.org.xpi
1497414074195	addons.xpi	DEBUG	Calling bootstrap method startup on webcompat@mozilla.org version 1.0
1497414074200	addons.manager	DEBUG	Registering shutdown blocker for XPIProvider
1497414074201	addons.manager	DEBUG	Provider finished startup: XPIProvider
1497414074201	addons.manager	DEBUG	Starting provider: LightweightThemeManager
1497414074201	addons.manager	DEBUG	Registering shutdown blocker for LightweightThemeManager
1497414074201	addons.manager	DEBUG	Provider finished startup: LightweightThemeManager
1497414074202	addons.manager	DEBUG	Starting provider: GMPProvider
1497414074209	addons.manager	DEBUG	Registering shutdown blocker for GMPProvider
1497414074209	addons.manager	DEBUG	Provider finished startup: GMPProvider
1497414074209	addons.manager	DEBUG	Starting provider: PluginProvider
1497414074209	addons.manager	DEBUG	Registering shutdown blocker for PluginProvider
1497414074209	addons.manager	DEBUG	Provider finished startup: PluginProvider
1497414074210	addons.manager	DEBUG	Completed startup sequence
1497414079505	addons.manager	DEBUG	Starting provider: <unnamed-provider>
1497414079505	addons.manager	DEBUG	Registering shutdown blocker for <unnamed-provider>
1497414079505	addons.manager	DEBUG	Provider finished startup: <unnamed-provider>
1497414079763	DeferredSave.extensions.json	DEBUG	Write succeeded
1497414079763	addons.xpi-utils	DEBUG	XPI Database saved, setting schema version preference to 19
1497414079763	DeferredSave.extensions.json	DEBUG	Starting timer
1497414079785	DeferredSave.extensions.json	DEBUG	Starting write
1497414079792	addons.repository	DEBUG	No addons.json found.
1497414079792	DeferredSave.addons.json	DEBUG	Save changes
1497414079795	DeferredSave.addons.json	DEBUG	Starting timer
1497414079880	addons.manager	DEBUG	Starting provider: PreviousExperimentProvider
1497414079881	addons.manager	DEBUG	Registering shutdown blocker for PreviousExperimentProvider
1497414079881	addons.manager	DEBUG	Provider finished startup: PreviousExperimentProvider
1497414079883	DeferredSave.addons.json	DEBUG	Starting write
1497414079906	DeferredSave.extensions.json	DEBUG	Write succeeded
1497414079940	DeferredSave.addons.json	DEBUG	Write succeeded

	at org.openqa.selenium.firefox.internal.NewProfileExtensionConnection.start(NewProfileExtensionConnection.java:113)
	at org.openqa.selenium.firefox.FirefoxDriver.startClient(FirefoxDriver.java:271)
	at org.openqa.selenium.remote.RemoteWebDriver.<init>(RemoteWebDriver.java:119)
	at org.openqa.selenium.firefox.FirefoxDriver.<init>(FirefoxDriver.java:216)
	at org.openqa.selenium.firefox.FirefoxDriver.<init>(FirefoxDriver.java:211)
	at org.openqa.selenium.firefox.FirefoxDriver.<init>(FirefoxDriver.java:128)
	at net.serenitybdd.core.webdriver.driverproviders.FirefoxDriverProvider.newFirefoxDriver(FirefoxDriverProvider.java:67)
	at net.serenitybdd.core.webdriver.driverproviders.FirefoxDriverProvider.newInstance(FirefoxDriverProvider.java:51)
	at net.thucydides.core.webdriver.WebDriverFactory.newWebdriverInstance(WebDriverFactory.java:125)
	at net.thucydides.core.webdriver.WebDriverFacade.newDriverInstance(WebDriverFacade.java:144)
	at net.thucydides.core.webdriver.WebDriverFacade.newProxyDriver(WebDriverFacade.java:135)
	at net.thucydides.core.webdriver.WebDriverFacade.getProxiedDriver(WebDriverFacade.java:105)
	at net.thucydides.core.webdriver.WebDriverFacade.openIgnoringHtmlUnitScriptErrors(WebDriverFacade.java:180)
	at net.thucydides.core.webdriver.WebDriverFacade.get(WebDriverFacade.java:175)
	at net.serenitybdd.core.pages.PageObject.openPageAtUrl(PageObject.java:829)
	at net.serenitybdd.core.pages.PageObject.open(PageObject.java:739)
	at net.serenitybdd.core.pages.PageObject.open(PageObject.java:727)
	at realEstate.steps.serenity.EndUserSteps.is_the_home_page(EndUserSteps.java:32)
	at realEstate.steps.serenity.EndUserSteps$$EnhancerByCGLIB$$4ca527d5.CGLIB$is_the_home_page$1(<generated>)
	at realEstate.steps.serenity.EndUserSteps$$EnhancerByCGLIB$$4ca527d5$$FastClassByCGLIB$$56c7ca20.invoke(<generated>)
	at net.sf.cglib.proxy.MethodProxy.invokeSuper(MethodProxy.java:228)
	at net.thucydides.core.steps.StepInterceptor.invokeMethod(StepInterceptor.java:372)
	at net.thucydides.core.steps.StepInterceptor.executeTestStepMethod(StepInterceptor.java:357)
	at net.thucydides.core.steps.StepInterceptor.runTestStep(StepInterceptor.java:332)
	at net.thucydides.core.steps.StepInterceptor.testStepResult(StepInterceptor.java:134)
	at net.thucydides.core.steps.StepInterceptor.intercept(StepInterceptor.java:61)
	at realEstate.steps.serenity.EndUserSteps$$EnhancerByCGLIB$$4ca527d5.is_the_home_page(<generated>)
	at realEstate.steps.DefinitionSteps.givenTheUserIsOnTheWikionaryHomePage(DefinitionSteps.java:17)
	at sun.reflect.NativeMethodAccessorImpl.invoke0(Native Method)
	at sun.reflect.NativeMethodAccessorImpl.invoke(NativeMethodAccessorImpl.java:62)
	at sun.reflect.DelegatingMethodAccessorImpl.invoke(DelegatingMethodAccessorImpl.java:43)
	at java.lang.reflect.Method.invoke(Method.java:497)
	at cucumber.runtime.Utils$1.call(Utils.java:40)
	at cucumber.runtime.Timeout.timeout(Timeout.java:16)
	at cucumber.runtime.Utils.invoke(Utils.java:34)
	at cucumber.runtime.java.JavaStepDefinition.execute(JavaStepDefinition.java:38)
	at cucumber.runtime.StepDefinitionMatch.runStep(StepDefinitionMatch.java:37)
	at cucumber.runtime.Runtime.runStep(Runtime.java:300)
	at cucumber.runtime.model.StepContainer.runStep(StepContainer.java:44)
	at cucumber.runtime.model.StepContainer.runSteps(StepContainer.java:39)
	at cucumber.runtime.model.CucumberScenario.run(CucumberScenario.java:44)
	at cucumber.runtime.junit.ExecutionUnitRunner.run(ExecutionUnitRunner.java:102)
	at cucumber.runtime.junit.FeatureRunner.runChild(FeatureRunner.java:63)
	at cucumber.runtime.junit.FeatureRunner.runChild(FeatureRunner.java:18)
	at org.junit.runners.ParentRunner$3.run(ParentRunner.java:290)
	at org.junit.runners.ParentRunner$1.schedule(ParentRunner.java:71)
	at org.junit.runners.ParentRunner.runChildren(ParentRunner.java:288)
	at org.junit.runners.ParentRunner.access$000(ParentRunner.java:58)
	at org.junit.runners.ParentRunner$2.evaluate(ParentRunner.java:268)
	at org.junit.runners.ParentRunner.run(ParentRunner.java:363)
	at cucumber.runtime.junit.FeatureRunner.run(FeatureRunner.java:70)
	at cucumber.api.junit.Cucumber.runChild(Cucumber.java:95)
	at cucumber.api.junit.Cucumber.runChild(Cucumber.java:38)
	at org.junit.runners.ParentRunner$3.run(ParentRunner.java:290)
	at org.junit.runners.ParentRunner$1.schedule(ParentRunner.java:71)
	at org.junit.runners.ParentRunner.runChildren(ParentRunner.java:288)
	at org.junit.runners.ParentRunner.access$000(ParentRunner.java:58)
	at org.junit.runners.ParentRunner$2.evaluate(ParentRunner.java:268)
	at org.junit.runners.ParentRunner.run(ParentRunner.java:363)
	at cucumber.api.junit.Cucumber.run(Cucumber.java:100)
	at org.apache.maven.surefire.junit4.JUnit4Provider.execute(JUnit4Provider.java:283)
	at org.apache.maven.surefire.junit4.JUnit4Provider.executeWithRerun(JUnit4Provider.java:173)
	at org.apache.maven.surefire.junit4.JUnit4Provider.executeTestSet(JUnit4Provider.java:153)
	at org.apache.maven.surefire.junit4.JUnit4Provider.invoke(JUnit4Provider.java:128)
	at org.apache.maven.surefire.booter.ForkedBooter.invokeProviderInSameClassLoader(ForkedBooter.java:203)
	at org.apache.maven.surefire.booter.ForkedBooter.runSuitesInProcess(ForkedBooter.java:155)
	at org.apache.maven.surefire.booter.ForkedBooter.main(ForkedBooter.java:103)
[main] ERROR net.thucydides.core.webdriver.WebDriverFacade - FAILED TO CREATE NEW WEBDRIVER_DRIVER INSTANCE class org.openqa.selenium.firefox.FirefoxDriver: Could not instantiate new webdriver instance of type class org.openqa.selenium.firefox.FirefoxDriver (Failed to connect to binary FirefoxBinary(C:\Program Files (x86)\Mozilla Firefox\firefox.exe) on port 7055; process output follows: 
"userDisabled":false,"appDisabled":false,"descriptor":"C:\\Program Files (x86)\\Mozilla Firefox\\browser\\extensions\\{972ce4c6-7e08-4474-a285-3208198ce6fd}.xpi","installDate":1495380645549,"updateDate":1495380645549,"applyBackgroundUpdates":1,"skinnable":true,"size":8207,"sourceURI":null,"releaseNotesURI":null,"softDisabled":false,"foreignInstall":false,"hasBinaryComponents":false,"strictCompatibility":true,"locales":[],"targetApplications":[{"id":"{ec8030f7-c20a-464f-9b0e-13a3a9e97384}","minVersion":"53.0.3","maxVersion":"53.0.3"}],"targetPlatforms":[],"seen":true,"dependencies":[],"hasEmbeddedWebExtension":false,"userPermissions":null}
1497414074179	addons.xpi	DEBUG	getModTime: Recursive scan of {972ce4c6-7e08-4474-a285-3208198ce6fd}
1497414074180	DeferredSave.extensions.json	DEBUG	Save changes
1497414074180	addons.xpi	DEBUG	Updating database with changes to installed add-ons
1497414074180	addons.xpi-utils	DEBUG	Updating add-on states
1497414074181	addons.xpi-utils	DEBUG	Writing add-ons list
1497414074186	addons.xpi	DEBUG	Registering manifest for C:\Program Files (x86)\Mozilla Firefox\browser\features\aushelper@mozilla.org.xpi
1497414074186	addons.xpi	DEBUG	Calling bootstrap method startup on aushelper@mozilla.org version 2.0
1497414074188	addons.xpi	DEBUG	Registering manifest for C:\Program Files (x86)\Mozilla Firefox\browser\features\e10srollout@mozilla.org.xpi
1497414074190	addons.xpi	DEBUG	Calling bootstrap method startup on e10srollout@mozilla.org version 1.14
1497414074191	addons.xpi	DEBUG	Registering manifest for C:\Program Files (x86)\Mozilla Firefox\browser\features\firefox@getpocket.com.xpi
1497414074192	addons.xpi	DEBUG	Calling bootstrap method startup on firefox@getpocket.com version 1.0.5
1497414074194	addons.xpi	DEBUG	Registering manifest for C:\Program Files (x86)\Mozilla Firefox\browser\features\webcompat@mozilla.org.xpi
1497414074195	addons.xpi	DEBUG	Calling bootstrap method startup on webcompat@mozilla.org version 1.0
1497414074200	addons.manager	DEBUG	Registering shutdown blocker for XPIProvider
1497414074201	addons.manager	DEBUG	Provider finished startup: XPIProvider
1497414074201	addons.manager	DEBUG	Starting provider: LightweightThemeManager
1497414074201	addons.manager	DEBUG	Registering shutdown blocker for LightweightThemeManager
1497414074201	addons.manager	DEBUG	Provider finished startup: LightweightThemeManager
1497414074202	addons.manager	DEBUG	Starting provider: GMPProvider
1497414074209	addons.manager	DEBUG	Registering shutdown blocker for GMPProvider
1497414074209	addons.manager	DEBUG	Provider finished startup: GMPProvider
1497414074209	addons.manager	DEBUG	Starting provider: PluginProvider
1497414074209	addons.manager	DEBUG	Registering shutdown blocker for PluginProvider
1497414074209	addons.manager	DEBUG	Provider finished startup: PluginProvider
1497414074210	addons.manager	DEBUG	Completed startup sequence
1497414079505	addons.manager	DEBUG	Starting provider: <unnamed-provider>
1497414079505	addons.manager	DEBUG	Registering shutdown blocker for <unnamed-provider>
1497414079505	addons.manager	DEBUG	Provider finished startup: <unnamed-provider>
1497414079763	DeferredSave.extensions.json	DEBUG	Write succeeded
1497414079763	addons.xpi-utils	DEBUG	XPI Database saved, setting schema version preference to 19
1497414079763	DeferredSave.extensions.json	DEBUG	Starting timer
1497414079785	DeferredSave.extensions.json	DEBUG	Starting write
1497414079792	addons.repository	DEBUG	No addons.json found.
1497414079792	DeferredSave.addons.json	DEBUG	Save changes
1497414079795	DeferredSave.addons.json	DEBUG	Starting timer
1497414079880	addons.manager	DEBUG	Starting provider: PreviousExperimentProvider
1497414079881	addons.manager	DEBUG	Registering shutdown blocker for PreviousExperimentProvider
1497414079881	addons.manager	DEBUG	Provider finished startup: PreviousExperimentProvider
1497414079883	DeferredSave.addons.json	DEBUG	Starting write
1497414079906	DeferredSave.extensions.json	DEBUG	Write succeeded
1497414079940	DeferredSave.addons.json	DEBUG	Write succeeded

Build info: version: '2.53.1', revision: 'a36b8b1cd5757287168e54b817830adce9b0158d', time: '2016-06-30 19:26:09'
System info: host: 'DESKTOP-FBGLEMR', ip: '192.168.1.238', os.name: 'Windows 10', os.arch: 'amd64', os.version: '10.0', java.version: '1.8.0_73'
Driver info: driver.version: FirefoxDriver
net.thucydides.core.webdriver.UnsupportedDriverException: Could not instantiate new webdriver instance of type class org.openqa.selenium.firefox.FirefoxDriver (Failed to connect to binary FirefoxBinary(C:\Program Files (x86)\Mozilla Firefox\firefox.exe) on port 7055; process output follows: 
"userDisabled":false,"appDisabled":false,"descriptor":"C:\\Program Files (x86)\\Mozilla Firefox\\browser\\extensions\\{972ce4c6-7e08-4474-a285-3208198ce6fd}.xpi","installDate":1495380645549,"updateDate":1495380645549,"applyBackgroundUpdates":1,"skinnable":true,"size":8207,"sourceURI":null,"releaseNotesURI":null,"softDisabled":false,"foreignInstall":false,"hasBinaryComponents":false,"strictCompatibility":true,"locales":[],"targetApplications":[{"id":"{ec8030f7-c20a-464f-9b0e-13a3a9e97384}","minVersion":"53.0.3","maxVersion":"53.0.3"}],"targetPlatforms":[],"seen":true,"dependencies":[],"hasEmbeddedWebExtension":false,"userPermissions":null}
1497414074179	addons.xpi	DEBUG	getModTime: Recursive scan of {972ce4c6-7e08-4474-a285-3208198ce6fd}
1497414074180	DeferredSave.extensions.json	DEBUG	Save changes
1497414074180	addons.xpi	DEBUG	Updating database with changes to installed add-ons
1497414074180	addons.xpi-utils	DEBUG	Updating add-on states
1497414074181	addons.xpi-utils	DEBUG	Writing add-ons list
1497414074186	addons.xpi	DEBUG	Registering manifest for C:\Program Files (x86)\Mozilla Firefox\browser\features\aushelper@mozilla.org.xpi
1497414074186	addons.xpi	DEBUG	Calling bootstrap method startup on aushelper@mozilla.org version 2.0
1497414074188	addons.xpi	DEBUG	Registering manifest for C:\Program Files (x86)\Mozilla Firefox\browser\features\e10srollout@mozilla.org.xpi
1497414074190	addons.xpi	DEBUG	Calling bootstrap method startup on e10srollout@mozilla.org version 1.14
1497414074191	addons.xpi	DEBUG	Registering manifest for C:\Program Files (x86)\Mozilla Firefox\browser\features\firefox@getpocket.com.xpi
1497414074192	addons.xpi	DEBUG	Calling bootstrap method startup on firefox@getpocket.com version 1.0.5
1497414074194	addons.xpi	DEBUG	Registering manifest for C:\Program Files (x86)\Mozilla Firefox\browser\features\webcompat@mozilla.org.xpi
1497414074195	addons.xpi	DEBUG	Calling bootstrap method startup on webcompat@mozilla.org version 1.0
1497414074200	addons.manager	DEBUG	Registering shutdown blocker for XPIProvider
1497414074201	addons.manager	DEBUG	Provider finished startup: XPIProvider
1497414074201	addons.manager	DEBUG	Starting provider: LightweightThemeManager
1497414074201	addons.manager	DEBUG	Registering shutdown blocker for LightweightThemeManager
1497414074201	addons.manager	DEBUG	Provider finished startup: LightweightThemeManager
1497414074202	addons.manager	DEBUG	Starting provider: GMPProvider
1497414074209	addons.manager	DEBUG	Registering shutdown blocker for GMPProvider
1497414074209	addons.manager	DEBUG	Provider finished startup: GMPProvider
1497414074209	addons.manager	DEBUG	Starting provider: PluginProvider
1497414074209	addons.manager	DEBUG	Registering shutdown blocker for PluginProvider
1497414074209	addons.manager	DEBUG	Provider finished startup: PluginProvider
1497414074210	addons.manager	DEBUG	Completed startup sequence
1497414079505	addons.manager	DEBUG	Starting provider: <unnamed-provider>
1497414079505	addons.manager	DEBUG	Registering shutdown blocker for <unnamed-provider>
1497414079505	addons.manager	DEBUG	Provider finished startup: <unnamed-provider>
1497414079763	DeferredSave.extensions.json	DEBUG	Write succeeded
1497414079763	addons.xpi-utils	DEBUG	XPI Database saved, setting schema version preference to 19
1497414079763	DeferredSave.extensions.json	DEBUG	Starting timer
1497414079785	DeferredSave.extensions.json	DEBUG	Starting write
1497414079792	addons.repository	DEBUG	No addons.json found.
1497414079792	DeferredSave.addons.json	DEBUG	Save changes
1497414079795	DeferredSave.addons.json	DEBUG	Starting timer
1497414079880	addons.manager	DEBUG	Starting provider: PreviousExperimentProvider
1497414079881	addons.manager	DEBUG	Registering shutdown blocker for PreviousExperimentProvider
1497414079881	addons.manager	DEBUG	Provider finished startup: PreviousExperimentProvider
1497414079883	DeferredSave.addons.json	DEBUG	Starting write
1497414079906	DeferredSave.extensions.json	DEBUG	Write succeeded
1497414079940	DeferredSave.addons.json	DEBUG	Write succeeded

Build info: version: '2.53.1', revision: 'a36b8b1cd5757287168e54b817830adce9b0158d', time: '2016-06-30 19:26:09'
System info: host: 'DESKTOP-FBGLEMR', ip: '192.168.1.238', os.name: 'Windows 10', os.arch: 'amd64', os.version: '10.0', java.version: '1.8.0_73'
Driver info: driver.version: FirefoxDriver
	at net.thucydides.core.webdriver.WebDriverFactory.newWebdriverInstance(WebDriverFactory.java:135)
	at net.thucydides.core.webdriver.WebDriverFacade.newDriverInstance(WebDriverFacade.java:144)
	at net.thucydides.core.webdriver.WebDriverFacade.newProxyDriver(WebDriverFacade.java:135)
	at net.thucydides.core.webdriver.WebDriverFacade.getProxiedDriver(WebDriverFacade.java:105)
	at net.thucydides.core.webdriver.WebDriverFacade.openIgnoringHtmlUnitScriptErrors(WebDriverFacade.java:180)
	at net.thucydides.core.webdriver.WebDriverFacade.get(WebDriverFacade.java:175)
	at net.serenitybdd.core.pages.PageObject.openPageAtUrl(PageObject.java:829)
	at net.serenitybdd.core.pages.PageObject.open(PageObject.java:739)
	at net.serenitybdd.core.pages.PageObject.open(PageObject.java:727)
	at realEstate.steps.serenity.EndUserSteps.is_the_home_page(EndUserSteps.java:32)
	at realEstate.steps.serenity.EndUserSteps$$EnhancerByCGLIB$$4ca527d5.CGLIB$is_the_home_page$1(<generated>)
	at realEstate.steps.serenity.EndUserSteps$$EnhancerByCGLIB$$4ca527d5$$FastClassByCGLIB$$56c7ca20.invoke(<generated>)
	at net.sf.cglib.proxy.MethodProxy.invokeSuper(MethodProxy.java:228)
	at net.thucydides.core.steps.StepInterceptor.invokeMethod(StepInterceptor.java:372)
	at net.thucydides.core.steps.StepInterceptor.executeTestStepMethod(StepInterceptor.java:357)
	at net.thucydides.core.steps.StepInterceptor.runTestStep(StepInterceptor.java:332)
	at net.thucydides.core.steps.StepInterceptor.testStepResult(StepInterceptor.java:134)
	at net.thucydides.core.steps.StepInterceptor.intercept(StepInterceptor.java:61)
	at realEstate.steps.serenity.EndUserSteps$$EnhancerByCGLIB$$4ca527d5.is_the_home_page(<generated>)
	at realEstate.steps.DefinitionSteps.givenTheUserIsOnTheWikionaryHomePage(DefinitionSteps.java:17)
	at sun.reflect.NativeMethodAccessorImpl.invoke0(Native Method)
	at sun.reflect.NativeMethodAccessorImpl.invoke(NativeMethodAccessorImpl.java:62)
	at sun.reflect.DelegatingMethodAccessorImpl.invoke(DelegatingMethodAccessorImpl.java:43)
	at java.lang.reflect.Method.invoke(Method.java:497)
	at cucumber.runtime.Utils$1.call(Utils.java:40)
	at cucumber.runtime.Timeout.timeout(Timeout.java:16)
	at cucumber.runtime.Utils.invoke(Utils.java:34)
	at cucumber.runtime.java.JavaStepDefinition.execute(JavaStepDefinition.java:38)
	at cucumber.runtime.StepDefinitionMatch.runStep(StepDefinitionMatch.java:37)
	at cucumber.runtime.Runtime.runStep(Runtime.java:300)
	at cucumber.runtime.model.StepContainer.runStep(StepContainer.java:44)
	at cucumber.runtime.model.StepContainer.runSteps(StepContainer.java:39)
	at cucumber.runtime.model.CucumberScenario.run(CucumberScenario.java:44)
	at cucumber.runtime.junit.ExecutionUnitRunner.run(ExecutionUnitRunner.java:102)
	at cucumber.runtime.junit.FeatureRunner.runChild(FeatureRunner.java:63)
	at cucumber.runtime.junit.FeatureRunner.runChild(FeatureRunner.java:18)
	at org.junit.runners.ParentRunner$3.run(ParentRunner.java:290)
	at org.junit.runners.ParentRunner$1.schedule(ParentRunner.java:71)
	at org.junit.runners.ParentRunner.runChildren(ParentRunner.java:288)
	at org.junit.runners.ParentRunner.access$000(ParentRunner.java:58)
	at org.junit.runners.ParentRunner$2.evaluate(ParentRunner.java:268)
	at org.junit.runners.ParentRunner.run(ParentRunner.java:363)
	at cucumber.runtime.junit.FeatureRunner.run(FeatureRunner.java:70)
	at cucumber.api.junit.Cucumber.runChild(Cucumber.java:95)
	at cucumber.api.junit.Cucumber.runChild(Cucumber.java:38)
	at org.junit.runners.ParentRunner$3.run(ParentRunner.java:290)
	at org.junit.runners.ParentRunner$1.schedule(ParentRunner.java:71)
	at org.junit.runners.ParentRunner.runChildren(ParentRunner.java:288)
	at org.junit.runners.ParentRunner.access$000(ParentRunner.java:58)
	at org.junit.runners.ParentRunner$2.evaluate(ParentRunner.java:268)
	at org.junit.runners.ParentRunner.run(ParentRunner.java:363)
	at cucumber.api.junit.Cucumber.run(Cucumber.java:100)
	at org.apache.maven.surefire.junit4.JUnit4Provider.execute(JUnit4Provider.java:283)
	at org.apache.maven.surefire.junit4.JUnit4Provider.executeWithRerun(JUnit4Provider.java:173)
	at org.apache.maven.surefire.junit4.JUnit4Provider.executeTestSet(JUnit4Provider.java:153)
	at org.apache.maven.surefire.junit4.JUnit4Provider.invoke(JUnit4Provider.java:128)
	at org.apache.maven.surefire.booter.ForkedBooter.invokeProviderInSameClassLoader(ForkedBooter.java:203)
	at org.apache.maven.surefire.booter.ForkedBooter.runSuitesInProcess(ForkedBooter.java:155)
	at org.apache.maven.surefire.booter.ForkedBooter.main(ForkedBooter.java:103)
Caused by: org.openqa.selenium.WebDriverException: Failed to connect to binary FirefoxBinary(C:\Program Files (x86)\Mozilla Firefox\firefox.exe) on port 7055; process output follows: 
"userDisabled":false,"appDisabled":false,"descriptor":"C:\\Program Files (x86)\\Mozilla Firefox\\browser\\extensions\\{972ce4c6-7e08-4474-a285-3208198ce6fd}.xpi","installDate":1495380645549,"updateDate":1495380645549,"applyBackgroundUpdates":1,"skinnable":true,"size":8207,"sourceURI":null,"releaseNotesURI":null,"softDisabled":false,"foreignInstall":false,"hasBinaryComponents":false,"strictCompatibility":true,"locales":[],"targetApplications":[{"id":"{ec8030f7-c20a-464f-9b0e-13a3a9e97384}","minVersion":"53.0.3","maxVersion":"53.0.3"}],"targetPlatforms":[],"seen":true,"dependencies":[],"hasEmbeddedWebExtension":false,"userPermissions":null}
1497414074179	addons.xpi	DEBUG	getModTime: Recursive scan of {972ce4c6-7e08-4474-a285-3208198ce6fd}
1497414074180	DeferredSave.extensions.json	DEBUG	Save changes
1497414074180	addons.xpi	DEBUG	Updating database with changes to installed add-ons
1497414074180	addons.xpi-utils	DEBUG	Updating add-on states
1497414074181	addons.xpi-utils	DEBUG	Writing add-ons list
1497414074186	addons.xpi	DEBUG	Registering manifest for C:\Program Files (x86)\Mozilla Firefox\browser\features\aushelper@mozilla.org.xpi
1497414074186	addons.xpi	DEBUG	Calling bootstrap method startup on aushelper@mozilla.org version 2.0
1497414074188	addons.xpi	DEBUG	Registering manifest for C:\Program Files (x86)\Mozilla Firefox\browser\features\e10srollout@mozilla.org.xpi
1497414074190	addons.xpi	DEBUG	Calling bootstrap method startup on e10srollout@mozilla.org version 1.14
1497414074191	addons.xpi	DEBUG	Registering manifest for C:\Program Files (x86)\Mozilla Firefox\browser\features\firefox@getpocket.com.xpi
1497414074192	addons.xpi	DEBUG	Calling bootstrap method startup on firefox@getpocket.com version 1.0.5
1497414074194	addons.xpi	DEBUG	Registering manifest for C:\Program Files (x86)\Mozilla Firefox\browser\features\webcompat@mozilla.org.xpi
1497414074195	addons.xpi	DEBUG	Calling bootstrap method startup on webcompat@mozilla.org version 1.0
1497414074200	addons.manager	DEBUG	Registering shutdown blocker for XPIProvider
1497414074201	addons.manager	DEBUG	Provider finished startup: XPIProvider
1497414074201	addons.manager	DEBUG	Starting provider: LightweightThemeManager
1497414074201	addons.manager	DEBUG	Registering shutdown blocker for LightweightThemeManager
1497414074201	addons.manager	DEBUG	Provider finished startup: LightweightThemeManager
1497414074202	addons.manager	DEBUG	Starting provider: GMPProvider
1497414074209	addons.manager	DEBUG	Registering shutdown blocker for GMPProvider
1497414074209	addons.manager	DEBUG	Provider finished startup: GMPProvider
1497414074209	addons.manager	DEBUG	Starting provider: PluginProvider
1497414074209	addons.manager	DEBUG	Registering shutdown blocker for PluginProvider
1497414074209	addons.manager	DEBUG	Provider finished startup: PluginProvider
1497414074210	addons.manager	DEBUG	Completed startup sequence
1497414079505	addons.manager	DEBUG	Starting provider: <unnamed-provider>
1497414079505	addons.manager	DEBUG	Registering shutdown blocker for <unnamed-provider>
1497414079505	addons.manager	DEBUG	Provider finished startup: <unnamed-provider>
1497414079763	DeferredSave.extensions.json	DEBUG	Write succeeded
1497414079763	addons.xpi-utils	DEBUG	XPI Database saved, setting schema version preference to 19
1497414079763	DeferredSave.extensions.json	DEBUG	Starting timer
1497414079785	DeferredSave.extensions.json	DEBUG	Starting write
1497414079792	addons.repository	DEBUG	No addons.json found.
1497414079792	DeferredSave.addons.json	DEBUG	Save changes
1497414079795	DeferredSave.addons.json	DEBUG	Starting timer
1497414079880	addons.manager	DEBUG	Starting provider: PreviousExperimentProvider
1497414079881	addons.manager	DEBUG	Registering shutdown blocker for PreviousExperimentProvider
1497414079881	addons.manager	DEBUG	Provider finished startup: PreviousExperimentProvider
1497414079883	DeferredSave.addons.json	DEBUG	Starting write
1497414079906	DeferredSave.extensions.json	DEBUG	Write succeeded
1497414079940	DeferredSave.addons.json	DEBUG	Write succeeded

Build info: version: '2.53.1', revision: 'a36b8b1cd5757287168e54b817830adce9b0158d', time: '2016-06-30 19:26:09'
System info: host: 'DESKTOP-FBGLEMR', ip: '192.168.1.238', os.name: 'Windows 10', os.arch: 'amd64', os.version: '10.0', java.version: '1.8.0_73'
Driver info: driver.version: FirefoxDriver
	at org.openqa.selenium.firefox.internal.NewProfileExtensionConnection.start(NewProfileExtensionConnection.java:125)
	at org.openqa.selenium.firefox.FirefoxDriver.startClient(FirefoxDriver.java:271)
	at org.openqa.selenium.remote.RemoteWebDriver.<init>(RemoteWebDriver.java:119)
	at org.openqa.selenium.firefox.FirefoxDriver.<init>(FirefoxDriver.java:216)
	at org.openqa.selenium.firefox.FirefoxDriver.<init>(FirefoxDriver.java:211)
	at org.openqa.selenium.firefox.FirefoxDriver.<init>(FirefoxDriver.java:128)
	at net.serenitybdd.core.webdriver.driverproviders.FirefoxDriverProvider.newFirefoxDriver(FirefoxDriverProvider.java:67)
	at net.serenitybdd.core.webdriver.driverproviders.FirefoxDriverProvider.newInstance(FirefoxDriverProvider.java:51)
	at net.thucydides.core.webdriver.WebDriverFactory.newWebdriverInstance(WebDriverFactory.java:125)
	... 58 more
Caused by: org.openqa.selenium.firefox.NotConnectedException: Unable to connect to host 127.0.0.1 on port 7055 after 45000 ms. Firefox console output:
"userDisabled":false,"appDisabled":false,"descriptor":"C:\\Program Files (x86)\\Mozilla Firefox\\browser\\extensions\\{972ce4c6-7e08-4474-a285-3208198ce6fd}.xpi","installDate":1495380645549,"updateDate":1495380645549,"applyBackgroundUpdates":1,"skinnable":true,"size":8207,"sourceURI":null,"releaseNotesURI":null,"softDisabled":false,"foreignInstall":false,"hasBinaryComponents":false,"strictCompatibility":true,"locales":[],"targetApplications":[{"id":"{ec8030f7-c20a-464f-9b0e-13a3a9e97384}","minVersion":"53.0.3","maxVersion":"53.0.3"}],"targetPlatforms":[],"seen":true,"dependencies":[],"hasEmbeddedWebExtension":false,"userPermissions":null}
1497414074179	addons.xpi	DEBUG	getModTime: Recursive scan of {972ce4c6-7e08-4474-a285-3208198ce6fd}
1497414074180	DeferredSave.extensions.json	DEBUG	Save changes
1497414074180	addons.xpi	DEBUG	Updating database with changes to installed add-ons
1497414074180	addons.xpi-utils	DEBUG	Updating add-on states
1497414074181	addons.xpi-utils	DEBUG	Writing add-ons list
1497414074186	addons.xpi	DEBUG	Registering manifest for C:\Program Files (x86)\Mozilla Firefox\browser\features\aushelper@mozilla.org.xpi
1497414074186	addons.xpi	DEBUG	Calling bootstrap method startup on aushelper@mozilla.org version 2.0
1497414074188	addons.xpi	DEBUG	Registering manifest for C:\Program Files (x86)\Mozilla Firefox\browser\features\e10srollout@mozilla.org.xpi
1497414074190	addons.xpi	DEBUG	Calling bootstrap method startup on e10srollout@mozilla.org version 1.14
1497414074191	addons.xpi	DEBUG	Registering manifest for C:\Program Files (x86)\Mozilla Firefox\browser\features\firefox@getpocket.com.xpi
1497414074192	addons.xpi	DEBUG	Calling bootstrap method startup on firefox@getpocket.com version 1.0.5
1497414074194	addons.xpi	DEBUG	Registering manifest for C:\Program Files (x86)\Mozilla Firefox\browser\features\webcompat@mozilla.org.xpi
1497414074195	addons.xpi	DEBUG	Calling bootstrap method startup on webcompat@mozilla.org version 1.0
1497414074200	addons.manager	DEBUG	Registering shutdown blocker for XPIProvider
1497414074201	addons.manager	DEBUG	Provider finished startup: XPIProvider
1497414074201	addons.manager	DEBUG	Starting provider: LightweightThemeManager
1497414074201	addons.manager	DEBUG	Registering shutdown blocker for LightweightThemeManager
1497414074201	addons.manager	DEBUG	Provider finished startup: LightweightThemeManager
1497414074202	addons.manager	DEBUG	Starting provider: GMPProvider
1497414074209	addons.manager	DEBUG	Registering shutdown blocker for GMPProvider
1497414074209	addons.manager	DEBUG	Provider finished startup: GMPProvider
1497414074209	addons.manager	DEBUG	Starting provider: PluginProvider
1497414074209	addons.manager	DEBUG	Registering shutdown blocker for PluginProvider
1497414074209	addons.manager	DEBUG	Provider finished startup: PluginProvider
1497414074210	addons.manager	DEBUG	Completed startup sequence
1497414079505	addons.manager	DEBUG	Starting provider: <unnamed-provider>
1497414079505	addons.manager	DEBUG	Registering shutdown blocker for <unnamed-provider>
1497414079505	addons.manager	DEBUG	Provider finished startup: <unnamed-provider>
1497414079763	DeferredSave.extensions.json	DEBUG	Write succeeded
1497414079763	addons.xpi-utils	DEBUG	XPI Database saved, setting schema version preference to 19
1497414079763	DeferredSave.extensions.json	DEBUG	Starting timer
1497414079785	DeferredSave.extensions.json	DEBUG	Starting write
1497414079792	addons.repository	DEBUG	No addons.json found.
1497414079792	DeferredSave.addons.json	DEBUG	Save changes
1497414079795	DeferredSave.addons.json	DEBUG	Starting timer
1497414079880	addons.manager	DEBUG	Starting provider: PreviousExperimentProvider
1497414079881	addons.manager	DEBUG	Registering shutdown blocker for PreviousExperimentProvider
1497414079881	addons.manager	DEBUG	Provider finished startup: PreviousExperimentProvider
1497414079883	DeferredSave.addons.json	DEBUG	Starting write
1497414079906	DeferredSave.extensions.json	DEBUG	Write succeeded
1497414079940	DeferredSave.addons.json	DEBUG	Write succeeded

	at org.openqa.selenium.firefox.internal.NewProfileExtensionConnection.start(NewProfileExtensionConnection.java:113)
	... 66 more
]]></system-err>
  </testcase>
  <testcase name="Scenario: Looking up the definition of &apos;pear&apos;" classname="Scenario: Looking up the definition of &apos;pear&apos;" time="0.001">
    <error message="Could not instantiate class org.openqa.selenium.firefox.FirefoxDriver" type="net.thucydides.core.webdriver.UnsupportedDriverException"><![CDATA[net.thucydides.core.webdriver.UnsupportedDriverException: Could not instantiate class org.openqa.selenium.firefox.FirefoxDriver
	at net.thucydides.core.webdriver.WebDriverFacade.newDriverInstance(WebDriverFacade.java:148)
	at net.thucydides.core.webdriver.WebDriverFacade.newProxyDriver(WebDriverFacade.java:135)
	at net.thucydides.core.webdriver.WebDriverFacade.getProxiedDriver(WebDriverFacade.java:105)
	at net.thucydides.core.webdriver.WebDriverFacade.openIgnoringHtmlUnitScriptErrors(WebDriverFacade.java:180)
	at net.thucydides.core.webdriver.WebDriverFacade.get(WebDriverFacade.java:175)
	at net.serenitybdd.core.pages.PageObject.openPageAtUrl(PageObject.java:829)
	at net.serenitybdd.core.pages.PageObject.open(PageObject.java:739)
	at net.serenitybdd.core.pages.PageObject.open(PageObject.java:727)
	at realEstate.steps.serenity.EndUserSteps.is_the_home_page(EndUserSteps.java:32)
	at realEstate.steps.serenity.EndUserSteps$$EnhancerByCGLIB$$4ca527d5.CGLIB$is_the_home_page$1(<generated>)
	at realEstate.steps.serenity.EndUserSteps$$EnhancerByCGLIB$$4ca527d5$$FastClassByCGLIB$$56c7ca20.invoke(<generated>)
	at net.sf.cglib.proxy.MethodProxy.invokeSuper(MethodProxy.java:228)
	at net.thucydides.core.steps.StepInterceptor.invokeMethod(StepInterceptor.java:372)
	at net.thucydides.core.steps.StepInterceptor.executeTestStepMethod(StepInterceptor.java:357)
	at net.thucydides.core.steps.StepInterceptor.runTestStep(StepInterceptor.java:332)
	at net.thucydides.core.steps.StepInterceptor.testStepResult(StepInterceptor.java:134)
	at net.thucydides.core.steps.StepInterceptor.intercept(StepInterceptor.java:61)
	at realEstate.steps.serenity.EndUserSteps$$EnhancerByCGLIB$$4ca527d5.is_the_home_page(<generated>)
	at realEstate.steps.DefinitionSteps.givenTheUserIsOnTheWikionaryHomePage(DefinitionSteps.java:17)
	at âœ½.Given the user is on the Wikionary home page(src/test/resources/features/consult_dictionary/LookupADefinition.feature:12)
Caused by: net.thucydides.core.webdriver.UnsupportedDriverException: Could not instantiate new webdriver instance of type class org.openqa.selenium.firefox.FirefoxDriver (Failed to connect to binary FirefoxBinary(C:\Program Files (x86)\Mozilla Firefox\firefox.exe) on port 7055; process output follows: 
"userDisabled":false,"appDisabled":false,"descriptor":"C:\\Program Files (x86)\\Mozilla Firefox\\browser\\extensions\\{972ce4c6-7e08-4474-a285-3208198ce6fd}.xpi","installDate":1495380645549,"updateDate":1495380645549,"applyBackgroundUpdates":1,"skinnable":true,"size":8207,"sourceURI":null,"releaseNotesURI":null,"softDisabled":false,"foreignInstall":false,"hasBinaryComponents":false,"strictCompatibility":true,"locales":[],"targetApplications":[{"id":"{ec8030f7-c20a-464f-9b0e-13a3a9e97384}","minVersion":"53.0.3","maxVersion":"53.0.3"}],"targetPlatforms":[],"seen":true,"dependencies":[],"hasEmbeddedWebExtension":false,"userPermissions":null}
1497414074179	addons.xpi	DEBUG	getModTime: Recursive scan of {972ce4c6-7e08-4474-a285-3208198ce6fd}
1497414074180	DeferredSave.extensions.json	DEBUG	Save changes
1497414074180	addons.xpi	DEBUG	Updating database with changes to installed add-ons
1497414074180	addons.xpi-utils	DEBUG	Updating add-on states
1497414074181	addons.xpi-utils	DEBUG	Writing add-ons list
1497414074186	addons.xpi	DEBUG	Registering manifest for C:\Program Files (x86)\Mozilla Firefox\browser\features\aushelper@mozilla.org.xpi
1497414074186	addons.xpi	DEBUG	Calling bootstrap method startup on aushelper@mozilla.org version 2.0
1497414074188	addons.xpi	DEBUG	Registering manifest for C:\Program Files (x86)\Mozilla Firefox\browser\features\e10srollout@mozilla.org.xpi
1497414074190	addons.xpi	DEBUG	Calling bootstrap method startup on e10srollout@mozilla.org version 1.14
1497414074191	addons.xpi	DEBUG	Registering manifest for C:\Program Files (x86)\Mozilla Firefox\browser\features\firefox@getpocket.com.xpi
1497414074192	addons.xpi	DEBUG	Calling bootstrap method startup on firefox@getpocket.com version 1.0.5
1497414074194	addons.xpi	DEBUG	Registering manifest for C:\Program Files (x86)\Mozilla Firefox\browser\features\webcompat@mozilla.org.xpi
1497414074195	addons.xpi	DEBUG	Calling bootstrap method startup on webcompat@mozilla.org version 1.0
1497414074200	addons.manager	DEBUG	Registering shutdown blocker for XPIProvider
1497414074201	addons.manager	DEBUG	Provider finished startup: XPIProvider
1497414074201	addons.manager	DEBUG	Starting provider: LightweightThemeManager
1497414074201	addons.manager	DEBUG	Registering shutdown blocker for LightweightThemeManager
1497414074201	addons.manager	DEBUG	Provider finished startup: LightweightThemeManager
1497414074202	addons.manager	DEBUG	Starting provider: GMPProvider
1497414074209	addons.manager	DEBUG	Registering shutdown blocker for GMPProvider
1497414074209	addons.manager	DEBUG	Provider finished startup: GMPProvider
1497414074209	addons.manager	DEBUG	Starting provider: PluginProvider
1497414074209	addons.manager	DEBUG	Registering shutdown blocker for PluginProvider
1497414074209	addons.manager	DEBUG	Provider finished startup: PluginProvider
1497414074210	addons.manager	DEBUG	Completed startup sequence
1497414079505	addons.manager	DEBUG	Starting provider: <unnamed-provider>
1497414079505	addons.manager	DEBUG	Registering shutdown blocker for <unnamed-provider>
1497414079505	addons.manager	DEBUG	Provider finished startup: <unnamed-provider>
1497414079763	DeferredSave.extensions.json	DEBUG	Write succeeded
1497414079763	addons.xpi-utils	DEBUG	XPI Database saved, setting schema version preference to 19
1497414079763	DeferredSave.extensions.json	DEBUG	Starting timer
1497414079785	DeferredSave.extensions.json	DEBUG	Starting write
1497414079792	addons.repository	DEBUG	No addons.json found.
1497414079792	DeferredSave.addons.json	DEBUG	Save changes
1497414079795	DeferredSave.addons.json	DEBUG	Starting timer
1497414079880	addons.manager	DEBUG	Starting provider: PreviousExperimentProvider
1497414079881	addons.manager	DEBUG	Registering shutdown blocker for PreviousExperimentProvider
1497414079881	addons.manager	DEBUG	Provider finished startup: PreviousExperimentProvider
1497414079883	DeferredSave.addons.json	DEBUG	Starting write
1497414079906	DeferredSave.extensions.json	DEBUG	Write succeeded
1497414079940	DeferredSave.addons.json	DEBUG	Write succeeded

Build info: version: '2.53.1', revision: 'a36b8b1cd5757287168e54b817830adce9b0158d', time: '2016-06-30 19:26:09'
System info: host: 'DESKTOP-FBGLEMR', ip: '192.168.1.238', os.name: 'Windows 10', os.arch: 'amd64', os.version: '10.0', java.version: '1.8.0_73'
Driver info: driver.version: FirefoxDriver
	at net.thucydides.core.webdriver.WebDriverFactory.newWebdriverInstance(WebDriverFactory.java:135)
	at net.thucydides.core.webdriver.WebDriverFacade.newDriverInstance(WebDriverFacade.java:144)
	at net.thucydides.core.webdriver.WebDriverFacade.newProxyDriver(WebDriverFacade.java:135)
	at net.thucydides.core.webdriver.WebDriverFacade.getProxiedDriver(WebDriverFacade.java:105)
	at net.thucydides.core.webdriver.WebDriverFacade.openIgnoringHtmlUnitScriptErrors(WebDriverFacade.java:180)
	at net.thucydides.core.webdriver.WebDriverFacade.get(WebDriverFacade.java:175)
	at net.serenitybdd.core.pages.PageObject.openPageAtUrl(PageObject.java:829)
	at net.serenitybdd.core.pages.PageObject.open(PageObject.java:739)
	at net.serenitybdd.core.pages.PageObject.open(PageObject.java:727)
	at realEstate.steps.serenity.EndUserSteps.is_the_home_page(EndUserSteps.java:32)
	at realEstate.steps.serenity.EndUserSteps$$EnhancerByCGLIB$$4ca527d5.CGLIB$is_the_home_page$1(<generated>)
	at realEstate.steps.serenity.EndUserSteps$$EnhancerByCGLIB$$4ca527d5$$FastClassByCGLIB$$56c7ca20.invoke(<generated>)
	at net.sf.cglib.proxy.MethodProxy.invokeSuper(MethodProxy.java:228)
	at net.thucydides.core.steps.StepInterceptor.invokeMethod(StepInterceptor.java:372)
	at net.thucydides.core.steps.StepInterceptor.executeTestStepMethod(StepInterceptor.java:357)
	at net.thucydides.core.steps.StepInterceptor.runTestStep(StepInterceptor.java:332)
	at net.thucydides.core.steps.StepInterceptor.testStepResult(StepInterceptor.java:134)
	at net.thucydides.core.steps.StepInterceptor.intercept(StepInterceptor.java:61)
	at realEstate.steps.serenity.EndUserSteps$$EnhancerByCGLIB$$4ca527d5.is_the_home_page(<generated>)
	at realEstate.steps.DefinitionSteps.givenTheUserIsOnTheWikionaryHomePage(DefinitionSteps.java:17)
	at sun.reflect.NativeMethodAccessorImpl.invoke0(Native Method)
	at sun.reflect.NativeMethodAccessorImpl.invoke(NativeMethodAccessorImpl.java:62)
	at sun.reflect.DelegatingMethodAccessorImpl.invoke(DelegatingMethodAccessorImpl.java:43)
	at java.lang.reflect.Method.invoke(Method.java:497)
	at cucumber.runtime.Utils$1.call(Utils.java:40)
	at cucumber.runtime.Timeout.timeout(Timeout.java:16)
	at cucumber.runtime.Utils.invoke(Utils.java:34)
	at cucumber.runtime.java.JavaStepDefinition.execute(JavaStepDefinition.java:38)
	at cucumber.runtime.StepDefinitionMatch.runStep(StepDefinitionMatch.java:37)
	at cucumber.runtime.Runtime.runStep(Runtime.java:300)
	at cucumber.runtime.model.StepContainer.runStep(StepContainer.java:44)
	at cucumber.runtime.model.StepContainer.runSteps(StepContainer.java:39)
	at cucumber.runtime.model.CucumberScenario.run(CucumberScenario.java:44)
	at cucumber.runtime.junit.ExecutionUnitRunner.run(ExecutionUnitRunner.java:102)
	at cucumber.runtime.junit.FeatureRunner.runChild(FeatureRunner.java:63)
	at cucumber.runtime.junit.FeatureRunner.runChild(FeatureRunner.java:18)
	at org.junit.runners.ParentRunner$3.run(ParentRunner.java:290)
	at org.junit.runners.ParentRunner$1.schedule(ParentRunner.java:71)
	at org.junit.runners.ParentRunner.runChildren(ParentRunner.java:288)
	at org.junit.runners.ParentRunner.access$000(ParentRunner.java:58)
	at org.junit.runners.ParentRunner$2.evaluate(ParentRunner.java:268)
	at org.junit.runners.ParentRunner.run(ParentRunner.java:363)
	at cucumber.runtime.junit.FeatureRunner.run(FeatureRunner.java:70)
	at cucumber.api.junit.Cucumber.runChild(Cucumber.java:95)
	at cucumber.api.junit.Cucumber.runChild(Cucumber.java:38)
	at org.junit.runners.ParentRunner$3.run(ParentRunner.java:290)
	at org.junit.runners.ParentRunner$1.schedule(ParentRunner.java:71)
	at org.junit.runners.ParentRunner.runChildren(ParentRunner.java:288)
	at org.junit.runners.ParentRunner.access$000(ParentRunner.java:58)
	at org.junit.runners.ParentRunner$2.evaluate(ParentRunner.java:268)
	at org.junit.runners.ParentRunner.run(ParentRunner.java:363)
	at cucumber.api.junit.Cucumber.run(Cucumber.java:100)
	at org.apache.maven.surefire.junit4.JUnit4Provider.execute(JUnit4Provider.java:283)
	at org.apache.maven.surefire.junit4.JUnit4Provider.executeWithRerun(JUnit4Provider.java:173)
	at org.apache.maven.surefire.junit4.JUnit4Provider.executeTestSet(JUnit4Provider.java:153)
	at org.apache.maven.surefire.junit4.JUnit4Provider.invoke(JUnit4Provider.java:128)
	at org.apache.maven.surefire.booter.ForkedBooter.invokeProviderInSameClassLoader(ForkedBooter.java:203)
	at org.apache.maven.surefire.booter.ForkedBooter.runSuitesInProcess(ForkedBooter.java:155)
	at org.apache.maven.surefire.booter.ForkedBooter.main(ForkedBooter.java:103)
Caused by: org.openqa.selenium.WebDriverException: Failed to connect to binary FirefoxBinary(C:\Program Files (x86)\Mozilla Firefox\firefox.exe) on port 7055; process output follows: 
"userDisabled":false,"appDisabled":false,"descriptor":"C:\\Program Files (x86)\\Mozilla Firefox\\browser\\extensions\\{972ce4c6-7e08-4474-a285-3208198ce6fd}.xpi","installDate":1495380645549,"updateDate":1495380645549,"applyBackgroundUpdates":1,"skinnable":true,"size":8207,"sourceURI":null,"releaseNotesURI":null,"softDisabled":false,"foreignInstall":false,"hasBinaryComponents":false,"strictCompatibility":true,"locales":[],"targetApplications":[{"id":"{ec8030f7-c20a-464f-9b0e-13a3a9e97384}","minVersion":"53.0.3","maxVersion":"53.0.3"}],"targetPlatforms":[],"seen":true,"dependencies":[],"hasEmbeddedWebExtension":false,"userPermissions":null}
1497414074179	addons.xpi	DEBUG	getModTime: Recursive scan of {972ce4c6-7e08-4474-a285-3208198ce6fd}
1497414074180	DeferredSave.extensions.json	DEBUG	Save changes
1497414074180	addons.xpi	DEBUG	Updating database with changes to installed add-ons
1497414074180	addons.xpi-utils	DEBUG	Updating add-on states
1497414074181	addons.xpi-utils	DEBUG	Writing add-ons list
1497414074186	addons.xpi	DEBUG	Registering manifest for C:\Program Files (x86)\Mozilla Firefox\browser\features\aushelper@mozilla.org.xpi
1497414074186	addons.xpi	DEBUG	Calling bootstrap method startup on aushelper@mozilla.org version 2.0
1497414074188	addons.xpi	DEBUG	Registering manifest for C:\Program Files (x86)\Mozilla Firefox\browser\features\e10srollout@mozilla.org.xpi
1497414074190	addons.xpi	DEBUG	Calling bootstrap method startup on e10srollout@mozilla.org version 1.14
1497414074191	addons.xpi	DEBUG	Registering manifest for C:\Program Files (x86)\Mozilla Firefox\browser\features\firefox@getpocket.com.xpi
1497414074192	addons.xpi	DEBUG	Calling bootstrap method startup on firefox@getpocket.com version 1.0.5
1497414074194	addons.xpi	DEBUG	Registering manifest for C:\Program Files (x86)\Mozilla Firefox\browser\features\webcompat@mozilla.org.xpi
1497414074195	addons.xpi	DEBUG	Calling bootstrap method startup on webcompat@mozilla.org version 1.0
1497414074200	addons.manager	DEBUG	Registering shutdown blocker for XPIProvider
1497414074201	addons.manager	DEBUG	Provider finished startup: XPIProvider
1497414074201	addons.manager	DEBUG	Starting provider: LightweightThemeManager
1497414074201	addons.manager	DEBUG	Registering shutdown blocker for LightweightThemeManager
1497414074201	addons.manager	DEBUG	Provider finished startup: LightweightThemeManager
1497414074202	addons.manager	DEBUG	Starting provider: GMPProvider
1497414074209	addons.manager	DEBUG	Registering shutdown blocker for GMPProvider
1497414074209	addons.manager	DEBUG	Provider finished startup: GMPProvider
1497414074209	addons.manager	DEBUG	Starting provider: PluginProvider
1497414074209	addons.manager	DEBUG	Registering shutdown blocker for PluginProvider
1497414074209	addons.manager	DEBUG	Provider finished startup: PluginProvider
1497414074210	addons.manager	DEBUG	Completed startup sequence
1497414079505	addons.manager	DEBUG	Starting provider: <unnamed-provider>
1497414079505	addons.manager	DEBUG	Registering shutdown blocker for <unnamed-provider>
1497414079505	addons.manager	DEBUG	Provider finished startup: <unnamed-provider>
1497414079763	DeferredSave.extensions.json	DEBUG	Write succeeded
1497414079763	addons.xpi-utils	DEBUG	XPI Database saved, setting schema version preference to 19
1497414079763	DeferredSave.extensions.json	DEBUG	Starting timer
1497414079785	DeferredSave.extensions.json	DEBUG	Starting write
1497414079792	addons.repository	DEBUG	No addons.json found.
1497414079792	DeferredSave.addons.json	DEBUG	Save changes
1497414079795	DeferredSave.addons.json	DEBUG	Starting timer
1497414079880	addons.manager	DEBUG	Starting provider: PreviousExperimentProvider
1497414079881	addons.manager	DEBUG	Registering shutdown blocker for PreviousExperimentProvider
1497414079881	addons.manager	DEBUG	Provider finished startup: PreviousExperimentProvider
1497414079883	DeferredSave.addons.json	DEBUG	Starting write
1497414079906	DeferredSave.extensions.json	DEBUG	Write succeeded
1497414079940	DeferredSave.addons.json	DEBUG	Write succeeded

Build info: version: '2.53.1', revision: 'a36b8b1cd5757287168e54b817830adce9b0158d', time: '2016-06-30 19:26:09'
System info: host: 'DESKTOP-FBGLEMR', ip: '192.168.1.238', os.name: 'Windows 10', os.arch: 'amd64', os.version: '10.0', java.version: '1.8.0_73'
Driver info: driver.version: FirefoxDriver
	at org.openqa.selenium.firefox.internal.NewProfileExtensionConnection.start(NewProfileExtensionConnection.java:125)
	at org.openqa.selenium.firefox.FirefoxDriver.startClient(FirefoxDriver.java:271)
	at org.openqa.selenium.remote.RemoteWebDriver.<init>(RemoteWebDriver.java:119)
	at org.openqa.selenium.firefox.FirefoxDriver.<init>(FirefoxDriver.java:216)
	at org.openqa.selenium.firefox.FirefoxDriver.<init>(FirefoxDriver.java:211)
	at org.openqa.selenium.firefox.FirefoxDriver.<init>(FirefoxDriver.java:128)
	at net.serenitybdd.core.webdriver.driverproviders.FirefoxDriverProvider.newFirefoxDriver(FirefoxDriverProvider.java:67)
	at net.serenitybdd.core.webdriver.driverproviders.FirefoxDriverProvider.newInstance(FirefoxDriverProvider.java:51)
	at net.thucydides.core.webdriver.WebDriverFactory.newWebdriverInstance(WebDriverFactory.java:125)
	at net.thucydides.core.webdriver.WebDriverFacade.newDriverInstance(WebDriverFacade.java:144)
	at net.thucydides.core.webdriver.WebDriverFacade.newProxyDriver(WebDriverFacade.java:135)
	at net.thucydides.core.webdriver.WebDriverFacade.getProxiedDriver(WebDriverFacade.java:105)
	at net.thucydides.core.webdriver.WebDriverFacade.openIgnoringHtmlUnitScriptErrors(WebDriverFacade.java:180)
	at net.thucydides.core.webdriver.WebDriverFacade.get(WebDriverFacade.java:175)
	at net.serenitybdd.core.pages.PageObject.openPageAtUrl(PageObject.java:829)
	at net.serenitybdd.core.pages.PageObject.open(PageObject.java:739)
	at net.serenitybdd.core.pages.PageObject.open(PageObject.java:727)
	at realEstate.steps.serenity.EndUserSteps.is_the_home_page(EndUserSteps.java:32)
	at realEstate.steps.serenity.EndUserSteps$$EnhancerByCGLIB$$4ca527d5.CGLIB$is_the_home_page$1(<generated>)
	at realEstate.steps.serenity.EndUserSteps$$EnhancerByCGLIB$$4ca527d5$$FastClassByCGLIB$$56c7ca20.invoke(<generated>)
	at net.sf.cglib.proxy.MethodProxy.invokeSuper(MethodProxy.java:228)
	at net.thucydides.core.steps.StepInterceptor.invokeMethod(StepInterceptor.java:372)
	at net.thucydides.core.steps.StepInterceptor.executeTestStepMethod(StepInterceptor.java:357)
	at net.thucydides.core.steps.StepInterceptor.runTestStep(StepInterceptor.java:332)
	at net.thucydides.core.steps.StepInterceptor.testStepResult(StepInterceptor.java:134)
	at net.thucydides.core.steps.StepInterceptor.intercept(StepInterceptor.java:61)
	at realEstate.steps.serenity.EndUserSteps$$EnhancerByCGLIB$$4ca527d5.is_the_home_page(<generated>)
	at realEstate.steps.DefinitionSteps.givenTheUserIsOnTheWikionaryHomePage(DefinitionSteps.java:17)
	at sun.reflect.NativeMethodAccessorImpl.invoke0(Native Method)
	at sun.reflect.NativeMethodAccessorImpl.invoke(NativeMethodAccessorImpl.java:62)
	at sun.reflect.DelegatingMethodAccessorImpl.invoke(DelegatingMethodAccessorImpl.java:43)
	at java.lang.reflect.Method.invoke(Method.java:497)
	at cucumber.runtime.Utils$1.call(Utils.java:40)
	at cucumber.runtime.Timeout.timeout(Timeout.java:16)
	at cucumber.runtime.Utils.invoke(Utils.java:34)
	at cucumber.runtime.java.JavaStepDefinition.execute(JavaStepDefinition.java:38)
	at cucumber.runtime.StepDefinitionMatch.runStep(StepDefinitionMatch.java:37)
	at cucumber.runtime.Runtime.runStep(Runtime.java:300)
	at cucumber.runtime.model.StepContainer.runStep(StepContainer.java:44)
	at cucumber.runtime.model.StepContainer.runSteps(StepContainer.java:39)
	at cucumber.runtime.model.CucumberScenario.run(CucumberScenario.java:44)
	at cucumber.runtime.junit.ExecutionUnitRunner.run(ExecutionUnitRunner.java:102)
	at cucumber.runtime.junit.FeatureRunner.runChild(FeatureRunner.java:63)
	at cucumber.runtime.junit.FeatureRunner.runChild(FeatureRunner.java:18)
	at org.junit.runners.ParentRunner$3.run(ParentRunner.java:290)
	at org.junit.runners.ParentRunner$1.schedule(ParentRunner.java:71)
	at org.junit.runners.ParentRunner.runChildren(ParentRunner.java:288)
	at org.junit.runners.ParentRunner.access$000(ParentRunner.java:58)
	at org.junit.runners.ParentRunner$2.evaluate(ParentRunner.java:268)
	at org.junit.runners.ParentRunner.run(ParentRunner.java:363)
	at cucumber.runtime.junit.FeatureRunner.run(FeatureRunner.java:70)
	at cucumber.api.junit.Cucumber.runChild(Cucumber.java:95)
	at cucumber.api.junit.Cucumber.runChild(Cucumber.java:38)
	at org.junit.runners.ParentRunner$3.run(ParentRunner.java:290)
	at org.junit.runners.ParentRunner$1.schedule(ParentRunner.java:71)
	at org.junit.runners.ParentRunner.runChildren(ParentRunner.java:288)
	at org.junit.runners.ParentRunner.access$000(ParentRunner.java:58)
	at org.junit.runners.ParentRunner$2.evaluate(ParentRunner.java:268)
	at org.junit.runners.ParentRunner.run(ParentRunner.java:363)
	at cucumber.api.junit.Cucumber.run(Cucumber.java:100)
	at org.apache.maven.surefire.junit4.JUnit4Provider.execute(JUnit4Provider.java:283)
	at org.apache.maven.surefire.junit4.JUnit4Provider.executeWithRerun(JUnit4Provider.java:173)
	at org.apache.maven.surefire.junit4.JUnit4Provider.executeTestSet(JUnit4Provider.java:153)
	at org.apache.maven.surefire.junit4.JUnit4Provider.invoke(JUnit4Provider.java:128)
	at org.apache.maven.surefire.booter.ForkedBooter.invokeProviderInSameClassLoader(ForkedBooter.java:203)
	at org.apache.maven.surefire.booter.ForkedBooter.runSuitesInProcess(ForkedBooter.java:155)
	at org.apache.maven.surefire.booter.ForkedBooter.main(ForkedBooter.java:103)
Caused by: org.openqa.selenium.firefox.NotConnectedException: Unable to connect to host 127.0.0.1 on port 7055 after 45000 ms. Firefox console output:
"userDisabled":false,"appDisabled":false,"descriptor":"C:\\Program Files (x86)\\Mozilla Firefox\\browser\\extensions\\{972ce4c6-7e08-4474-a285-3208198ce6fd}.xpi","installDate":1495380645549,"updateDate":1495380645549,"applyBackgroundUpdates":1,"skinnable":true,"size":8207,"sourceURI":null,"releaseNotesURI":null,"softDisabled":false,"foreignInstall":false,"hasBinaryComponents":false,"strictCompatibility":true,"locales":[],"targetApplications":[{"id":"{ec8030f7-c20a-464f-9b0e-13a3a9e97384}","minVersion":"53.0.3","maxVersion":"53.0.3"}],"targetPlatforms":[],"seen":true,"dependencies":[],"hasEmbeddedWebExtension":false,"userPermissions":null}
1497414074179	addons.xpi	DEBUG	getModTime: Recursive scan of {972ce4c6-7e08-4474-a285-3208198ce6fd}
1497414074180	DeferredSave.extensions.json	DEBUG	Save changes
1497414074180	addons.xpi	DEBUG	Updating database with changes to installed add-ons
1497414074180	addons.xpi-utils	DEBUG	Updating add-on states
1497414074181	addons.xpi-utils	DEBUG	Writing add-ons list
1497414074186	addons.xpi	DEBUG	Registering manifest for C:\Program Files (x86)\Mozilla Firefox\browser\features\aushelper@mozilla.org.xpi
1497414074186	addons.xpi	DEBUG	Calling bootstrap method startup on aushelper@mozilla.org version 2.0
1497414074188	addons.xpi	DEBUG	Registering manifest for C:\Program Files (x86)\Mozilla Firefox\browser\features\e10srollout@mozilla.org.xpi
1497414074190	addons.xpi	DEBUG	Calling bootstrap method startup on e10srollout@mozilla.org version 1.14
1497414074191	addons.xpi	DEBUG	Registering manifest for C:\Program Files (x86)\Mozilla Firefox\browser\features\firefox@getpocket.com.xpi
1497414074192	addons.xpi	DEBUG	Calling bootstrap method startup on firefox@getpocket.com version 1.0.5
1497414074194	addons.xpi	DEBUG	Registering manifest for C:\Program Files (x86)\Mozilla Firefox\browser\features\webcompat@mozilla.org.xpi
1497414074195	addons.xpi	DEBUG	Calling bootstrap method startup on webcompat@mozilla.org version 1.0
1497414074200	addons.manager	DEBUG	Registering shutdown blocker for XPIProvider
1497414074201	addons.manager	DEBUG	Provider finished startup: XPIProvider
1497414074201	addons.manager	DEBUG	Starting provider: LightweightThemeManager
1497414074201	addons.manager	DEBUG	Registering shutdown blocker for LightweightThemeManager
1497414074201	addons.manager	DEBUG	Provider finished startup: LightweightThemeManager
1497414074202	addons.manager	DEBUG	Starting provider: GMPProvider
1497414074209	addons.manager	DEBUG	Registering shutdown blocker for GMPProvider
1497414074209	addons.manager	DEBUG	Provider finished startup: GMPProvider
1497414074209	addons.manager	DEBUG	Starting provider: PluginProvider
1497414074209	addons.manager	DEBUG	Registering shutdown blocker for PluginProvider
1497414074209	addons.manager	DEBUG	Provider finished startup: PluginProvider
1497414074210	addons.manager	DEBUG	Completed startup sequence
1497414079505	addons.manager	DEBUG	Starting provider: <unnamed-provider>
1497414079505	addons.manager	DEBUG	Registering shutdown blocker for <unnamed-provider>
1497414079505	addons.manager	DEBUG	Provider finished startup: <unnamed-provider>
1497414079763	DeferredSave.extensions.json	DEBUG	Write succeeded
1497414079763	addons.xpi-utils	DEBUG	XPI Database saved, setting schema version preference to 19
1497414079763	DeferredSave.extensions.json	DEBUG	Starting timer
1497414079785	DeferredSave.extensions.json	DEBUG	Starting write
1497414079792	addons.repository	DEBUG	No addons.json found.
1497414079792	DeferredSave.addons.json	DEBUG	Save changes
1497414079795	DeferredSave.addons.json	DEBUG	Starting timer
1497414079880	addons.manager	DEBUG	Starting provider: PreviousExperimentProvider
1497414079881	addons.manager	DEBUG	Registering shutdown blocker for PreviousExperimentProvider
1497414079881	addons.manager	DEBUG	Provider finished startup: PreviousExperimentProvider
1497414079883	DeferredSave.addons.json	DEBUG	Starting write
1497414079906	DeferredSave.extensions.json	DEBUG	Write succeeded
1497414079940	DeferredSave.addons.json	DEBUG	Write succeeded

	at org.openqa.selenium.firefox.internal.NewProfileExtensionConnection.start(NewProfileExtensionConnection.java:113)
	at org.openqa.selenium.firefox.FirefoxDriver.startClient(FirefoxDriver.java:271)
	at org.openqa.selenium.remote.RemoteWebDriver.<init>(RemoteWebDriver.java:119)
	at org.openqa.selenium.firefox.FirefoxDriver.<init>(FirefoxDriver.java:216)
	at org.openqa.selenium.firefox.FirefoxDriver.<init>(FirefoxDriver.java:211)
	at org.openqa.selenium.firefox.FirefoxDriver.<init>(FirefoxDriver.java:128)
	at net.serenitybdd.core.webdriver.driverproviders.FirefoxDriverProvider.newFirefoxDriver(FirefoxDriverProvider.java:67)
	at net.serenitybdd.core.webdriver.driverproviders.FirefoxDriverProvider.newInstance(FirefoxDriverProvider.java:51)
	at net.thucydides.core.webdriver.WebDriverFactory.newWebdriverInstance(WebDriverFactory.java:125)
	at net.thucydides.core.webdriver.WebDriverFacade.newDriverInstance(WebDriverFacade.java:144)
	at net.thucydides.core.webdriver.WebDriverFacade.newProxyDriver(WebDriverFacade.java:135)
	at net.thucydides.core.webdriver.WebDriverFacade.getProxiedDriver(WebDriverFacade.java:105)
	at net.thucydides.core.webdriver.WebDriverFacade.openIgnoringHtmlUnitScriptErrors(WebDriverFacade.java:180)
	at net.thucydides.core.webdriver.WebDriverFacade.get(WebDriverFacade.java:175)
	at net.serenitybdd.core.pages.PageObject.openPageAtUrl(PageObject.java:829)
	at net.serenitybdd.core.pages.PageObject.open(PageObject.java:739)
	at net.serenitybdd.core.pages.PageObject.open(PageObject.java:727)
	at realEstate.steps.serenity.EndUserSteps.is_the_home_page(EndUserSteps.java:32)
	at realEstate.steps.serenity.EndUserSteps$$EnhancerByCGLIB$$4ca527d5.CGLIB$is_the_home_page$1(<generated>)
	at realEstate.steps.serenity.EndUserSteps$$EnhancerByCGLIB$$4ca527d5$$FastClassByCGLIB$$56c7ca20.invoke(<generated>)
	at net.sf.cglib.proxy.MethodProxy.invokeSuper(MethodProxy.java:228)
	at net.thucydides.core.steps.StepInterceptor.invokeMethod(StepInterceptor.java:372)
	at net.thucydides.core.steps.StepInterceptor.executeTestStepMethod(StepInterceptor.java:357)
	at net.thucydides.core.steps.StepInterceptor.runTestStep(StepInterceptor.java:332)
	at net.thucydides.core.steps.StepInterceptor.testStepResult(StepInterceptor.java:134)
	at net.thucydides.core.steps.StepInterceptor.intercept(StepInterceptor.java:61)
	at realEstate.steps.serenity.EndUserSteps$$EnhancerByCGLIB$$4ca527d5.is_the_home_page(<generated>)
	at realEstate.steps.DefinitionSteps.givenTheUserIsOnTheWikionaryHomePage(DefinitionSteps.java:17)
	at sun.reflect.NativeMethodAccessorImpl.invoke0(Native Method)
	at sun.reflect.NativeMethodAccessorImpl.invoke(NativeMethodAccessorImpl.java:62)
	at sun.reflect.DelegatingMethodAccessorImpl.invoke(DelegatingMethodAccessorImpl.java:43)
	at java.lang.reflect.Method.invoke(Method.java:497)
	at cucumber.runtime.Utils$1.call(Utils.java:40)
	at cucumber.runtime.Timeout.timeout(Timeout.java:16)
	at cucumber.runtime.Utils.invoke(Utils.java:34)
	at cucumber.runtime.java.JavaStepDefinition.execute(JavaStepDefinition.java:38)
	at cucumber.runtime.StepDefinitionMatch.runStep(StepDefinitionMatch.java:37)
	at cucumber.runtime.Runtime.runStep(Runtime.java:300)
	at cucumber.runtime.model.StepContainer.runStep(StepContainer.java:44)
	at cucumber.runtime.model.StepContainer.runSteps(StepContainer.java:39)
	at cucumber.runtime.model.CucumberScenario.run(CucumberScenario.java:44)
	at cucumber.runtime.junit.ExecutionUnitRunner.run(ExecutionUnitRunner.java:102)
	at cucumber.runtime.junit.FeatureRunner.runChild(FeatureRunner.java:63)
	at cucumber.runtime.junit.FeatureRunner.runChild(FeatureRunner.java:18)
	at org.junit.runners.ParentRunner$3.run(ParentRunner.java:290)
	at org.junit.runners.ParentRunner$1.schedule(ParentRunner.java:71)
	at org.junit.runners.ParentRunner.runChildren(ParentRunner.java:288)
	at org.junit.runners.ParentRunner.access$000(ParentRunner.java:58)
	at org.junit.runners.ParentRunner$2.evaluate(ParentRunner.java:268)
	at org.junit.runners.ParentRunner.run(ParentRunner.java:363)
	at cucumber.runtime.junit.FeatureRunner.run(FeatureRunner.java:70)
	at cucumber.api.junit.Cucumber.runChild(Cucumber.java:95)
	at cucumber.api.junit.Cucumber.runChild(Cucumber.java:38)
	at org.junit.runners.ParentRunner$3.run(ParentRunner.java:290)
	at org.junit.runners.ParentRunner$1.schedule(ParentRunner.java:71)
	at org.junit.runners.ParentRunner.runChildren(ParentRunner.java:288)
	at org.junit.runners.ParentRunner.access$000(ParentRunner.java:58)
	at org.junit.runners.ParentRunner$2.evaluate(ParentRunner.java:268)
	at org.junit.runners.ParentRunner.run(ParentRunner.java:363)
	at cucumber.api.junit.Cucumber.run(Cucumber.java:100)
	at org.apache.maven.surefire.junit4.JUnit4Provider.execute(JUnit4Provider.java:283)
	at org.apache.maven.surefire.junit4.JUnit4Provider.executeWithRerun(JUnit4Provider.java:173)
	at org.apache.maven.surefire.junit4.JUnit4Provider.executeTestSet(JUnit4Provider.java:153)
	at org.apache.maven.surefire.junit4.JUnit4Provider.invoke(JUnit4Provider.java:128)
	at org.apache.maven.surefire.booter.ForkedBooter.invokeProviderInSameClassLoader(ForkedBooter.java:203)
	at org.apache.maven.surefire.booter.ForkedBooter.runSuitesInProcess(ForkedBooter.java:155)
	at org.apache.maven.surefire.booter.ForkedBooter.main(ForkedBooter.java:103)
]]></error>
  </testcase>
  <testcase name="When the user looks up the definition of the word &apos;pear&apos;" classname="Scenario: Looking up the definition of &apos;pear&apos;" time="0">
    <skipped/>
  </testcase>
  <testcase name="Then they should see the definition &apos;An edible fruit produced by the pear tree, similar to an apple but elongated towards the stem.&apos;" classname="Scenario: Looking up the definition of &apos;pear&apos;" time="0">
    <skipped/>
  </testcase>
</testsuite>